2018-07-25 10:00:06 INFO  /home/ktian/kundajelab/tfnet/scripts/run_tfmodisco.py scores/hyp_scores_task_ subset_nobg.fa subset_nobg.tsv 5
2018-07-25 10:00:07 DEBUG $HOME=/home/ktian
2018-07-25 10:00:07 DEBUG matplotlib data path /home/ktian/anaconda3/envs/modisco_dev/lib/python2.7/site-packages/matplotlib/mpl-data
2018-07-25 10:00:07 DEBUG loaded rc file /home/ktian/anaconda3/envs/modisco_dev/lib/python2.7/site-packages/matplotlib/mpl-data/matplotlibrc
2018-07-25 10:00:07 DEBUG matplotlib version 2.2.2
2018-07-25 10:00:07 DEBUG interactive is False
2018-07-25 10:00:07 DEBUG platform is linux2
2018-07-25 10:00:07 DEBUG loaded modules: ['numpy.testing.nose_tools.nosetester', 'heapq', 'numpy.core.info', 'distutils', 'functools', 'random', 'unittest.types', 'datetime', 'sysconfig', 'json.encoder', 'select', 'gc', 'numpy.lib.numpy', 'distutils.sysconfig', 'ctypes._endian', 'encodings.encodings', 'unittest.pprint', 'matplotlib.colors', 'numpy.core.numerictypes', 'numpy._distributor_init', 'numpy.random.mtrand', 'logging.weakref', 'numpy.matrixlib.defmatrix', 'numpy.random.info', 'tempfile', 'pprint', 'numpy.linalg', 'mkl_fft', 'imp', 'numpy.testing', 'collections', 'logging.thread', 'unittest.sys', 'numpy.core.umath', 'unittest.main', 'distutils.types', 'numpy.lib._version', 'zipimport', 'string', 'json.struct', 'numpy.linalg.info', 'numpy.polynomial._polybase', 'unittest.functools', 'numpy.lib.arraysetops', 'matplotlib.compat', 'encodings.utf_8', 'unittest.util', 'numpy.version', 'distutils.re', 'ctypes.os', 'numpy.core.machar', 'numpy.lib.type_check', 'httplib', 'unittest.StringIO', 'bisect', 'numpy.core._internal', 'signal', 'numpy.random.operator', 'numpy.lib._datasource', 'unittest.re', 'threading', 'token', 'numpy.fft.fftpack_lite', 'json.scanner', 'matplotlib.cbook', '_cython_0_27_3', 'textwrap', 'numpy.core.multiarray', 'cycler', 'numpy.lib', 'numpy.linalg._umath_linalg', 'decimal', 'json.json', 'dis', 'distutils.version', 'cStringIO', 'google', 'logging.threading', 'unittest.time', 'locale', 'numpy.add_newdocs', 'logging.os', 'unittest.difflib', 'numpy.core.getlimits', 'base64', 'atexit', 'pyparsing', 'matplotlib.compat.subprocess', 'encodings', 'matplotlib.cbook.warnings', 'matplotlib._color_data', 'matplotlib.cbook.deprecation', 'logging.traceback', 'matplotlib.cbook.textwrap', 'abc', 'numpy.matrixlib', 'numpy.ma.extras', 'numpy.testing.decorators', 'numpy._globals', 'rfc822', 'numpy.lib.npyio', 'backports', 'matplotlib.sys', 'numpy.random.threading', 're', 'numpy.lib.mixins', '_posixsubprocess32', 'numpy.polynomial.legendre', 'mkl_fft._pydfti', 'numpy.core.shape_base', 'math', 'numpy.fft.helper', 'fcntl', 'unittest.case', 'matplotlib.fontconfig_pattern', 'mpl_toolkits', 'dateutil', 'ast', 'UserDict', 'unittest.suite', 'inspect', 'distutils.os', 'matplotlib', 'fnmatch', '_hashlib', 'ctypes', '_ctypes', 'ctypes.struct', 'codecs', 'backports.functools_lru_cache', 'logging.sys', '_json', 'numpy.os', 'unittest.loader', 'struct', '_functools', '_locale', 'logging', 'socket', 'thread', 'StringIO', 'numpy.core.memmap', 'pickle', 'traceback', 'cython_runtime', 'numpy.lib.info', 'weakref', 'itertools', 'numpy.ctypes', 'opcode', 'numpy.linalg.lapack_lite', 'numpy.ma', 'distutils.sys', 'os', 'marshal', 'mimetools', '__future__', 'six.moves', '_collections', 'urllib', '_sre', 'unittest', 'numpy.random', '__builtin__', 'numpy._mklinit', 'numpy.lib.twodim_base', 'numpy.polynomial', 'unittest.runner', 'operator', 'array', 'numpy.core.arrayprint', 'distutils.string', 'numpy.compat.py3k', 'ctypes._ctypes', '_heapq', 'ctypes.sys', 'six.moves.urllib', 'unittest.collections', 'posixpath', 'numpy.lib.financial', 'numpy.fft.fftpack', 'errno', 'mkl_fft._numpy_fft', '_socket', 'binascii', 'json', 'sre_constants', 'matplotlib.cbook.functools', 'logging.codecs', 'numpy.core._methods', 'os.path', 'numpy.core.function_base', 'tokenize', 'numpy.lib.stride_tricks', 'matplotlib.json', 'numpy', '_warnings', 'numpy.polynomial.chebyshev', 'numpy.testing.nose_tools.utils', 'json.re', 'cPickle', 'encodings.__builtin__', 'numpy.polynomial.hermite_e', '_codecs', 'subprocess32', 'unittest.fnmatch', 'numpy.polynomial.polynomial', 'numpy.__config__', 'encodings.ascii', 'pwd', 'mkl_fft.numpy', 'numpy.ma.core', 'numpy.testing.utils', 'logging.atexit', 'matplotlib.cbook._backports', 'numpy.lib.ufunclike', 'copy', '_sysconfigdata', '_struct', 'numpy.core.fromnumeric', 'hashlib', 'numpy.ctypeslib', 'matplotlib._version', '_ast', 'keyword', 'numpy.lib.scimath', 'numpy.fft', 'zlib', 'numpy.lib.nanfunctions', 'numpy.random.numpy', 'unittest.weakref', 'logging.time', 'numpy.core.multiarray_tests', '_bisect', 'numpy.polynomial.hermite', 'posix', 'encodings.aliases', 'numpy.lib.function_base', 'exceptions', 'sre_parse', 'json._json', 'logging.warnings', 'numpy.random.warnings', 'distutils.distutils', 'unittest.signal', 'copy_reg', 'sre_compile', 'json.sys', 'logging.cStringIO', '_random', 'site', 'numpy.lib.polynomial', 'numpy.compat', 'numpy._import_tools', 'logging.collections', 'backports_abc', 'contextlib', 'numbers', 'io', '__main__', 'numpy.fft.info', 'numpy.core.records', 'shutil', 'numpy.sys', 'numpy.polynomial.polyutils', 'urlparse', 'dateutil._version', 'unittest.result', 'strop', 'grp', 'linecache', 'numpy.core.numeric', 'six', 'encodings.codecs', 'six.moves.urllib.request', '_abcoll', 'matplotlib.testing', 'numpy.core', 'matplotlib.rcsetup', 'genericpath', 'stat', '_ssl', 'numpy.lib._iotools', 'numpy.lib.index_tricks', 'warnings', 'numpy.lib.utils', 'numpy.core.defchararray', 'glob', 'numpy.lib.shape_base', 'urllib2', 'unittest.signals', 'sys', 'unittest.traceback', 'numpy.polynomial.laguerre', 'numpy.compat._inspect', 'numpy.core.einsumfunc', 'ctypes.ctypes', 'numpy.lib.format', 'numpy.lib.arrayterator', 'numpy.testing.nosetester', 'types', 'bz2', 'future_builtins', 'ssl', 'numpy.testing.nose_tools', 'numpy.lib.arraypad', '_weakref', 'numpy.testing.nose_tools.decorators', 'difflib', 'distutils.errors', '_io', '_weakrefset', 'json.decoder', 'unittest.warnings', 'time', 'gzip', 'numpy.linalg.linalg', 'unittest.os']
Using cuDNN version 7001 on context None
Mapped name None to device cuda0: GeForce GTX TITAN X (0000:08:00.0)
2018-07-25 10:00:16 DEBUG Theano version:1.0.2
2018-07-25 10:00:16 DEBUG 2.7.15 |Anaconda, Inc.| (default, May  1 2018, 23:32:55) 
[GCC 7.2.0]
2018-07-25 10:00:16 DEBUG method file prefix is scores/hyp_scores_task_, input seq file is subset_nobg.fa, input tsv is subset_nobg.tsv, number of tasks is 5
2018-07-25 10:00:16 DEBUG lenth of sequences = 9476
2018-07-25 10:00:18 DEBUG merged overlaps based on in_tsv subset_nobg.tsv, 9476 seqs merged into 966 seqs, max len 1704
2018-07-25 10:00:18 DEBUG shape of hyp_score (460, 4)
2018-07-25 10:00:18 DEBUG shape of score (460, 4)
2018-07-25 10:00:19 DEBUG merged overlaps based on in_tsv subset_nobg.tsv, 9476 seqs merged into 966 seqs, max len 1704
2018-07-25 10:00:19 DEBUG shape of hyp_score (460, 4)
2018-07-25 10:00:19 DEBUG shape of score (460, 4)
2018-07-25 10:00:19 DEBUG merged overlaps based on in_tsv subset_nobg.tsv, 9476 seqs merged into 966 seqs, max len 1704
2018-07-25 10:00:20 DEBUG shape of hyp_score (460, 4)
2018-07-25 10:00:20 DEBUG shape of score (460, 4)
2018-07-25 10:00:20 DEBUG merged overlaps based on in_tsv subset_nobg.tsv, 9476 seqs merged into 966 seqs, max len 1704
2018-07-25 10:00:20 DEBUG shape of hyp_score (460, 4)
2018-07-25 10:00:20 DEBUG shape of score (460, 4)
2018-07-25 10:00:20 DEBUG merged overlaps based on in_tsv subset_nobg.tsv, 9476 seqs merged into 966 seqs, max len 1704
2018-07-25 10:00:21 DEBUG shape of hyp_score (460, 4)
2018-07-25 10:00:21 DEBUG shape of score (460, 4)
On task task0
Computing windowed sums
Computing threshold
2018-07-25 10:00:22 DEBUG CACHEDIR=/home/ktian/.cache/matplotlib
2018-07-25 10:00:22 DEBUG Using fontManager instance from /home/ktian/.cache/matplotlib/fontList.json
2018-07-25 10:00:22 DEBUG backend agg version v2.2
2018-07-25 10:00:23 DEBUG findfont: Matching :family=sans-serif:style=normal:variant=normal:weight=normal:stretch=normal:size=10.0 to DejaVu Sans (u'/home/ktian/anaconda3/envs/tfenv/lib/python2.7/site-packages/matplotlib/mpl-data/fonts/ttf/DejaVuSans.ttf') with score of 0.050000
Lablace_b: 0.19254377468765263 and 0.5869620269752059
Thresholds: -1.5149227070031763 and 5.940914163617501
#fdrs pass: 0 and 1692
CDFs: 0.9996171775185086 and 0.9999597927219135
Est. FDRs: 1.0 and 0.009978224994308851
saving plot to figures/laplace_0.png
Got 120 coords
On task task1
Computing windowed sums
Computing threshold
Lablace_b: 0.15264468404497866 and 0.6581186562983689
Thresholds: -1.2140934591231458 and 7.348473728627764
#fdrs pass: 0 and 637
CDFs: 0.9996486481824869 and 0.9999858511848987
Est. FDRs: 1.0 and 0.009969220076908885
saving plot to figures/laplace_1.png
Got 71 coords
On task task2
Computing windowed sums
Computing threshold
Lablace_b: 0.12356036315673438 and 0.6895885284483023
Thresholds: -0.7328474009617434 and 6.4233672157620845
#fdrs pass: 0 and 0
CDFs: 0.9973444091626049 and 0.9999099173148241
Est. FDRs: 1.0 and 1.0
saving plot to figures/laplace_2.png
Got 1 coords
On task task3
Computing windowed sums
Computing threshold
Lablace_b: 0.19941859978885917 and 0.512843272683237
Thresholds: -1.436586507456377 and 5.196984661330932
#fdrs pass: 0 and 1599
CDFs: 0.9992563010240387 and 0.9999602805807404
Est. FDRs: 1.0 and 0.009996384842152048
saving plot to figures/laplace_3.png
Got 115 coords
On task task4
Computing windowed sums
Computing threshold
Lablace_b: 0.1524307664803145 and 0.6164113611543907
Thresholds: -1.1515376261435486 and 6.439778136314514
#fdrs pass: 0 and 1296
CDFs: 0.9994762499906235 and 0.9999709708105688
Est. FDRs: 1.0 and 0.009996658321568474
saving plot to figures/laplace_4.png
Got 102 coords
After resolving overlaps, got 123 seqlets
Across all tasks, the weakest laplace threshold used was: 0.9973444091626049
123 identified in total
1 activity patterns with support >= 100 out of 243 possible patterns
Metacluster sizes:  [120]
Idx to activities:  {0: '1,1,0,1,1'}
On metacluster 0
Metacluster size 120
Relevant tasks:  ('task0', 'task1', 'task3', 'task4')
Relevant signs:  (1, 1, 1, 1)
(Round 1) num seqlets: 120
(Round 1) Computing coarse affmat
Beginning embedding computation
Computing embeddings
Finished embedding computation in 0.12 s
Starting affinity matrix computations
Normalization computed in 0.02 s
Cosine similarity mat computed in 0.03 s
Normalization computed in 0.01 s
Cosine similarity mat computed in 0.02 s
Finished affinity matrix computations in 0.05 s
(Round 1) Compute nearest neighbors from coarse affmat
Computed nearest neighbors in 0.0 s
(Round 1) Computing affinity matrix on nearest neighbors
Launching nearest neighbors affmat calculation job
Job completed in: 2.62 s
Launching nearest neighbors affmat calculation job
Job completed in: 2.05 s
(Round 1) Computed affinity matrix on nearest neighbors in 4.93 s
Filtered down to 120 of 120
(Round 1) Retained 120 rows out of 120 after filtering
(Round 1) Computing density adapted affmat
[t-SNE] Computing 31 nearest neighbors...
[t-SNE] Indexed 120 samples in 0.000s...
[t-SNE] Computed neighbors for 120 samples in 0.001s...
[t-SNE] Computed conditional probabilities for sample 120 / 120
[t-SNE] Mean sigma: 0.197089
(Round 1) Computing clustering
Beginning preprocessing + Louvain
Wrote graph to binary file in 0.00597500801086 seconds
Running Louvain modularity optimization
[Parallel(n_jobs=20)]: Done  10 tasks      | elapsed:    0.2s
[Parallel(n_jobs=20)]: Done 200 out of 200 | elapsed:    1.2s finished
Louvain completed 200 runs in 1.96878910065 seconds
Wrote graph to binary file in 0.00688481330872 seconds
Running Louvain modularity optimization
After 1 runs, maximum modularity is Q = 0.769611
Louvain completed 51 runs in 4.15826511383 seconds
Preproc + Louvain took 6.15126299858 s
Got 5 clusters after round 1
Counts:
{0: 29, 1: 27, 2: 22, 3: 21, 4: 21}
(Round 1) Aggregating seqlets in each cluster
Aggregating for cluster 0 with 29 seqlets
Trimmed 9 out of 29
Aggregating for cluster 1 with 27 seqlets
Trimmed 5 out of 27
Aggregating for cluster 2 with 22 seqlets
Trimmed 2 out of 22
Aggregating for cluster 3 with 21 seqlets
Trimmed 2 out of 21
Aggregating for cluster 4 with 21 seqlets
Trimmed 0 out of 21
Got 5 clusters
Splitting into subclusters...
Merging on 5 clusters
On merging iteration 1
Computing pattern to seqlet distances
Computing pattern to pattern distances
Collapsing 1 & 3 with prob 0.0015867401226659422 and sim 3.9256810426273563
Collapsing 3 & 4 with prob 3.364268683703416e-05 and sim 3.8847997301585675
Collapsing 1 & 2 with prob 1.8406362987659952e-05 and sim 3.8645937690602885
Collapsing 0 & 3 with prob 2.45070345820861e-06 and sim 3.853862040006967
Collapsing 0 & 1 with prob 8.200772415384711e-06 and sim 3.8443256308954608
Collapsing 1 & 4 with prob 2.0537468096454458e-05 and sim 3.843845987875898
Collapsing 0 & 2 with prob 0.00023810887440291797 and sim 3.8347452469687235
Collapsing 2 & 3 with prob 1.8804499432897232e-06 and sim 3.825831391187703
Trimmed 0 out of 41
Trimmed 0 out of 62
Trimmed 0 out of 82
Trimmed 0 out of 102
On merging iteration 2
Computing pattern to seqlet distances
Computing pattern to pattern distances
Got 1 patterns after merging
Performing seqlet reassignment
Got 1 patterns after reassignment
Total time taken is 21.17s
2018-07-25 10:01:05 DEBUG **************** workflow done *********************
2018-07-25 10:01:05 DEBUG **************** result saved *********************
