2018-09-19 23:25:19 INFO  /home/ktian/kundajelab/tfnet/scripts/run_pipeline.py --tfs SP1 --end-task 10 --start 10
2018-09-19 23:25:19 DEBUG tf=SP1, num_tasks=10 start=10 end=100
rm: cannot remove 'config/hyperparameter_configs_list.yaml': No such file or directory
2018-09-19 23:25:19 INFO  python $TFNET_ROOT/scripts/prepare_data_pf.py --tfs SP1 --no-bg True --stride 10 --hdf5 True  > logs/pre_prepare.txt 2>&1
mv: cannot stat '_tmp_*': No such file or directory
mv: cannot stat '_tmp_*': No such file or directory
2018-09-20 08:09:58 INFO  /home/ktian/kundajelab/tfnet/scripts/pick_summit.py --tfs SP1
/home/ktian/kundajelab/tfnet/ENCODE_data/HepG2-SP1-human-ENCSR334KIQ-optimal_idr.narrowPeak.gz
/home/ktian/kundajelab/tfnet/ENCODE_data/GM12878-SP1-human-ENCSR000BHK-optimal_idr.narrowPeak.gz
/home/ktian/kundajelab/tfnet/ENCODE_data/HEK293T-SP1-human-ENCSR906PEI-optimal_idr.narrowPeak.gz
/home/ktian/kundajelab/tfnet/ENCODE_data/HepG2-SP1-human-ENCSR000BJX-optimal_idr.narrowPeak.gz
/home/ktian/kundajelab/tfnet/ENCODE_data/liver-SP1-human-ENCSR085IXF-optimal_idr.narrowPeak.gz
/home/ktian/kundajelab/tfnet/ENCODE_data/K562-SP1-human-ENCSR991ELG-optimal_idr.narrowPeak.gz
/home/ktian/kundajelab/tfnet/ENCODE_data/A549-SP1-human-ENCSR000BPE-optimal_idr.narrowPeak.gz
/home/ktian/kundajelab/tfnet/ENCODE_data/liver-SP1-human-ENCSR386YIH-optimal_idr.narrowPeak.gz
/home/ktian/kundajelab/tfnet/ENCODE_data/H1-hESC-SP1-human-ENCSR000BIR-optimal_idr.narrowPeak.gz
/home/ktian/kundajelab/tfnet/ENCODE_data/MCF-7-SP1-human-ENCSR729LGA-optimal_idr.narrowPeak.gz
mv: cannot stat 'counts.tsv': No such file or directory
paste: model_files/counts.tsv: No such file or directory
step 20 prepare for pre_train done
('momma_dragonn_train returned ', 0)
step 30 pre_train done
step 40 prepare_data done
('momma_dragonn_train returned ', 0)
step 50 training done
step 60 testing done
step 70 deeplift done
