2018-08-01 15:28:35 INFO  /home/ktian/kundajelab/tfnet/scripts/prepare_data.py CTCF --no-bg
/home/ktian/kundajelab/tfnet/ENCODE_data/myotube-CTCF-human-ENCSR000ANS-optimal_idr.narrowPeak.gz
/home/ktian/kundajelab/tfnet/ENCODE_data/LNCAP-CTCF-human-ENCSR315NAC-optimal_idr.narrowPeak.gz
/home/ktian/kundajelab/tfnet/ENCODE_data/22Rv1-CTCF-human-ENCSR847XGE-optimal_idr.narrowPeak.gz
/home/ktian/kundajelab/tfnet/ENCODE_data/GM23338-CTCF-human-ENCSR987GXT-optimal_idr.narrowPeak.gz
/home/ktian/kundajelab/tfnet/ENCODE_data/liver-CTCF-human-ENCSR254YRM-optimal_idr.narrowPeak.gz
/home/ktian/kundajelab/tfnet/ENCODE_data/neutrophil-CTCF-human-ENCSR785YRL-optimal_idr.narrowPeak.gz
/home/ktian/kundajelab/tfnet/ENCODE_data/choroid_plexus_epithelial_cell-CTCF-human-ENCSR000DTL-optimal_idr.narrowPeak.gz
/home/ktian/kundajelab/tfnet/ENCODE_data/GM12873-CTCF-human-ENCSR000DRP-optimal_idr.narrowPeak.gz
/home/ktian/kundajelab/tfnet/ENCODE_data/AG04450-CTCF-human-ENCSR000DPM-optimal_idr.narrowPeak.gz
/home/ktian/kundajelab/tfnet/ENCODE_data/MCF-7-CTCF-human-ENCSR000DMS-optimal_idr.narrowPeak.gz
/home/ktian/kundajelab/tfnet/ENCODE_data/fibroblast_of_mammary_gland-CTCF-human-ENCSR000DUU-optimal_idr.narrowPeak.gz
/home/ktian/kundajelab/tfnet/ENCODE_data/RWPE1-CTCF-human-ENCSR303GFI-optimal_idr.narrowPeak.gz
/home/ktian/kundajelab/tfnet/ENCODE_data/bronchial_epithelial_cell-CTCF-human-ENCSR000DXI-optimal_idr.narrowPeak.gz
/home/ktian/kundajelab/tfnet/ENCODE_data/GM12878-CTCF-human-ENCSR000DKV-optimal_idr.narrowPeak.gz
/home/ktian/kundajelab/tfnet/ENCODE_data/AG09309-CTCF-human-ENCSR000DPP-optimal_idr.narrowPeak.gz
/home/ktian/kundajelab/tfnet/ENCODE_data/lung-CTCF-human-ENCSR000DMH-optimal_idr.narrowPeak.gz
/home/ktian/kundajelab/tfnet/ENCODE_data/epithelial_cell_of_proximal_tubule-CTCF-human-ENCSR000DXD-optimal_idr.narrowPeak.gz
/home/ktian/kundajelab/tfnet/ENCODE_data/PC-9-CTCF-human-ENCSR243INX-optimal_idr.narrowPeak.gz
/home/ktian/kundajelab/tfnet/ENCODE_data/IMR-90-CTCF-human-ENCSR000EFI-optimal_idr.narrowPeak.gz
/home/ktian/kundajelab/tfnet/ENCODE_data/MCF-7-CTCF-human-ENCSR560BUE-optimal_idr.narrowPeak.gz
/home/ktian/kundajelab/tfnet/ENCODE_data/C4-2B-CTCF-human-ENCSR460LGH-optimal_idr.narrowPeak.gz
/home/ktian/kundajelab/tfnet/ENCODE_data/GM12878-CTCF-human-ENCSR000DRZ-optimal_idr.narrowPeak.gz
/home/ktian/kundajelab/tfnet/ENCODE_data/Ishikawa-CTCF-human-ENCSR000BQE-optimal_idr.narrowPeak.gz
/home/ktian/kundajelab/tfnet/ENCODE_data/foreskin_keratinocyte-CTCF-human-ENCSR817HTJ-optimal_idr.narrowPeak.gz
/home/ktian/kundajelab/tfnet/ENCODE_data/HepG2-CTCF-human-ENCSR000BIE-optimal_idr.narrowPeak.gz
/home/ktian/kundajelab/tfnet/ENCODE_data/OCI-LY1-CTCF-human-ENCSR072EUE-optimal_idr.narrowPeak.gz
/home/ktian/kundajelab/tfnet/ENCODE_data/hepatocyte-CTCF-human-ENCSR252QYR-optimal_idr.narrowPeak.gz
/home/ktian/kundajelab/tfnet/ENCODE_data/mammary_epithelial_cell-CTCF-human-ENCSR000DUS-optimal_idr.narrowPeak.gz
/home/ktian/kundajelab/tfnet/ENCODE_data/VCaP-CTCF-human-ENCSR265ARE-optimal_idr.narrowPeak.gz
/home/ktian/kundajelab/tfnet/ENCODE_data/A549-CTCF-human-ENCSR000AUE-optimal_idr.narrowPeak.gz
/home/ktian/kundajelab/tfnet/ENCODE_data/LNCaP_clone_FGC-CTCF-human-ENCSR000DMF-optimal_idr.narrowPeak.gz
/home/ktian/kundajelab/tfnet/ENCODE_data/smooth_muscle_cell-CTCF-human-ENCSR261VAS-optimal_idr.narrowPeak.gz
/home/ktian/kundajelab/tfnet/ENCODE_data/brain_microvascular_endothelial_cell-CTCF-human-ENCSR000DTA-optimal_idr.narrowPeak.gz
/home/ktian/kundajelab/tfnet/ENCODE_data/GM12801-CTCF-human-ENCSR000DQY-optimal_idr.narrowPeak.gz
/home/ktian/kundajelab/tfnet/ENCODE_data/HeLa-S3-CTCF-human-ENCSR000AOA-optimal_idr.narrowPeak.gz
/home/ktian/kundajelab/tfnet/ENCODE_data/HCT116-CTCF-human-ENCSR000DTO-optimal_idr.narrowPeak.gz
/home/ktian/kundajelab/tfnet/ENCODE_data/GM12865-CTCF-human-ENCSR000DRE-optimal_idr.narrowPeak.gz
/home/ktian/kundajelab/tfnet/ENCODE_data/spleen-CTCF-human-ENCSR000DNI-optimal_idr.narrowPeak.gz
/home/ktian/kundajelab/tfnet/ENCODE_data/NCI-H929-CTCF-human-ENCSR634OAQ-optimal_idr.narrowPeak.gz
/home/ktian/kundajelab/tfnet/ENCODE_data/kidney_epithelial_cell-CTCF-human-ENCSR000DVH-optimal_idr.narrowPeak.gz
/home/ktian/kundajelab/tfnet/ENCODE_data/astrocyte_of_the_cerebellum-CTCF-human-ENCSR000DSZ-optimal_idr.narrowPeak.gz
/home/ktian/kundajelab/tfnet/ENCODE_data/A549-CTCF-human-ENCSR000DYD-optimal_idr.narrowPeak.gz
/home/ktian/kundajelab/tfnet/ENCODE_data/22Rv1-CTCF-human-ENCSR857PBV-optimal_idr.narrowPeak.gz
/home/ktian/kundajelab/tfnet/ENCODE_data/A549-CTCF-human-ENCSR000DNA-optimal_idr.narrowPeak.gz
/home/ktian/kundajelab/tfnet/ENCODE_data/HepG2-CTCF-human-ENCSR000DLS-optimal_idr.narrowPeak.gz
/home/ktian/kundajelab/tfnet/ENCODE_data/BJ-CTCF-human-ENCSR000DQI-optimal_idr.narrowPeak.gz
/home/ktian/kundajelab/tfnet/ENCODE_data/bipolar_neuron-CTCF-human-ENCSR619IUE-optimal_idr.narrowPeak.gz
/home/ktian/kundajelab/tfnet/ENCODE_data/Panc1-CTCF-human-ENCSR203QEB-optimal_idr.narrowPeak.gz
/home/ktian/kundajelab/tfnet/ENCODE_data/osteoblast-CTCF-human-ENCSR000APF-optimal_idr.narrowPeak.gz
/home/ktian/kundajelab/tfnet/ENCODE_data/GM06990-CTCF-human-ENCSR000DQW-optimal_idr.narrowPeak.gz
/home/ktian/kundajelab/tfnet/ENCODE_data/Caco-2-CTCF-human-ENCSR000DQN-optimal_idr.narrowPeak.gz
/home/ktian/kundajelab/tfnet/ENCODE_data/HCT116-CTCF-human-ENCSR000BSE-optimal_idr.narrowPeak.gz
/home/ktian/kundajelab/tfnet/ENCODE_data/epithelial_cell_of_esophagus-CTCF-human-ENCSR000DTR-optimal_idr.narrowPeak.gz
/home/ktian/kundajelab/tfnet/ENCODE_data/MCF-7-CTCF-human-ENCSR000DWH-optimal_idr.narrowPeak.gz
/home/ktian/kundajelab/tfnet/ENCODE_data/fibroblast_of_lung-CTCF-human-ENCSR000DWY-optimal_idr.narrowPeak.gz
/home/ktian/kundajelab/tfnet/ENCODE_data/GM12878-CTCF-human-ENCSR000DZN-optimal_idr.narrowPeak.gz
/home/ktian/kundajelab/tfnet/ENCODE_data/H1-hESC-CTCF-human-ENCSR000BNH-optimal_idr.narrowPeak.gz
/home/ktian/kundajelab/tfnet/ENCODE_data/K562-CTCF-human-ENCSR000EGM-optimal_idr.narrowPeak.gz
/home/ktian/kundajelab/tfnet/ENCODE_data/foreskin_keratinocyte-CTCF-human-ENCSR812FNU-optimal_idr.narrowPeak.gz
/home/ktian/kundajelab/tfnet/ENCODE_data/BE2C-CTCF-human-ENCSR000DQD-optimal_idr.narrowPeak.gz
/home/ktian/kundajelab/tfnet/ENCODE_data/GM20000-CTCF-human-ENCSR000DLG-optimal_idr.narrowPeak.gz
/home/ktian/kundajelab/tfnet/ENCODE_data/neural_cell-CTCF-human-ENCSR822CEA-optimal_idr.narrowPeak.gz
/home/ktian/kundajelab/tfnet/ENCODE_data/keratinocyte-CTCF-human-ENCSR000DNC-optimal_idr.narrowPeak.gz
/home/ktian/kundajelab/tfnet/ENCODE_data/A673-CTCF-human-ENCSR611JJS-optimal_idr.narrowPeak.gz
/home/ktian/kundajelab/tfnet/ENCODE_data/SU-DHL-6-CTCF-human-ENCSR125DKL-optimal_idr.narrowPeak.gz
/home/ktian/kundajelab/tfnet/ENCODE_data/SK-N-SH-CTCF-human-ENCSR000DXQ-optimal_idr.narrowPeak.gz
/home/ktian/kundajelab/tfnet/ENCODE_data/HeLa-S3-CTCF-human-ENCSR000DUB-optimal_idr.narrowPeak.gz
/home/ktian/kundajelab/tfnet/ENCODE_data/astrocyte_of_the_spinal_cord-CTCF-human-ENCSR000DSU-optimal_idr.narrowPeak.gz
/home/ktian/kundajelab/tfnet/ENCODE_data/MCF-7-CTCF-human-ENCSR000DMO-optimal_idr.narrowPeak.gz
/home/ktian/kundajelab/tfnet/ENCODE_data/OCI-LY3-CTCF-human-ENCSR756ZKG-optimal_idr.narrowPeak.gz
/home/ktian/kundajelab/tfnet/ENCODE_data/fibroblast_of_pulmonary_artery-CTCF-human-ENCSR000DUX-optimal_idr.narrowPeak.gz
/home/ktian/kundajelab/tfnet/ENCODE_data/HEK293-CTCF-human-ENCSR000DTW-optimal_idr.narrowPeak.gz
/home/ktian/kundajelab/tfnet/ENCODE_data/foreskin_keratinocyte-CTCF-human-ENCSR036EGV-optimal_idr.narrowPeak.gz
/home/ktian/kundajelab/tfnet/ENCODE_data/GM10266-CTCF-human-ENCSR000DKR-optimal_idr.narrowPeak.gz
/home/ktian/kundajelab/tfnet/ENCODE_data/GM13976-CTCF-human-ENCSR000DKZ-optimal_idr.narrowPeak.gz
/home/ktian/kundajelab/tfnet/ENCODE_data/fibroblast_of_villous_mesenchyme-CTCF-human-ENCSR000DVQ-optimal_idr.narrowPeak.gz
/home/ktian/kundajelab/tfnet/ENCODE_data/HL-60-CTCF-human-ENCSR000DUP-optimal_idr.narrowPeak.gz
/home/ktian/kundajelab/tfnet/ENCODE_data/cardiac_muscle_cell-CTCF-human-ENCSR000DTI-optimal_idr.narrowPeak.gz
/home/ktian/kundajelab/tfnet/ENCODE_data/WERI-Rb-1-CTCF-human-ENCSR000DXW-optimal_idr.narrowPeak.gz
/home/ktian/kundajelab/tfnet/ENCODE_data/endothelial_cell_of_umbilical_vein-CTCF-human-ENCSR000DLW-optimal_idr.narrowPeak.gz
/home/ktian/kundajelab/tfnet/ENCODE_data/MCF-7-CTCF-human-ENCSR000DMR-optimal_idr.narrowPeak.gz
/home/ktian/kundajelab/tfnet/ENCODE_data/K562-CTCF-human-ENCSR000DWE-optimal_idr.narrowPeak.gz
/home/ktian/kundajelab/tfnet/ENCODE_data/K562-CTCF-human-ENCSR000DMA-optimal_idr.narrowPeak.gz
/home/ktian/kundajelab/tfnet/ENCODE_data/GM12875-CTCF-human-ENCSR000DRU-optimal_idr.narrowPeak.gz
/home/ktian/kundajelab/tfnet/ENCODE_data/fibroblast_of_lung-CTCF-human-ENCSR000DVA-optimal_idr.narrowPeak.gz
/home/ktian/kundajelab/tfnet/ENCODE_data/neural_progenitor_cell-CTCF-human-ENCSR125NBL-optimal_idr.narrowPeak.gz
/home/ktian/kundajelab/tfnet/ENCODE_data/K562-CTCF-human-ENCSR000BPJ-optimal_idr.narrowPeak.gz
/home/ktian/kundajelab/tfnet/ENCODE_data/OCI-LY7-CTCF-human-ENCSR027HML-optimal_idr.narrowPeak.gz
/home/ktian/kundajelab/tfnet/ENCODE_data/AG09319-CTCF-human-ENCSR000DPS-optimal_idr.narrowPeak.gz
/home/ktian/kundajelab/tfnet/ENCODE_data/AG04449-CTCF-human-ENCSR000DPG-optimal_idr.narrowPeak.gz
/home/ktian/kundajelab/tfnet/ENCODE_data/epithelial_cell_of_prostate-CTCF-human-ENCSR196HOM-optimal_idr.narrowPeak.gz
/home/ktian/kundajelab/tfnet/ENCODE_data/SK-N-SH-CTCF-human-ENCSR541AMF-optimal_idr.narrowPeak.gz
/home/ktian/kundajelab/tfnet/ENCODE_data/foreskin_fibroblast-CTCF-human-ENCSR000DUH-optimal_idr.narrowPeak.gz
/home/ktian/kundajelab/tfnet/ENCODE_data/H54-CTCF-human-ENCSR000DKN-optimal_idr.narrowPeak.gz
/home/ktian/kundajelab/tfnet/ENCODE_data/LNCAP-CTCF-human-ENCSR673WZL-optimal_idr.narrowPeak.gz
/home/ktian/kundajelab/tfnet/ENCODE_data/B_cell-CTCF-human-ENCSR000AUV-optimal_idr.narrowPeak.gz
/home/ktian/kundajelab/tfnet/ENCODE_data/medulloblastoma-CTCF-human-ENCSR000DMY-optimal_idr.narrowPeak.gz
/home/ktian/kundajelab/tfnet/ENCODE_data/KMS-11-CTCF-human-ENCSR430YRJ-optimal_idr.narrowPeak.gz
/home/ktian/kundajelab/tfnet/ENCODE_data/DOHH2-CTCF-human-ENCSR084RDK-optimal_idr.narrowPeak.gz
/home/ktian/kundajelab/tfnet/ENCODE_data/AG10803-CTCF-human-ENCSR000DPV-optimal_idr.narrowPeak.gz
/home/ktian/kundajelab/tfnet/ENCODE_data/HFF-Myc-CTCF-human-ENCSR000DUM-optimal_idr.narrowPeak.gz
/home/ktian/kundajelab/tfnet/ENCODE_data/WI38-CTCF-human-ENCSR000DYB-optimal_idr.narrowPeak.gz
/home/ktian/kundajelab/tfnet/ENCODE_data/foreskin_fibroblast-CTCF-human-ENCSR000DWQ-optimal_idr.narrowPeak.gz
/home/ktian/kundajelab/tfnet/ENCODE_data/MCF-7-CTCF-human-ENCSR000AHD-optimal_idr.narrowPeak.gz
/home/ktian/kundajelab/tfnet/ENCODE_data/GM23338-CTCF-human-ENCSR932ZMX-optimal_idr.narrowPeak.gz
/home/ktian/kundajelab/tfnet/ENCODE_data/HCT116-CTCF-human-ENCSR240PRQ-optimal_idr.narrowPeak.gz
/home/ktian/kundajelab/tfnet/ENCODE_data/GM12878-CTCF-human-ENCSR000AKB-optimal_idr.narrowPeak.gz
/home/ktian/kundajelab/tfnet/ENCODE_data/SK-N-SH-CTCF-human-ENCSR000EIC-optimal_idr.narrowPeak.gz
/home/ktian/kundajelab/tfnet/ENCODE_data/K562-CTCF-human-ENCSR000AKO-optimal_idr.narrowPeak.gz
/home/ktian/kundajelab/tfnet/ENCODE_data/SK-N-SH-CTCF-human-ENCSR000BLX-optimal_idr.narrowPeak.gz
/home/ktian/kundajelab/tfnet/ENCODE_data/MCF-7-CTCF-human-ENCSR000DML-optimal_idr.narrowPeak.gz
/home/ktian/kundajelab/tfnet/ENCODE_data/fibroblast_of_dermis-CTCF-human-ENCSR000APM-optimal_idr.narrowPeak.gz
/home/ktian/kundajelab/tfnet/ENCODE_data/RWPE2-CTCF-human-ENCSR856JJB-optimal_idr.narrowPeak.gz
/home/ktian/kundajelab/tfnet/ENCODE_data/T47D-CTCF-human-ENCSR000BNO-optimal_idr.narrowPeak.gz
/home/ktian/kundajelab/tfnet/ENCODE_data/MM.1S-CTCF-human-ENCSR402IDP-optimal_idr.narrowPeak.gz
/home/ktian/kundajelab/tfnet/ENCODE_data/GM10248-CTCF-human-ENCSR000DKP-optimal_idr.narrowPeak.gz
/home/ktian/kundajelab/tfnet/ENCODE_data/bipolar_neuron-CTCF-human-ENCSR066BZZ-optimal_idr.narrowPeak.gz
/home/ktian/kundajelab/tfnet/ENCODE_data/retinal_pigment_epithelial_cell-CTCF-human-ENCSR000DVI-optimal_idr.narrowPeak.gz
/home/ktian/kundajelab/tfnet/ENCODE_data/astrocyte-CTCF-human-ENCSR000AOO-optimal_idr.narrowPeak.gz
/home/ktian/kundajelab/tfnet/ENCODE_data/fibroblast_of_lung-CTCF-human-ENCSR000ANO-optimal_idr.narrowPeak.gz
/home/ktian/kundajelab/tfnet/ENCODE_data/A549-CTCF-human-ENCSR000DPF-optimal_idr.narrowPeak.gz
/hom2018-08-01 15:34:19 DEBUG /home/ktian/kundajelab/tfnet/scripts/label_regions  --positives /home/ktian/kundajelab/tfnet/ENCODE_data/myotube-CTCF-human-ENCSR000ANS-optimal_idr.narrowPeak.gz,/home/ktian/kundajelab/tfnet/ENCODE_data/LNCAP-CTCF-human-ENCSR315NAC-optimal_idr.narrowPeak.gz,/home/ktian/kundajelab/tfnet/ENCODE_data/22Rv1-CTCF-human-ENCSR847XGE-optimal_idr.narrowPeak.gz,/home/ktian/kundajelab/tfnet/ENCODE_data/GM23338-CTCF-human-ENCSR987GXT-optimal_idr.narrowPeak.gz,/home/ktian/kundajelab/tfnet/ENCODE_data/liver-CTCF-human-ENCSR254YRM-optimal_idr.narrowPeak.gz,/home/ktian/kundajelab/tfnet/ENCODE_data/neutrophil-CTCF-human-ENCSR785YRL-optimal_idr.narrowPeak.gz,/home/ktian/kundajelab/tfnet/ENCODE_data/choroid_plexus_epithelial_cell-CTCF-human-ENCSR000DTL-optimal_idr.narrowPeak.gz,/home/ktian/kundajelab/tfnet/ENCODE_data/GM12873-CTCF-human-ENCSR000DRP-optimal_idr.narrowPeak.gz,/home/ktian/kundajelab/tfnet/ENCODE_data/AG04450-CTCF-human-ENCSR000DPM-optimal_idr.narrowPeak.gz,/home/ktian/kundajelab/tfnet/ENCODE_data/MCF-7-CTCF-human-ENCSR000DMS-optimal_idr.narrowPeak.gz,/home/ktian/kundajelab/tfnet/ENCODE_data/fibroblast_of_mammary_gland-CTCF-human-ENCSR000DUU-optimal_idr.narrowPeak.gz,/home/ktian/kundajelab/tfnet/ENCODE_data/RWPE1-CTCF-human-ENCSR303GFI-optimal_idr.narrowPeak.gz,/home/ktian/kundajelab/tfnet/ENCODE_data/bronchial_epithelial_cell-CTCF-human-ENCSR000DXI-optimal_idr.narrowPeak.gz,/home/ktian/kundajelab/tfnet/ENCODE_data/GM12878-CTCF-human-ENCSR000DKV-optimal_idr.narrowPeak.gz,/home/ktian/kundajelab/tfnet/ENCODE_data/AG09309-CTCF-human-ENCSR000DPP-optimal_idr.narrowPeak.gz,/home/ktian/kundajelab/tfnet/ENCODE_data/lung-CTCF-human-ENCSR000DMH-optimal_idr.narrowPeak.gz,/home/ktian/kundajelab/tfnet/ENCODE_data/epithelial_cell_of_proximal_tubule-CTCF-human-ENCSR000DXD-optimal_idr.narrowPeak.gz,/home/ktian/kundajelab/tfnet/ENCODE_data/PC-9-CTCF-human-ENCSR243INX-optimal_idr.narrowPeak.gz,/home/ktian/kundajelab/tfnet/ENCODE_data/IMR-90-CTCF-human-ENCSR000EFI-optimal_idr.narrowPeak.gz,/home/ktian/kundajelab/tfnet/ENCODE_data/MCF-7-CTCF-human-ENCSR560BUE-optimal_idr.narrowPeak.gz,/home/ktian/kundajelab/tfnet/ENCODE_data/C4-2B-CTCF-human-ENCSR460LGH-optimal_idr.narrowPeak.gz,/home/ktian/kundajelab/tfnet/ENCODE_data/GM12878-CTCF-human-ENCSR000DRZ-optimal_idr.narrowPeak.gz,/home/ktian/kundajelab/tfnet/ENCODE_data/Ishikawa-CTCF-human-ENCSR000BQE-optimal_idr.narrowPeak.gz,/home/ktian/kundajelab/tfnet/ENCODE_data/foreskin_keratinocyte-CTCF-human-ENCSR817HTJ-optimal_idr.narrowPeak.gz,/home/ktian/kundajelab/tfnet/ENCODE_data/HepG2-CTCF-human-ENCSR000BIE-optimal_idr.narrowPeak.gz,/home/ktian/kundajelab/tfnet/ENCODE_data/OCI-LY1-CTCF-human-ENCSR072EUE-optimal_idr.narrowPeak.gz,/home/ktian/kundajelab/tfnet/ENCODE_data/hepatocyte-CTCF-human-ENCSR252QYR-optimal_idr.narrowPeak.gz,/home/ktian/kundajelab/tfnet/ENCODE_data/mammary_epithelial_cell-CTCF-human-ENCSR000DUS-optimal_idr.narrowPeak.gz,/home/ktian/kundajelab/tfnet/ENCODE_data/VCaP-CTCF-human-ENCSR265ARE-optimal_idr.narrowPeak.gz,/home/ktian/kundajelab/tfnet/ENCODE_data/A549-CTCF-human-ENCSR000AUE-optimal_idr.narrowPeak.gz,/home/ktian/kundajelab/tfnet/ENCODE_data/LNCaP_clone_FGC-CTCF-human-ENCSR000DMF-optimal_idr.narrowPeak.gz,/home/ktian/kundajelab/tfnet/ENCODE_data/smooth_muscle_cell-CTCF-human-ENCSR261VAS-optimal_idr.narrowPeak.gz,/home/ktian/kundajelab/tfnet/ENCODE_data/brain_microvascular_endothelial_cell-CTCF-human-ENCSR000DTA-optimal_idr.narrowPeak.gz,/home/ktian/kundajelab/tfnet/ENCODE_data/GM12801-CTCF-human-ENCSR000DQY-optimal_idr.narrowPeak.gz,/home/ktian/kundajelab/tfnet/ENCODE_data/HeLa-S3-CTCF-human-ENCSR000AOA-optimal_idr.narrowPeak.gz,/home/ktian/kundajelab/tfnet/ENCODE_data/HCT116-CTCF-human-ENCSR000DTO-optimal_idr.narrowPeak.gz,/home/ktian/kundajelab/tfnet/ENCODE_data/GM12865-CTCF-human-ENCSR000DRE-optimal_idr.narrowPeak.gz,/home/ktian/kundajelab/tfnet/ENCODE_data/spleen-CTCF-human-ENCSR000DNI-optimal_idr.narrowPeak.gz,/home/ktian/kundajelab/tfnet/ENCODE_data/NCI-H929-CTCF-human-ENCSR634OAQ-optimal_idr.narrowPeak.gz,/home/ktian/kundajelab/tfnet/ENCODE_data/kidney_epithelial_cell-CTCF-human-ENCSR000DVH-optimal_idr.narrowPeak.gz,/home/ktian/kundajelab/tfnet/ENCODE_data/astrocyte_of_the_cerebellum-CTCF-human-ENCSR000DSZ-optimal_idr.narrowPeak.gz,/home/ktian/kundajelab/tfnet/ENCODE_data/A549-CTCF-human-ENCSR000DYD-optimal_idr.narrowPeak.gz,/home/ktian/kundajelab/tfnet/ENCODE_data/22Rv1-CTCF-human-ENCSR857PBV-optimal_idr.narrowPeak.gz,/home/ktian/kundajelab/tfnet/ENCODE_data/A549-CTCF-human-ENCSR000DNA-optimal_idr.narrowPeak.gz,/home/ktian/kundajelab/tfnet/ENCODE_data/HepG2-CTCF-human-ENCSR000DLS-optimal_idr.narrowPeak.gz,/home/ktian/kundajelab/tfnet/ENCODE_data/BJ-CTCF-human-ENCSR000DQI-optimal_idr.narrowPeak.gz,/home/ktian/kundajelab/tfnet/ENCODE_data/bipolar_neuron-CTCF-human-ENCSR619IUE-optimal_idr.narrowPeak.gz,/home/ktian/kundajelab/tfnet/ENCODE_data/Panc1-CTCF-human-ENCSR203QEB-optimal_idr.narrowPeak.gz,/home/ktian/kundajelab/tfnet/ENCODE_data/osteoblast-CTCF-human-ENCSR000APF-optimal_idr.narrowPeak.gz,/home/ktian/kundajelab/tfnet/ENCODE_data/GM06990-CTCF-human-ENCSR000DQW-optimal_idr.narrowPeak.gz,/home/ktian/kundajelab/tfnet/ENCODE_data/Caco-2-CTCF-human-ENCSR000DQN-optimal_idr.narrowPeak.gz,/home/ktian/kundajelab/tfnet/ENCODE_data/HCT116-CTCF-human-ENCSR000BSE-optimal_idr.narrowPeak.gz,/home/ktian/kundajelab/tfnet/ENCODE_data/epithelial_cell_of_esophagus-CTCF-human-ENCSR000DTR-optimal_idr.narrowPeak.gz,/home/ktian/kundajelab/tfnet/ENCODE_data/MCF-7-CTCF-human-ENCSR000DWH-optimal_idr.narrowPeak.gz,/home/ktian/kundajelab/tfnet/ENCODE_data/fibroblast_of_lung-CTCF-human-ENCSR000DWY-optimal_idr.narrowPeak.gz,/home/ktian/kundajelab/tfnet/ENCODE_data/GM12878-CTCF-human-ENCSR000DZN-optimal_idr.narrowPeak.gz,/home/ktian/kundajelab/tfnet/ENCODE_data/H1-hESC-CTCF-human-ENCSR000BNH-optimal_idr.narrowPeak.gz,/home/ktian/kundajelab/tfnet/ENCODE_data/K562-CTCF-human-ENCSR000EGM-optimal_idr.narrowPeak.gz,/home/ktian/kundajelab/tfnet/ENCODE_data/foreskin_keratinocyte-CTCF-human-ENCSR812FNU-optimal_idr.narrowPeak.gz,/home/ktian/kundajelab/tfnet/ENCODE_data/BE2C-CTCF-human-ENCSR000DQD-optimal_idr.narrowPeak.gz,/home/ktian/kundajelab/tfnet/ENCODE_data/GM20000-CTCF-human-ENCSR000DLG-optimal_idr.narrowPeak.gz,/home/ktian/kundajelab/tfnet/ENCODE_data/neural_cell-CTCF-human-ENCSR822CEA-optimal_idr.narrowPeak.gz,/home/ktian/kundajelab/tfnet/ENCODE_data/keratinocyte-CTCF-human-ENCSR000DNC-optimal_idr.narrowPeak.gz,/home/ktian/kundajelab/tfnet/ENCODE_data/A673-CTCF-human-ENCSR611JJS-optimal_idr.narrowPeak.gz,/home/ktian/kundajelab/tfnet/ENCODE_data/SU-DHL-6-CTCF-human-ENCSR125DKL-optimal_idr.narrowPeak.gz,/home/ktian/kundajelab/tfnet/ENCODE_data/SK-N-SH-CTCF-human-ENCSR000DXQ-optimal_idr.narrowPeak.gz,/home/ktian/kundajelab/tfnet/ENCODE_data/HeLa-S3-CTCF-human-ENCSR000DUB-optimal_idr.narrowPeak.gz,/home/ktian/kundajelab/tfnet/ENCODE_data/astrocyte_of_the_spinal_cord-CTCF-human-ENCSR000DSU-optimal_idr.narrowPeak.gz,/home/ktian/kundajelab/tfnet/ENCODE_data/MCF-7-CTCF-human-ENCSR000DMO-optimal_idr.narrowPeak.gz,/home/ktian/kundajelab/tfnet/ENCODE_data/OCI-LY3-CTCF-human-ENCSR756ZKG-optimal_idr.narrowPeak.gz,/home/ktian/kundajelab/tfnet/ENCODE_data/fibroblast_of_pulmonary_artery-CTCF-human-ENCSR000DUX-optimal_idr.narrowPeak.gz,/home/ktian/kundajelab/tfnet/ENCODE_data/HEK293-CTCF-human-ENCSR000DTW-optimal_idr.narrowPeak.gz,/home/ktian/kundajelab/tfnet/ENCODE_data/foreskin_keratinocyte-CTCF-human-ENCSR036EGV-optimal_idr.narrowPeak.gz,/home/ktian/kundajelab/tfnet/ENCODE_data/GM10266-CTCF-human-ENCSR000DKR-optimal_idr.narrowPeak.gz,/home/ktian/kundajelab/tfnet/ENCODE_data/GM13976-CTCF-human-ENCSR000DKZ-optimal_idr.narrowPeak.gz,/home/ktian/kundajelab/tfnet/ENCODE_data/fibroblast_of_villous_mesenchyme-CTCF-human-ENCSR000DVQ-optimal_idr.narrowPeak.gz,/home/ktian/kundajelab/tfnet/ENCODE_data/HL-60-CTCF-human-ENCSR000DUP-optimal_idr.narrowPeak.gz,/home/ktian/kundajelab/tfnet/ENCODE_data/cardiac_muscle_cell-CTCF-human-ENCSR000DTI-optimal_idr.narrowPeak.gz,/home/ktian/kundajelab/tfnet/ENCODE_data/WERI-Rb-1-CTCF-human-ENCSR000DXW-optimal_idr.narrowPeak.gz,/home/ktian/kundajelab/tfnet/ENCODE_data/endothelial_cell_of_umbilical_vein-CTCF-human-ENCSR000DLW-optimal_idr.narrowPeak.gz,/home/ktian/kundajelab/tfnet/ENCODE_data/MCF-7-CTCF-human-ENCSR000DMR-optimal_idr.narrowPeak.gz,/home/ktian/kundajelab/tfnet/ENCODE_data/K562-CTCF-human-ENCSR000DWE-optimal_idr.narrowPeak.gz,/home/ktian/kundajelab/tfnet/ENCODE_data/K562-CTCF-human-ENCSR000DMA-optimal_idr.narrowPeak.gz,/home/ktian/kundajelab/tfnet/ENCODE_data/GM12875-CTCF-human-ENCSR000DRU-optimal_idr.narrowPeak.gz,/home/ktian/kundajelab/tfnet/ENCODE_data/fibroblast_of_lung-CTCF-human-ENCSR000DVA-optimal_idr.narrowPeak.gz,/home/ktian/kundajelab/tfnet/ENCODE_data/neural_progenitor_cell-CTCF-human-ENCSR125NBL-optimal_idr.narrowPeak.gz,/home/ktian/kundajelab/tfnet/ENCODE_data/K562-CTCF-human-ENCSR000BPJ-optimal_idr.narrowPeak.gz,/home/ktian/kundajelab/tfnet/ENCODE_data/OCI-LY7-CTCF-human-ENCSR027HML-optimal_idr.narrowPeak.gz,/home/ktian/kundajelab/tfnet/ENCODE_data/AG09319-CTCF-human-ENCSR000DPS-optimal_idr.narrowPeak.gz,/home/ktian/kundajelab/tfnet/ENCODE_data/AG04449-CTCF-human-ENCSR000DPG-optimal_idr.narrowPeak.gz,/home/ktian/kundajelab/tfnet/ENCODE_data/epithelial_cell_of_prostate-CTCF-human-ENCSR196HOM-optimal_idr.narrowPeak.gz,/home/ktian/kundajelab/tfnet/ENCODE_data/SK-N-SH-CTCF-human-ENCSR541AMF-optimal_idr.narrowPeak.gz,/home/ktian/kundajelab/tfnet/ENCODE_data/foreskin_fibroblast-CTCF-human-ENCSR000DUH-optimal_idr.narrowPeak.gz,/home/ktian/kundajelab/tfnet/ENCODE_data/H54-CTCF-human-ENCSR000DKN-optimal_idr.narrowPeak.gz,/home/ktian/kundajelab/tfnet/ENCODE_data/LNCAP-CTCF-human-ENCSR673WZL-optimal_idr.narrowPeak.gz,/home/ktian/kundajelab/tfnet/ENCODE_data/B_cell-CTCF-human-ENCSR000AUV-optimal_idr.narrowPeak.gz,/home/ktian/kundajelab/tfnet/ENCODE_data/medulloblastoma-CTCF-human-ENCSR000DMY-optimal_idr.narrowPeak.gz,/home/ktian/kundajelab/tfnet/ENCODE_data/KMS-11-CTCF-human-ENCSR430YRJ-optimal_idr.narrowPeak.gz,/home/ktian/kundajelab/tfnet/ENCODE_data/DOHH2-CTCF-human-ENCSR084RDK-optimal_idr.narrowPeak.gz,/home/ktian/kundajelab/tfnet/ENCODE_data/AG10803-CTCF-human-ENCSR000DPV-optimal_idr.narrowPeak.gz,/home/ktian/kundajelab/tfnet/ENCODE_data/HFF-Myc-CTCF-human-ENCSR000DUM-optimal_idr.narrowPeak.gz,/home/ktian/kundajelab/tfnet/ENCODE_data/WI38-CTCF-human-ENCSR000DYB-optimal_idr.narrowPeak.gz,/home/ktian/kundajelab/tfnet/ENCODE_data/foreskin_fibroblast-CTCF-human-ENCSR000DWQ-optimal_idr.narrowPeak.gz,/home/ktian/kundajelab/tfnet/ENCODE_data/MCF-7-CTCF-human-ENCSR000AHD-optimal_idr.narrowPeak.gz,/home/ktian/kundajelab/tfnet/ENCODE_data/GM23338-CTCF-human-ENCSR932ZMX-optimal_idr.narrowPeak.gz,/home/ktian/kundajelab/tfnet/ENCODE_data/HCT116-CTCF-human-ENCSR240PRQ-optimal_idr.narrowPeak.gz,/home/ktian/kundajelab/tfnet/ENCODE_data/GM12878-CTCF-human-ENCSR000AKB-optimal_idr.narrowPeak.gz,/home/ktian/kundajelab/tfnet/ENCODE_data/SK-N-SH-CTCF-human-ENCSR000EIC-optimal_idr.narrowPeak.gz,/home/ktian/kundajelab/tfnet/ENCODE_data/K562-CTCF-human-ENCSR000AKO-optimal_idr.narrowPeak.gz,/home/ktian/kundajelab/tfnet/ENCODE_data/SK-N-SH-CTCF-human-ENCSR000BLX-optimal_idr.narrowPeak.gz,/home/ktian/kundajelab/tfnet/ENCODE_data/MCF-7-CTCF-human-ENCSR000DML-optimal_idr.narrowPeak.gz,/home/ktian/kundajelab/tfnet/ENCODE_data/fibroblast_of_dermis-CTCF-human-ENCSR000APM-optimal_idr.narrowPeak.gz,/home/ktian/kundajelab/tfnet/ENCODE_data/RWPE2-CTCF-human-ENCSR856JJB-optimal_idr.narrowPeak.gz,/home/ktian/kundajelab/tfnet/ENCODE_data/T47D-CTCF-human-ENCSR000BNO-optimal_idr.narrowPeak.gz,/home/ktian/kundajelab/tfnet/ENCODE_data/MM.1S-CTCF-human-ENCSR402IDP-optimal_idr.narrowPeak.gz,/home/ktian/kundajelab/tfnet/ENCODE_data/GM10248-CTCF-human-ENCSR000DKP-optimal_idr.narrowPeak.gz,/home/ktian/kundajelab/tfnet/ENCODE_data/bipolar_neuron-CTCF-human-ENCSR066BZZ-optimal_idr.narrowPeak.gz,/home/ktian/kundajelab/tfnet/ENCODE_data/retinal_pigment_epithelial_cell-CTCF-human-ENCSR000DVI-optimal_idr.narrowPeak.gz,/home/ktian/kundajelab/tfnet/ENCODE_data/astrocyte-CTCF-human-ENCSR000AOO-optimal_idr.narrowPeak.gz,/home/ktian/kundajelab/tfnet/ENCODE_data/fibroblast_of_lung-CTCF-human-ENCSR000ANO-optimal_idr.narrowPeak.gz,/home/ktian/kundajelab/tfnet/ENCODE_data/A549-CTCF-human-ENCSR000DPF-optimal_idr.narrowPeak.gz,/home/ktian/kundajelab/tfnet/ENCODE_data/GM12864-CTCF-human-ENCSR000DRB-optimal_idr.narrowPeak.gz,/home/ktian/kundajelab/tfnet/ENCODE_data/GM13977-CTCF-human-ENCSR000DLB-optimal_idr.narrowPeak.gz,/home/ktian/kundajelab/tfnet/ENCODE_data/MCF-7-CTCF-human-ENCSR000DMV-optimal_idr.narrowPeak.gz,/home/ktian/kundajelab/tfnet/ENCODE_data/fibroblast_of_the_aortic_adventitia-CTCF-human-ENCSR000DPY-optimal_idr.narrowPeak.gz,/home/ktian/kundajelab/tfnet/ENCODE_data/GM12874-CTCF-human-ENCSR000DRR-optimal_idr.narrowPeak.gz,/home/ktian/kundajelab/tfnet/ENCODE_data/PC-3-CTCF-human-ENCSR359LOD-optimal_idr.narrowPeak.gz,/home/ktian/kundajelab/tfnet/ENCODE_data/CD14-positive_monocyte-CTCF-human-ENCSR000ATN-optimal_idr.narrowPeak.gz,/home/ktian/kundajelab/tfnet/ENCODE_data/pancreas-CTCF-human-ENCSR000DND-optimal_idr.narrowPeak.gz --ambiguous ./_tmp_FEroyy/_tmp_myotube-CTCF-human-ENCSR000ANS-merged.narrowPeak.gz,./_tmp_FEroyy/_tmp_LNCAP-CTCF-human-ENCSR315NAC-merged.narrowPeak.gz,./_tmp_FEroyy/_tmp_22Rv1-CTCF-human-ENCSR847XGE-merged.narrowPeak.gz,./_tmp_FEroyy/_tmp_GM23338-CTCF-human-ENCSR987GXT-merged.narrowPeak.gz,./_tmp_FEroyy/_tmp_liver-CTCF-human-ENCSR254YRM-merged.narrowPeak.gz,./_tmp_FEroyy/_tmp_neutrophil-CTCF-human-ENCSR785YRL-merged.narrowPeak.gz,./_tmp_FEroyy/_tmp_choroid_plexus_epithelial_cell-CTCF-human-ENCSR000DTL-merged.narrowPeak.gz,/home/ktian/kundajelab/tfnet/ENCODE_data/GM12873-CTCF-human-ENCSR000DRP-rep1.narrowPeak.gz,./_tmp_FEroyy/_tmp_AG04450-CTCF-human-ENCSR000DPM-merged.narrowPeak.gz,./_tmp_FEroyy/_tmp_MCF-7-CTCF-human-ENCSR000DMS-merged.narrowPeak.gz,./_tmp_FEroyy/_tmp_fibroblast_of_mammary_gland-CTCF-human-ENCSR000DUU-merged.narrowPeak.gz,./_tmp_FEroyy/_tmp_RWPE1-CTCF-human-ENCSR303GFI-merged.narrowPeak.gz,./_tmp_FEroyy/_tmp_bronchial_epithelial_cell-CTCF-human-ENCSR000DXI-merged.narrowPeak.gz,./_tmp_FEroyy/_tmp_empty_file,./_tmp_FEroyy/_tmp_AG09309-CTCF-human-ENCSR000DPP-merged.narrowPeak.gz,./_tmp_FEroyy/_tmp_lung-CTCF-human-ENCSR000DMH-merged.narrowPeak.gz,./_tmp_FEroyy/_tmp_epithelial_cell_of_proximal_tubule-CTCF-human-ENCSR000DXD-merged.narrowPeak.gz,./_tmp_FEroyy/_tmp_PC-9-CTCF-human-ENCSR243INX-merged.narrowPeak.gz,./_tmp_FEroyy/_tmp_IMR-90-CTCF-human-ENCSR000EFI-merged.narrowPeak.gz,./_tmp_FEroyy/_tmp_MCF-7-CTCF-human-ENCSR560BUE-merged.narrowPeak.gz,./_tmp_FEroyy/_tmp_C4-2B-CTCF-human-ENCSR460LGH-merged.narrowPeak.gz,./_tmp_FEroyy/_tmp_GM12878-CTCF-human-ENCSR000DRZ-merged.narrowPeak.gz,./_tmp_FEroyy/_tmp_Ishikawa-CTCF-human-ENCSR000BQE-merged.narrowPeak.gz,./_tmp_FEroyy/_tmp_foreskin_keratinocyte-CTCF-human-ENCSR817HTJ-merged.narrowPeak.gz,./_tmp_FEroyy/_tmp_HepG2-CTCF-human-ENCSR000BIE-merged.narrowPeak.gz,./_tmp_FEroyy/_tmp_OCI-LY1-CTCF-human-ENCSR072EUE-merged.narrowPeak.gz,./_tmp_FEroyy/_tmp_hepatocyte-CTCF-human-ENCSR252QYR-merged.narrowPeak.gz,./_tmp_FEroyy/_tmp_mammary_epithelial_cell-CTCF-human-ENCSR000DUS-merged.narrowPeak.gz,./_tmp_FEroyy/_tmp_VCaP-CTCF-human-ENCSR265ARE-merged.narrowPeak.gz,./_tmp_FEroyy/_tmp_A549-CTCF-human-ENCSR000AUE-merged.narrowPeak.gz,./_tmp_FEroyy/_tmp_LNCaP_clone_FGC-CTCF-human-ENCSR000DMF-merged.narrowPeak.gz,./_tmp_FEroyy/_tmp_smooth_muscle_cell-CTCF-human-ENCSR261VAS-merged.narrowPeak.gz,./_tmp_FEroyy/_tmp_brain_microvascular_endothelial_cell-CTCF-human-ENCSR000DTA-merged.narrowPeak.gz,./_tmp_FEroyy/_tmp_GM12801-CTCF-human-ENCSR000DQY-merged.narrowPeak.gz,./_tmp_FEroyy/_tmp_HeLa-S3-CTCF-human-ENCSR000AOA-merged.narrowPeak.gz,./_tmp_FEroyy/_tmp_HCT116-CTCF-human-ENCSR000DTO-merged.narrowPeak.gz,/home/ktian/kundajelab/tfnet/ENCODE_data/GM12865-CTCF-human-ENCSR000DRE-rep2.narrowPeak.gz,./_tmp_FEroyy/_tmp_spleen-CTCF-human-ENCSR000DNI-merged.narrowPeak.gz,./_tmp_FEroyy/_tmp_NCI-H929-CTCF-human-ENCSR634OAQ-merged.narrowPeak.gz,./_tmp_FEroyy/_tmp_kidney_epithelial_cell-CTCF-human-ENCSR000DVH-merged.narrowPeak.gz,./_tmp_FEroyy/_tmp_astrocyte_of_the_cerebellum-CTCF-human-ENCSR000DSZ-merged.narrowPeak.gz,./_tmp_FEroyy/_tmp_A549-CTCF-human-ENCSR000DYD-merged.narrowPeak.gz,./_tmp_FEroyy/_tmp_22Rv1-CTCF-human-ENCSR857PBV-merged.narrowPeak.gz,./_tmp_FEroyy/_tmp_A549-CTCF-human-ENCSR000DNA-merged.narrowPeak.gz,./_tmp_FEroyy/_tmp_empty_file,./_tmp_FEroyy/_tmp_BJ-CTCF-human-ENCSR000DQI-merged.narrowPeak.gz,./_tmp_FEroyy/_tmp_bipolar_neuron-CTCF-human-ENCSR619IUE-merged.narrowPeak.gz,./_tmp_FEroyy/_tmp_Panc1-CTCF-human-ENCSR203QEB-merged.narrowPeak.gz,./_tmp_FEroyy/_tmp_osteoblast-CTCF-human-ENCSR000APF-merged.narrowPeak.gz,./_tmp_FEroyy/_tmp_GM06990-CTCF-human-ENCSR000DQW-merged.narrowPeak.gz,./_tmp_FEroyy/_tmp_Caco-2-CTCF-human-ENCSR000DQN-merged.narrowPeak.gz,./_tmp_FEroyy/_tmp_HCT116-CTCF-human-ENCSR000BSE-merged.narrowPeak.gz,./_tmp_FEroyy/_tmp_epithelial_cell_of_esophagus-CTCF-human-ENCSR000DTR-merged.narrowPeak.gz,./_tmp_FEroyy/_tmp_MCF-7-CTCF-human-ENCSR000DWH-merged.narrowPeak.gz,./_tmp_FEroyy/_tmp_fibroblast_of_lung-CTCF-human-ENCSR000DWY-merged.narrowPeak.gz,./_tmp_FEroyy/_tmp_GM12878-CTCF-human-ENCSR000DZN-merged.narrowPeak.gz,./_tmp_FEroyy/_tmp_H1-hESC-CTCF-human-ENCSR000BNH-merged.narrowPeak.gz,./_tmp_FEroyy/_tmp_K562-CTCF-human-ENCSR000EGM-merged.narrowPeak.gz,./_tmp_FEroyy/_tmp_foreskin_keratinocyte-CTCF-human-ENCSR812FNU-merged.narrowPeak.gz,./_tmp_FEroyy/_tmp_BE2C-CTCF-human-ENCSR000DQD-merged.narrowPeak.gz,./_tmp_FEroyy/_tmp_GM20000-CTCF-human-ENCSR000DLG-merged.narrowPeak.gz,./_tmp_FEroyy/_tmp_neural_cell-CTCF-human-ENCSR822CEA-merged.narrowPeak.gz,./_tmp_FEroyy/_tmp_keratinocyte-CTCF-human-ENCSR000DNC-merged.narrowPeak.gz,./_tmp_FEroyy/_tmp_A673-CTCF-human-ENCSR611JJS-merged.narrowPeak.gz,./_tmp_FEroyy/_tmp_SU-DHL-6-CTCF-human-ENCSR125DKL-merged.narrowPeak.gz,./_tmp_FEroyy/_tmp_SK-N-SH-CTCF-human-ENCSR000DXQ-merged.narrowPeak.gz,./_tmp_FEroyy/_tmp_HeLa-S3-CTCF-human-ENCSR000DUB-merged.narrowPeak.gz,./_tmp_FEroyy/_tmp_astrocyte_of_the_spinal_cord-CTCF-human-ENCSR000DSU-merged.narrowPeak.gz,./_tmp_FEroyy/_tmp_MCF-7-CTCF-human-ENCSR000DMO-merged.narrowPeak.gz,./_tmp_FEroyy/_tmp_OCI-LY3-CTCF-human-ENCSR756ZKG-merged.narrowPeak.gz,./_tmp_FEroyy/_tmp_fibroblast_of_pulmonary_artery-CTCF-human-ENCSR000DUX-merged.narrowPeak.gz,./_tmp_FEroyy/_tmp_HEK293-CTCF-human-ENCSR000DTW-merged.narrowPeak.gz,./_tmp_FEroyy/_tmp_foreskin_keratinocyte-CTCF-human-ENCSR036EGV-merged.narrowPeak.gz,./_tmp_FEroyy/_tmp_GM10266-CTCF-human-ENCSR000DKR-merged.narrowPeak.gz,./_tmp_FEroyy/_tmp_GM13976-CTCF-human-ENCSR000DKZ-merged.narrowPeak.gz,./_tmp_FEroyy/_tmp_fibroblast_of_villous_mesenchyme-CTCF-human-ENCSR000DVQ-merged.narrowPeak.gz,/home/ktian/kundajelab/tfnet/ENCODE_data/HL-60-CTCF-human-ENCSR000DUP-rep1.narrowPeak.gz,./_tmp_FEroyy/_tmp_cardiac_muscle_cell-CTCF-human-ENCSR000DTI-merged.narrowPeak.gz,./_tmp_FEroyy/_tmp_WERI-Rb-1-CTCF-human-ENCSR000DXW-merged.narrowPeak.gz,./_tmp_FEroyy/_tmp_empty_file,./_tmp_FEroyy/_tmp_MCF-7-CTCF-human-ENCSR000DMR-merged.narrowPeak.gz,./_tmp_FEroyy/_tmp_K562-CTCF-human-ENCSR000DWE-merged.narrowPeak.gz,./_tmp_FEroyy/_tmp_empty_file,./_tmp_FEroyy/_tmp_GM12875-CTCF-human-ENCSR000DRU-merged.narrowPeak.gz,./_tmp_FEroyy/_tmp_fibroblast_of_lung-CTCF-human-ENCSR000DVA-merged.narrowPeak.gz,./_tmp_FEroyy/_tmp_neural_progenitor_cell-CTCF-human-ENCSR125NBL-merged.narrowPeak.gz,./_tmp_FEroyy/_tmp_K562-CTCF-human-ENCSR000BPJ-merged.narrowPeak.gz,./_tmp_FEroyy/_tmp_OCI-LY7-CTCF-human-ENCSR027HML-merged.narrowPeak.gz,./_tmp_FEroyy/_tmp_AG09319-CTCF-human-ENCSR000DPS-merged.narrowPeak.gz,./_tmp_FEroyy/_tmp_AG04449-CTCF-human-ENCSR000DPG-merged.narrowPeak.gz,./_tmp_FEroyy/_tmp_epithelial_cell_of_prostate-CTCF-human-ENCSR196HOM-merged.narrowPeak.gz,./_tmp_FEroyy/_tmp_SK-N-SH-CTCF-human-ENCSR541AMF-merged.narrowPeak.gz,./_tmp_FEroyy/_tmp_foreskin_fibroblast-CTCF-human-ENCSR000DUH-merged.narrowPeak.gz,./_tmp_FEroyy/_tmp_H54-CTCF-human-ENCSR000DKN-merged.narrowPeak.gz,./_tmp_FEroyy/_tmp_LNCAP-CTCF-human-ENCSR673WZL-merged.narrowPeak.gz,./_tmp_FEroyy/_tmp_B_cell-CTCF-human-ENCSR000AUV-merged.narrowPeak.gz,./_tmp_FEroyy/_tmp_medulloblastoma-CTCF-human-ENCSR000DMY-merged.narrowPeak.gz,./_tmp_FEroyy/_tmp_KMS-11-CTCF-human-ENCSR430YRJ-merged.narrowPeak.gz,./_tmp_FEroyy/_tmp_DOHH2-CTCF-human-ENCSR084RDK-merged.narrowPeak.gz,./_tmp_FEroyy/_tmp_AG10803-CTCF-human-ENCSR000DPV-merged.narrowPeak.gz,./_tmp_FEroyy/_tmp_HFF-Myc-CTCF-human-ENCSR000DUM-merged.narrowPeak.gz,./_tmp_FEroyy/_tmp_WI38-CTCF-human-ENCSR000DYB-merged.narrowPeak.gz,./_tmp_FEroyy/_tmp_foreskin_fibroblast-CTCF-human-ENCSR000DWQ-merged.narrowPeak.gz,./_tmp_FEroyy/_tmp_MCF-7-CTCF-human-ENCSR000AHD-merged.narrowPeak.gz,./_tmp_FEroyy/_tmp_GM23338-CTCF-human-ENCSR932ZMX-merged.narrowPeak.gz,./_tmp_FEroyy/_tmp_HCT116-CTCF-human-ENCSR240PRQ-merged.narrowPeak.gz,./_tmp_FEroyy/_tmp_GM12878-CTCF-human-ENCSR000AKB-merged.narrowPeak.gz,./_tmp_FEroyy/_tmp_SK-N-SH-CTCF-human-ENCSR000EIC-merged.narrowPeak.gz,./_tmp_FEroyy/_tmp_empty_file,./_tmp_FEroyy/_tmp_SK-N-SH-CTCF-human-ENCSR000BLX-merged.narrowPeak.gz,/home/ktian/kundajelab/tfnet/ENCODE_data/MCF-7-CTCF-human-ENCSR000DML-rep1.narrowPeak.gz,./_tmp_FEroyy/_tmp_fibroblast_of_dermis-CTCF-human-ENCSR000APM-merged.narrowPeak.gz,./_tmp_FEroyy/_tmp_RWPE2-CTCF-human-ENCSR856JJB-merged.narrowPeak.gz,./_tmp_FEroyy/_tmp_T47D-CTCF-human-ENCSR000BNO-merged.narrowPeak.gz,./_tmp_FEroyy/_tmp_MM.1S-CTCF-human-ENCSR402IDP-merged.narrowPeak.gz,./_tmp_FEroyy/_tmp_GM10248-CTCF-human-ENCSR000DKP-merged.narrowPeak.gz,./_tmp_FEroyy/_tmp_bipolar_neuron-CTCF-human-ENCSR066BZZ-merged.narrowPeak.gz,./_tmp_FEroyy/_tmp_retinal_pigment_epithelial_cell-CTCF-human-ENCSR000DVI-merged.narrowPeak.gz,./_tmp_FEroyy/_tmp_astrocyte-CTCF-human-ENCSR000AOO-merged.narrowPeak.gz,./_tmp_FEroyy/_tmp_fibroblast_of_lung-CTCF-human-ENCSR000ANO-merged.narrowPeak.gz,./_tmp_FEroyy/_tmp_A549-CTCF-human-ENCSR000DPF-merged.narrowPeak.gz,/home/ktian/kundajelab/tfnet/ENCODE_data/GM12864-CTCF-human-ENCSR000DRB-rep1.narrowPeak.gz,./_tmp_FEroyy/_tmp_GM13977-CTCF-human-ENCSR000DLB-merged.narrowPeak.gz,./_tmp_FEroyy/_tmp_empty_file,./_tmp_FEroyy/_tmp_fibroblast_of_the_aortic_adventitia-CTCF-human-ENCSR000DPY-merged.narrowPeak.gz,./_tmp_FEroyy/_tmp_GM12874-CTCF-human-ENCSR000DRR-merged.narrowPeak.gz,./_tmp_FEroyy/_tmp_PC-3-CTCF-human-ENCSR359LOD-merged.narrowPeak.gz,./_tmp_FEroyy/_tmp_CD14-positive_monocyte-CTCF-human-ENCSR000ATN-merged.narrowPeak.gz,./_tmp_FEroyy/_tmp_pancreas-CTCF-human-ENCSR000DND-merged.narrowPeak.gz --genome hg19 --prefix label  --stride 20
2018-08-01 15:34:19 DEBUG bin-size=200, stride=20
2018-08-01 15:38:49 DEBUG in: skip_test=0 bin-size=200, stride=20
2018-08-01 15:38:53 INFO  LABEL_REGIONS sort merge done
2018-08-01 15:51:35 INFO  LABEL_REGIONS intersect done
2018-08-01 16:07:02 INFO  LABEL_REGIONS labels done
2018-08-01 16:07:07 INFO  LABEL_REGIONS ALL DONE *****
2018-08-01 16:09:18 INFO  split and make hdf5
Reading in labels
on file inputs.fa
Processed 5000 lines
Processed 10000 lines
Processed 15000 lines
Processed 20000 lines
Processed 25000 lines
Processed 30000 lines
Processed 35000 lines
Processed 40000 lines
Processed 45000 lines
Processed 50000 lines
Processed 55000 lines
Processed 60000 lines
Processed 65000 lines
Processed 70000 lines
Processed 75000 lines
Processed 80000 lines
Processed 85000 lines
Processed 90000 lines
Processed 95000 lines
Processed 100000 lines
Processed 105000 lines
Processed 110000 lines
Processed 115000 lines
Processed 120000 lines
Processed 125000 lines
Processed 130000 lines
Processed 135000 lines
Processed 140000 lines
Processed 145000 lines
Processed 150000 lines
Processed 155000 lines
Processed 160000 lines
Processed 165000 lines
Processed 170000 lines
Processed 175000 lines
Processed 180000 lines
Processed 185000 lines
Processed 190000 lines
Processed 195000 lines
Processed 200000 lines
Processed 205000 lines
Processed 210000 lines
Processed 215000 lines
Processed 220000 lines
Processed 225000 lines
Processed 230000 lines
Processed 235000 lines
Processed 240000 lines
Processed 245000 lines
Processed 250000 lines
Processed 255000 lines
Processed 260000 lines
Processed 265000 lines
Processed 270000 lines
Processed 275000 lines
Processed 280000 lines
Processed 285000 lines
Processed 290000 lines
Processed 295000 lines
Processed 300000 lines
Processed 305000 lines
Processed 310000 lines
Processed 315000 lines
Processed 320000 lines
Processed 325000 lines
Processed 330000 lines
Processed 335000 lines
Processed 340000 lines
Processed 345000 lines
Processed 350000 lines
Processed 355000 lines
Processed 360000 lines
Processed 365000 lines
Processed 370000 lines
Processed 375000 lines
Processed 380000 lines
Processed 385000 lines
Processed 390000 lines
Processed 395000 lines
Processed 400000 lines
Processed 405000 lines
Processed 410000 lines
Processed 415000 lines
Processed 420000 lines
Processed 425000 lines
Processed 430000 lines
Processed 435000 lines
Processed 440000 lines
Processed 445000 lines
Processed 450000 lines
Processed 455000 lines
Processed 460000 lines
Processed 465000 lines
Processed 470000 lines
Processed 475000 lines
Processed 480000 lines
Processed 485000 lines
Processed 490000 lines
Processed 495000 lines
Processed 500000 lines
Processed 505000 lines
Processed 510000 lines
Processed 515000 lines
Processed 520000 lines
Processed 525000 lines
Processed 530000 lines
Processed 535000 lines
Processed 540000 lines
Processed 545000 lines
Processed 550000 lines
Processed 555000 lines
Processed 560000 lines
Processed 565000 lines
Processed 570000 lines
Processed 575000 lines
Processed 580000 lines
Processed 585000 lines
Processed 590000 lines
Processed 595000 lines
Processed 600000 lines
Processed 605000 lines
Processed 610000 lines
Processed 615000 lines
Processed 620000 lines
Processed 625000 lines
Processed 630000 lines
Processed 635000 lines
Processed 640000 lines
Processed 645000 lines
Processed 650000 lines
Processed 655000 lines
Processed 660000 lines
Processed 665000 lines
Processed 670000 lines
Processed 675000 lines
Processed 680000 lines
Processed 685000 lines
Processed 690000 lines
Processed 695000 lines
Processed 700000 lines
Processed 705000 lines
Processed 710000 lines
Processed 715000 lines
Processed 720000 lines
Processed 725000 lines
Processed 730000 lines
Processed 735000 lines
Processed 740000 lines
Processed 745000 lines
Processed 750000 lines
Processed 755000 lines
Processed 760000 lines
Processed 765000 lines
Processed 770000 lines
Processed 775000 lines
Processed 780000 lines
Processed 785000 lines
Processed 790000 lines
Processed 795000 lines
Processed 800000 lines
Processed 805000 lines
Processed 810000 lines
Processed 815000 lines
Processed 820000 lines
Processed 825000 lines
Processed 830000 lines
Processed 835000 lines
Processed 840000 lines
Processed 845000 lines
Processed 850000 lines
Processed 855000 lines
Processed 860000 lines
Processed 865000 lines
Processed 870000 lines
Processed 875000 lines
Processed 880000 lines
Processed 885000 lines
Processed 890000 lines
Processed 895000 lines
Processed 900000 lines
Processed 905000 lines
Processed 910000 lines
Processed 915000 lines
Processed 920000 lines
Processed 925000 lines
Processed 930000 lines
Processed 935000 lines
Processed 940000 lines
Processed 945000 lines
Processed 950000 lines
Processed 955000 lines
Processed 960000 lines
Processed 965000 lines
Processed 970000 lines
Processed 975000 lines
Processed 980000 lines
Processed 985000 lines
Processed 990000 lines
Processed 995000 lines
Processed 1000000 lines
Processed 1005000 lines
Processed 1010000 lines
Processed 1015000 lines
Processed 1020000 lines
Processed 1025000 lines
Processed 1030000 lines
Processed 1035000 lines
Processed 1040000 lines
Processed 1045000 lines
Processed 1050000 lines
Processed 1055000 lines
Processed 1060000 lines
Processed 1065000 lines
Processed 1070000 lines
Processed 1075000 lines
Processed 1080000 lines
Processed 1085000 lines
Processed 1090000 lines
Processed 1095000 lines
Processed 1100000 lines
Processed 1105000 lines
Processed 1110000 lines
Processed 1115000 lines
Processed 1120000 lines
Processed 1125000 lines
Processed 1130000 lines
Processed 1135000 lines
Processed 1140000 lines
Processed 1145000 lines
Processed 1150000 lines
Processed 1155000 lines
Processed 1160000 lines
Processed 1165000 lines
Processed 1170000 lines
Processed 1175000 lines
Processed 1180000 lines
Processed 1185000 lines
Processed 1190000 lines
Processed 1195000 lines
Processed 1200000 lines
Processed 1205000 lines
Processed 1210000 lines
Processed 1215000 lines
Processed 1220000 lines
Processed 1225000 lines
Processed 1230000 lines
Processed 1235000 lines
Processed 1240000 lines
Processed 1245000 lines
Processed 1250000 lines
Processed 1255000 lines
Processed 1260000 lines
Processed 1265000 lines
Processed 1270000 lines
Processed 1275000 lines
Processed 1280000 lines
Processed 1285000 lines
Processed 1290000 lines
Processed 1295000 lines
Processed 1300000 lines
Processed 1305000 lines
Processed 1310000 lines
Processed 1315000 lines
Processed 1320000 lines
Processed 1325000 lines
Processed 1330000 lines
Processed 1335000 lines
Processed 1340000 lines
Processed 1345000 lines
Processed 1350000 lines
Processed 1355000 lines
Processed 1360000 lines
Processed 1365000 lines
Processed 1370000 lines
Processed 1375000 lines
Processed 1380000 lines
Processed 1385000 lines
Processed 1390000 lines
Processed 1395000 lines
Processed 1400000 lines
Processed 1405000 lines
Processed 1410000 lines
Processed 1415000 lines
Processed 1420000 lines
Processed 1425000 lines
Processed 1430000 lines
Processed 1435000 lines
Processed 1440000 lines
Processed 1445000 lines
Processed 1450000 lines
Processed 1455000 lines
Processed 1460000 lines
Processed 1465000 lines
Processed 1470000 lines
Processed 1475000 lines
Processed 1480000 lines
Processed 1485000 lines
Processed 1490000 lines
Processed 1495000 lines
Processed 1500000 lines
Processed 1505000 lines
Processed 1510000 lines
Processed 1515000 lines
Processed 1520000 lines
Processed 1525000 lines
Processed 1530000 lines
Processed 1535000 lines
Processed 1540000 lines
Processed 1545000 lines
Processed 1550000 lines
Processed 1555000 lines
Processed 1560000 lines
Processed 1565000 lines
Processed 1570000 lines
Processed 1575000 lines
Processed 1580000 lines
Processed 1585000 lines
Processed 1590000 lines
Processed 1595000 lines
Processed 1600000 lines
Processed 1605000 lines
Processed 1610000 lines
Processed 1615000 lines
Processed 1620000 lines
Processed 1625000 lines
Processed 1630000 lines
Processed 1635000 lines
Processed 1640000 lines
Processed 1645000 lines
Processed 1650000 lines
Processed 1655000 lines
Processed 1660000 lines
Processed 1665000 lines
Processed 1670000 lines
Processed 1675000 lines
Processed 1680000 lines
Processed 1685000 lines
Processed 1690000 lines
Processed 1695000 lines
Processed 1700000 lines
Processed 1705000 lines
Processed 1710000 lines
Processed 1715000 lines
Processed 1720000 lines
Processed 1725000 lines
Processed 1730000 lines
Processed 1735000 lines
Processed 1740000 lines
Processed 1745000 lines
Processed 1750000 lines
Processed 1755000 lines
Processed 1760000 lines
Processed 1765000 lines
Processed 1770000 lines
Processed 1775000 lines
Processed 1780000 lines
Processed 1785000 lines
Processed 1790000 lines
Processed 1795000 lines
Processed 1800000 lines
Processed 1805000 lines
Processed 1810000 lines
Processed 1815000 lines
Processed 1820000 lines
Processed 1825000 lines
Processed 1830000 lines
Processed 1835000 lines
Processed 1840000 lines
Processed 1845000 lines
Processed 1850000 lines
Processed 1855000 lines
Processed 1860000 lines
Processed 1865000 lines
Processed 1870000 lines
Processed 1875000 lines
Processed 1880000 lines
Processed 1885000 lines
Processed 1890000 lines
Processed 1895000 lines
Processed 1900000 lines
Processed 1905000 lines
Processed 1910000 lines
Processed 1915000 lines
Processed 1920000 lines
Processed 1925000 lines
Processed 1930000 lines
Processed 1935000 lines
Processed 1940000 lines
Processed 1945000 lines
Processed 1950000 lines
Processed 1955000 lines
Processed 1960000 lines
Processed 1965000 lines
Processed 1970000 lines
Processed 1975000 lines
Processed 1980000 lines
Processed 1985000 lines
Processed 1990000 lines
Processed 1995000 lines
Processed 2000000 lines
Processed 2005000 lines
Processed 2010000 lines
Processed 2015000 lines
Processed 2020000 lines
Processed 2025000 lines
Processed 2030000 lines
Processed 2035000 lines
Processed 2040000 lines
Processed 2045000 lines
Processed 2050000 lines
Processed 2055000 lines
Processed 2060000 lines
Processed 2065000 lines
Processed 2070000 lines
Processed 2075000 lines
Processed 2080000 lines
Processed 2085000 lines
Processed 2090000 lines
Processed 2095000 lines
Processed 2100000 lines
Processed 2105000 lines
Processed 2110000 lines
Processed 2115000 lines
Processed 2120000 lines
Processed 2125000 lines
Processed 2130000 lines
Processed 2135000 lines
Processed 2140000 lines
Processed 2145000 lines
Processed 2150000 lines
Processed 2155000 lines
Processed 2160000 lines
Processed 2165000 lines
Processed 2170000 lines
Processed 2175000 lines
Processed 2180000 lines
Processed 2185000 lines
Processed 2190000 lines
Processed 2195000 lines
Processed 2200000 lines
Processed 2205000 lines
Processed 2210000 lines
Processed 2215000 lines
Processed 2220000 lines
Processed 2225000 lines
Processed 2230000 lines
Processed 2235000 lines
Processed 2240000 lines
Processed 2245000 lines
Processed 2250000 lines
Processed 2255000 lines
Processed 2260000 lines
Processed 2265000 lines
Processed 2270000 lines
Processed 2275000 lines
Processed 2280000 lines
Processed 2285000 lines
Processed 2290000 lines
Processed 2295000 lines
Processed 2300000 lines
Processed 2305000 lines
Processed 2310000 lines
Processed 2315000 lines
Processed 2320000 lines
Processed 2325000 lines
Processed 2330000 lines
Processed 2335000 lines
Processed 2340000 lines
Processed 2345000 lines
Processed 2350000 lines
Processed 2355000 lines
Processed 2360000 lines
Processed 2365000 lines
Processed 2370000 lines
Processed 2375000 lines
Processed 2380000 lines
Processed 2385000 lines
Processed 2390000 lines
Processed 2395000 lines
Processed 2400000 lines
Processed 2405000 lines
Processed 2410000 lines
Processed 2415000 lines
Processed 2420000 lines
Processed 2425000 lines
Processed 2430000 lines
Processed 2435000 lines
Processed 2440000 lines
Processed 2445000 lines
Processed 2450000 lines
Processed 2455000 lines
Processed 2460000 lines
Processed 2465000 lines
Processed 2470000 lines
Processed 2475000 lines
Processed 2480000 lines
Processed 2485000 lines
Processed 2490000 lines
Processed 2495000 lines
Processed 2500000 lines
Processed 2505000 lines
Processed 2510000 lines
Processed 2515000 lines
Processed 2520000 lines
Processed 2525000 lines
Processed 2530000 lines
Processed 2535000 lines
Processed 2540000 lines
Processed 2545000 lines
Processed 2550000 lines
Processed 2555000 lines
Processed 2560000 lines
Processed 2565000 lines
Processed 2570000 lines
Processed 2575000 lines
Processed 2580000 lines
Processed 2585000 lines
Processed 2590000 lines
Processed 2595000 lines
Processed 2600000 lines
Processed 2605000 lines
Processed 2610000 lines
Processed 2615000 lines
Processed 2620000 lines
Processed 2625000 lines
Processed 2630000 lines
Processed 2635000 lines
Processed 2640000 lines
Processed 2645000 lines
Processed 2650000 lines
Processed 2655000 lines
Processed 2660000 lines
Processed 2665000 lines
Processed 2670000 lines
Processed 2675000 lines
Processed 2680000 lines
Processed 2685000 lines
Processed 2690000 lines
Processed 2695000 lines
Processed 2700000 lines
Processed 2705000 lines
Processed 2710000 lines
Processed 2715000 lines
Processed 2720000 lines
Processed 2725000 lines
Processed 2730000 lines
Processed 2735000 lines
Processed 2740000 lines
Processed 2745000 lines
Processed 2750000 lines
Processed 2755000 lines
Processed 2760000 lines
Processed 2765000 lines
Processed 2770000 lines
Processed 2775000 lines
Processed 2780000 lines
Processed 2785000 lines
Processed 2790000 lines
Processed 2795000 lines
Processed 2800000 lines
Processed 2805000 lines
Processed 2810000 lines
Processed 2815000 lines
Processed 2820000 lines
Processed 2825000 lines
Processed 2830000 lines
Processed 2835000 lines
Processed 2840000 lines
Processed 2845000 lines
Processed 2850000 lines
Processed 2855000 lines
Processed 2860000 lines
Processed 2865000 lines
Processed 2870000 lines
Processed 2875000 lines
Processed 2880000 lines
Processed 2885000 lines
Processed 2890000 lines
Processed 2895000 lines
Processed 2900000 lines
Processed 2905000 lines
Processed 2910000 lines
Processed 2915000 lines
Processed 2920000 lines
Processed 2925000 lines
Processed 2930000 lines
Processed 2935000 lines
Processed 2940000 lines
Processed 2945000 lines
Processed 2950000 lines
Processed 2955000 lines
Processed 2960000 lines
Processed 2965000 lines
Processed 2970000 lines
Processed 2975000 lines
Processed 2980000 lines
Processed 2985000 lines
Processed 2990000 lines
Processed 2995000 lines
Processed 3000000 lines
Processed 3005000 lines
Processed 3010000 lines
Processed 3015000 lines
Processed 3020000 lines
Processed 3025000 lines
Processed 3030000 lines
Processed 3035000 lines
Processed 3040000 lines
Processed 3045000 lines
Processed 3050000 lines
Processed 3055000 lines
Processed 3060000 lines
Processed 3065000 lines
Processed 3070000 lines
Processed 3075000 lines
Processed 3080000 lines
Processed 3085000 lines
Processed 3090000 lines
Processed 3095000 lines
Processed 3100000 lines
Processed 3105000 lines
Processed 3110000 lines
Processed 3115000 lines
Processed 3120000 lines
Processed 3125000 lines
Processed 3130000 lines
Processed 3135000 lines
Processed 3140000 lines
Processed 3145000 lines
Processed 3150000 lines
Processed 3155000 lines
Processed 3160000 lines
Processed 3165000 lines
Processed 3170000 lines
Processed 3175000 lines
Processed 3180000 lines
Processed 3185000 lines
Processed 3190000 lines
Processed 3195000 lines
Processed 3200000 lines
Processed 3205000 lines
Processed 3210000 lines
Processed 3215000 lines
Processed 3220000 lines
Processed 3225000 lines
Processed 3230000 lines
Processed 3235000 lines
Processed 3240000 lines
Processed 3245000 lines
Processed 3250000 lines
Processed 3255000 lines
Processed 3260000 lines
Processed 3265000 lines
Processed 3270000 lines
Processed 3275000 lines
Processed 3280000 lines
Processed 3285000 lines
Processed 3290000 lines
Processed 3295000 lines
Processed 3300000 lines
Processed 3305000 lines
Processed 3310000 lines
Processed 3315000 lines
Processed 3320000 lines
Processed 3325000 lines
Processed 3330000 lines
Processed 3335000 lines
Processed 3340000 lines
Processed 3345000 lines
Processed 3350000 lines
Processed 3355000 lines
Processed 3360000 lines
Processed 3365000 lines
Processed 3370000 lines
Processed 3375000 lines
Processed 3380000 lines
Processed 3385000 lines
Processed 3390000 lines
Processed 3395000 lines
Processed 3400000 lines
Processed 3405000 lines
Processed 3410000 lines
Processed 3415000 lines
Processed 3420000 lines
Processed 3425000 lines
Processed 3430000 lines
Processed 3435000 lines
Processed 3440000 lines
Processed 3445000 lines
Processed 3450000 lines
Processed 3455000 lines
Processed 3460000 lines
Processed 3465000 lines
Processed 3470000 lines
Processed 3475000 lines
Processed 3480000 lines
Processed 3485000 lines
Processed 3490000 lines
Processed 3495000 lines
Processed 3500000 lines
Processed 3505000 lines
Processed 3510000 lines
Processed 3515000 lines
Processed 3520000 lines
Processed 3525000 lines
Processed 3530000 lines
Processed 3535000 lines
Processed 3540000 lines
Processed 3545000 lines
Processed 3550000 lines
Processed 3555000 lines
Processed 3560000 lines
Processed 3565000 lines
Processed 3570000 lines
Processed 3575000 lines
Processed 3580000 lines
Processed 3585000 lines
Processed 3590000 lines
Processed 3595000 lines
Processed 3600000 lines
Processed 3605000 lines
Processed 3610000 lines
Processed 3615000 lines
Processed 3620000 lines
Processed 3625000 lines
Processed 3630000 lines
Processed 3635000 lines
Processed 3640000 lines
Processed 3645000 lines
Processed 3650000 lines
Processed 3655000 lines
Processed 3660000 lines
Processed 3665000 lines
Processed 3670000 lines
Processed 3675000 lines
Processed 3680000 lines
Processed 3685000 lines
Processed 3690000 lines
Processed 3695000 lines
Processed 3700000 lines
Processed 3705000 lines
Processed 3710000 lines
Processed 3715000 lines
Processed 3720000 lines
Processed 3725000 lines
Processed 3730000 lines
Processed 3735000 lines
Processed 3740000 lines
Processed 3745000 lines
Processed 3750000 lines
Processed 3755000 lines
Processed 3760000 lines
Processed 3765000 lines
Processed 3770000 lines
Processed 3775000 lines
Processed 3780000 lines
Processed 3785000 lines
Processed 3790000 lines
Processed 3795000 lines
Processed 3800000 lines
Processed 3805000 lines
Processed 3810000 lines
Processed 3815000 lines
Processed 3820000 lines
Processed 3825000 lines
Processed 3830000 lines
Processed 3835000 lines
Processed 3840000 lines
Processed 3845000 lines
Processed 3850000 lines
Processed 3855000 lines
Processed 3860000 lines
Processed 3865000 lines
Processed 3870000 lines
Processed 3875000 lines
Processed 3880000 lines
Processed 3885000 lines
Processed 3890000 lines
Processed 3895000 lines
Processed 3900000 lines
Processed 3905000 lines
Processed 3910000 lines
Processed 3915000 lines
Processed 3920000 lines
Processed 3925000 lines
Processed 3930000 lines
Processed 3935000 lines
Processed 3940000 lines
Processed 3945000 lines
Processed 3950000 lines
Processed 3955000 lines
Processed 3960000 lines
Processed 3965000 lines
Processed 3970000 lines
Processed 3975000 lines
Processed 3980000 lines
Processed 3985000 lines
Processed 3990000 lines
Processed 3995000 lines
Processed 4000000 lines
Processed 4005000 lines
Processed 4010000 lines
Processed 4015000 lines
Processed 4020000 lines
Processed 4025000 lines
Processed 4030000 lines
Processed 4035000 lines
Processed 4040000 lines
Processed 4045000 lines
Processed 4050000 lines
Processed 4055000 lines
Processed 4060000 lines
Processed 4065000 lines
Processed 4070000 lines
Processed 4075000 lines
Processed 4080000 lines
Processed 4085000 lines
Processed 4090000 lines
Processed 4095000 lines
Processed 4100000 lines
Processed 4105000 lines
Processed 4110000 lines
Processed 4115000 lines
Processed 4120000 lines
Processed 4125000 lines
Processed 4130000 lines
Processed 4135000 lines
Processed 4140000 lines
Processed 4145000 lines
Processed 4150000 lines
Processed 4155000 lines
Processed 4160000 lines
Processed 4165000 lines
Processed 4170000 lines
Processed 4175000 lines
Processed 4180000 lines
Processed 4185000 lines
Processed 4190000 lines
Processed 4195000 lines
Processed 4200000 lines
Processed 4205000 lines
Processed 4210000 lines
Processed 4215000 lines
Processed 4220000 lines
Processed 4225000 lines
Processed 4230000 lines
Processed 4235000 lines
Processed 4240000 lines
Processed 4245000 lines
Processed 4250000 lines
Processed 4255000 lines
Processed 4260000 lines
Processed 4265000 lines
Processed 4270000 lines
Processed 4275000 lines
Processed 4280000 lines
Processed 4285000 lines
Processed 4290000 lines
Processed 4295000 lines
Processed 4300000 lines
Processed 4305000 lines
Processed 4310000 lines
Processed 4315000 lines
Processed 4320000 lines
Processed 4325000 lines
Processed 4330000 lines
Processed 4335000 lines
Processed 4340000 lines
Processed 4345000 lines
Processed 4350000 lines
Processed 4355000 lines
Processed 4360000 lines
Processed 4365000 lines
Processed 4370000 lines
Processed 4375000 lines
Processed 4380000 lines
Processed 4385000 lines
Processed 4390000 lines
Processed 4395000 lines
Processed 4400000 lines
Processed 4405000 lines
Processed 4410000 lines
Processed 4415000 lines
Processed 4420000 lines
Processed 4425000 lines
Processed 4430000 lines
Processed 4435000 lines
Processed 4440000 lines
Processed 4445000 lines
Processed 4450000 lines
Processed 4455000 lines
Processed 4460000 lines
Processed 4465000 lines
Processed 4470000 lines
Processed 4475000 lines
Processed 4480000 lines
Processed 4485000 lines
Processed 4490000 lines
Processed 4495000 lines
Processed 4500000 lines
Processed 4505000 lines
Processed 4510000 lines
Processed 4515000 lines
Processed 4520000 lines
Processed 4525000 lines
Processed 4530000 lines
Processed 4535000 lines
Processed 4540000 lines
Processed 4545000 lines
Processed 4550000 lines
Processed 4555000 lines
Processed 4560000 lines
Processed 4565000 lines
Processed 4570000 lines
Processed 4575000 lines
Processed 4580000 lines
Processed 4585000 lines
Processed 4590000 lines
Processed 4595000 lines
Processed 4600000 lines
Processed 4605000 lines
Processed 4610000 lines
Processed 4615000 lines
Processed 4620000 lines
Processed 4625000 lines
Processed 4630000 lines
Processed 4635000 lines
Processed 4640000 lines
2018-08-01 17:07:31 INFO  prepare_data done
e/ktian/kundajelab/tfnet/ENCODE_data/GM12864-CTCF-human-ENCSR000DRB-optimal_idr.narrowPeak.gz
/home/ktian/kundajelab/tfnet/ENCODE_data/GM13977-CTCF-human-ENCSR000DLB-optimal_idr.narrowPeak.gz
/home/ktian/kundajelab/tfnet/ENCODE_data/MCF-7-CTCF-human-ENCSR000DMV-optimal_idr.narrowPeak.gz
/home/ktian/kundajelab/tfnet/ENCODE_data/fibroblast_of_the_aortic_adventitia-CTCF-human-ENCSR000DPY-optimal_idr.narrowPeak.gz
/home/ktian/kundajelab/tfnet/ENCODE_data/GM12874-CTCF-human-ENCSR000DRR-optimal_idr.narrowPeak.gz
/home/ktian/kundajelab/tfnet/ENCODE_data/PC-3-CTCF-human-ENCSR359LOD-optimal_idr.narrowPeak.gz
/home/ktian/kundajelab/tfnet/ENCODE_data/CD14-positive_monocyte-CTCF-human-ENCSR000ATN-optimal_idr.narrowPeak.gz
/home/ktian/kundajelab/tfnet/ENCODE_data/pancreas-CTCF-human-ENCSR000DND-optimal_idr.narrowPeak.gz
129
