2018-08-18 17:59:03 INFO  run_tfmodisco.py scores/hyp_scores_task_ subset_nobg.fa subset_nobg.tsv 10234 1
2018-08-18 17:59:04 DEBUG $HOME=/home/ktian
2018-08-18 17:59:04 DEBUG matplotlib data path /home/ktian/anaconda3/envs/modisco_dev/lib/python2.7/site-packages/matplotlib/mpl-data
2018-08-18 17:59:04 DEBUG loaded rc file /home/ktian/anaconda3/envs/modisco_dev/lib/python2.7/site-packages/matplotlib/mpl-data/matplotlibrc
2018-08-18 17:59:04 DEBUG matplotlib version 2.2.2
2018-08-18 17:59:04 DEBUG interactive is False
2018-08-18 17:59:04 DEBUG platform is linux2
2018-08-18 17:59:04 DEBUG loaded modules: ['numpy.testing.nose_tools.nosetester', 'heapq', 'numpy.core.info', 'distutils', 'functools', 'random', 'unittest.types', 'datetime', 'sysconfig', 'json.encoder', 'select', 'gc', 'numpy.lib.numpy', 'distutils.sysconfig', 'ctypes._endian', 'encodings.encodings', 'unittest.pprint', 'matplotlib.colors', 'numpy.core.numerictypes', 'numpy._distributor_init', 'numpy.random.mtrand', 'logging.weakref', 'numpy.matrixlib.defmatrix', 'numpy.random.info', 'tempfile', 'pprint', 'numpy.linalg', 'mkl_fft', 'imp', 'numpy.testing', 'collections', 'logging.thread', 'unittest.sys', 'numpy.core.umath', 'unittest.main', 'distutils.types', 'numpy.lib._version', 'zipimport', 'string', 'json.struct', 'numpy.linalg.info', 'numpy.polynomial._polybase', 'unittest.functools', 'numpy.lib.arraysetops', 'matplotlib.compat', 'encodings.utf_8', 'unittest.util', 'numpy.version', 'distutils.re', 'ctypes.os', 'numpy.core.machar', 'numpy.lib.type_check', 'httplib', 'unittest.StringIO', 'bisect', 'numpy.core._internal', 'signal', 'numpy.random.operator', 'numpy.lib._datasource', 'unittest.re', 'threading', 'token', 'numpy.fft.fftpack_lite', 'json.scanner', 'matplotlib.cbook', '_cython_0_27_3', 'textwrap', 'numpy.core.multiarray', 'cycler', 'numpy.lib', 'numpy.linalg._umath_linalg', 'decimal', 'json.json', 'dis', 'distutils.version', 'cStringIO', 'google', 'logging.threading', 'unittest.time', 'locale', 'numpy.add_newdocs', 'logging.os', 'unittest.difflib', 'numpy.core.getlimits', 'base64', 'atexit', 'pyparsing', 'matplotlib.compat.subprocess', 'encodings', 'matplotlib.cbook.warnings', 'matplotlib._color_data', 'matplotlib.cbook.deprecation', 'logging.traceback', 'matplotlib.cbook.textwrap', 'abc', 'numpy.matrixlib', 'numpy.ma.extras', 'numpy.testing.decorators', 'numpy._globals', 'rfc822', 'numpy.lib.npyio', 'backports', 'matplotlib.sys', 'numpy.random.threading', 're', 'numpy.lib.mixins', '_posixsubprocess32', 'numpy.polynomial.legendre', 'mkl_fft._pydfti', 'numpy.core.shape_base', 'math', 'numpy.fft.helper', 'fcntl', 'unittest.case', 'matplotlib.fontconfig_pattern', 'mpl_toolkits', 'dateutil', 'ast', 'UserDict', 'unittest.suite', 'inspect', 'distutils.os', 'matplotlib', 'fnmatch', '_hashlib', 'ctypes', '_ctypes', 'ctypes.struct', 'codecs', 'backports.functools_lru_cache', 'logging.sys', '_json', 'numpy.os', 'unittest.loader', 'struct', '_functools', '_locale', 'logging', 'socket', 'thread', 'StringIO', 'numpy.core.memmap', 'pickle', 'traceback', 'cython_runtime', 'numpy.lib.info', 'weakref', 'itertools', 'numpy.ctypes', 'opcode', 'numpy.linalg.lapack_lite', 'numpy.ma', 'distutils.sys', 'os', 'marshal', 'mimetools', '__future__', 'six.moves', '_collections', 'urllib', '_sre', 'unittest', 'numpy.random', '__builtin__', 'numpy._mklinit', 'numpy.lib.twodim_base', 'numpy.polynomial', 'unittest.runner', 'operator', 'array', 'numpy.core.arrayprint', 'distutils.string', 'numpy.compat.py3k', 'ctypes._ctypes', '_heapq', 'ctypes.sys', 'six.moves.urllib', 'unittest.collections', 'posixpath', 'numpy.lib.financial', 'numpy.fft.fftpack', 'errno', 'mkl_fft._numpy_fft', '_socket', 'binascii', 'json', 'sre_constants', 'matplotlib.cbook.functools', 'logging.codecs', 'numpy.core._methods', 'os.path', 'numpy.core.function_base', 'tokenize', 'numpy.lib.stride_tricks', 'matplotlib.json', 'numpy', '_warnings', 'numpy.polynomial.chebyshev', 'numpy.testing.nose_tools.utils', 'json.re', 'cPickle', 'encodings.__builtin__', 'numpy.polynomial.hermite_e', '_codecs', 'subprocess32', 'unittest.fnmatch', 'numpy.polynomial.polynomial', 'numpy.__config__', 'encodings.ascii', 'pwd', 'mkl_fft.numpy', 'numpy.ma.core', 'numpy.testing.utils', 'logging.atexit', 'matplotlib.cbook._backports', 'numpy.lib.ufunclike', 'copy', '_sysconfigdata', '_struct', 'numpy.core.fromnumeric', 'hashlib', 'numpy.ctypeslib', 'matplotlib._version', '_ast', 'keyword', 'numpy.lib.scimath', 'numpy.fft', 'zlib', 'numpy.lib.nanfunctions', 'numpy.random.numpy', 'unittest.weakref', 'logging.time', 'numpy.core.multiarray_tests', '_bisect', 'numpy.polynomial.hermite', 'posix', 'encodings.aliases', 'numpy.lib.function_base', 'exceptions', 'sre_parse', 'json._json', 'logging.warnings', 'numpy.random.warnings', 'distutils.distutils', 'unittest.signal', 'copy_reg', 'sre_compile', 'json.sys', 'logging.cStringIO', '_random', 'site', 'numpy.lib.polynomial', 'numpy.compat', 'numpy._import_tools', 'logging.collections', 'backports_abc', 'contextlib', 'numbers', 'io', '__main__', 'numpy.fft.info', 'numpy.core.records', 'shutil', 'numpy.sys', 'numpy.polynomial.polyutils', 'urlparse', 'dateutil._version', 'unittest.result', 'strop', 'grp', 'linecache', 'numpy.core.numeric', 'six', 'encodings.codecs', 'six.moves.urllib.request', '_abcoll', 'matplotlib.testing', 'numpy.core', 'matplotlib.rcsetup', 'genericpath', 'stat', '_ssl', 'numpy.lib._iotools', 'numpy.lib.index_tricks', 'warnings', 'numpy.lib.utils', 'numpy.core.defchararray', 'glob', 'numpy.lib.shape_base', 'urllib2', 'unittest.signals', 'sys', 'unittest.traceback', 'numpy.polynomial.laguerre', 'numpy.compat._inspect', 'numpy.core.einsumfunc', 'ctypes.ctypes', 'numpy.lib.format', 'numpy.lib.arrayterator', 'numpy.testing.nosetester', 'types', 'bz2', 'future_builtins', 'ssl', 'numpy.testing.nose_tools', 'numpy.lib.arraypad', '_weakref', 'numpy.testing.nose_tools.decorators', 'difflib', 'distutils.errors', '_io', '_weakrefset', 'json.decoder', 'unittest.warnings', 'time', 'gzip', 'numpy.linalg.linalg', 'unittest.os']
Using cuDNN version 7001 on context None
Mapped name None to device cuda0: GeForce GTX TITAN X (0000:08:00.0)
2018-08-18 17:59:07 DEBUG Theano version:1.0.2
2018-08-18 17:59:07 DEBUG 2.7.15 |Anaconda, Inc.| (default, May  1 2018, 23:32:55) 
[GCC 7.2.0]
2018-08-18 17:59:07 DEBUG method file prefix is scores/hyp_scores_task_, input seq file is subset_nobg.fa, input tsv is subset_nobg.tsv, start_task is 0 end_task is 1
2018-08-18 17:59:07 DEBUG lenth of sequences = 21857
2018-08-18 17:59:08 DEBUG merged overlaps based on in_tsv subset_nobg.tsv, 21857 seqs merged into 6955 seqs, max len 873
2018-08-18 17:59:09 DEBUG shape of hyp_score (440, 4)
2018-08-18 17:59:09 DEBUG shape of score (440, 4)
On task task0
Computing windowed sums
Computing threshold
2018-08-18 17:59:15 DEBUG CACHEDIR=/home/ktian/.cache/matplotlib
2018-08-18 17:59:15 DEBUG Using fontManager instance from /home/ktian/.cache/matplotlib/fontList.json
2018-08-18 17:59:15 DEBUG backend agg version v2.2
2018-08-18 17:59:15 DEBUG findfont: Matching :family=sans-serif:style=normal:variant=normal:weight=normal:stretch=normal:size=10.0 to DejaVu Sans (u'/home/ktian/anaconda3/envs/tfenv/lib/python2.7/site-packages/matplotlib/mpl-data/fonts/ttf/DejaVuSans.ttf') with score of 0.050000
peak(mu)= -0.1591966940913019
Mu: -1.591967e-01 +/- 7.822663e-06
Lablace_b: 0.40246561415684906 and 0.7510791817671708
Thresholds: -3.8068600911647086 and 5.711887546504538
#fdrs pass: 0 and 15576
CDFs: 0.9998841590049827 and 0.9995971170818226
Est. FDRs: 1.0 and 0.049986259205292434
saving plot to figures/laplace_0.png
Got 1850 coords
After resolving overlaps, got 1850 seqlets
Across all tasks, the weakest laplace threshold used was: 0.9995971170818226
1850 identified in total
1 activity patterns with support >= 100 out of 3 possible patterns
Metacluster sizes:  [1849]
Idx to activities:  {0: '1'}
On metacluster 0
Metacluster size 1849
Relevant tasks:  ('task0',)
Relevant signs:  (1,)
seed=10234
seed=%d 10234
(Round 1) num seqlets: 1849
(Round 1) Computing coarse affmat
Beginning embedding computation
Computing embeddings
Finished embedding computation in 1.78 s
Starting affinity matrix computations
Normalization computed in 0.38 s
Cosine similarity mat computed in 0.76 s
Normalization computed in 0.42 s
Cosine similarity mat computed in 0.78 s
Finished affinity matrix computations in 1.58 s
(Round 1) Compute nearest neighbors from coarse affmat
Computed nearest neighbors in 0.11 s
(Round 1) Computing affinity matrix on nearest neighbors
Launching nearest neighbors affmat calculation job
Job completed in: 25.55 s
Launching nearest neighbors affmat calculation job
Job completed in: 25.17 s
(Round 1) Computed affinity matrix on nearest neighbors in 53.23 s
Filtered down to 1672 of 1849
(Round 1) Retained 1672 rows out of 1849 after filtering
(Round 1) Computing density adapted affmat
[t-SNE] Computing 31 nearest neighbors...
[t-SNE] Indexed 1672 samples in 0.002s...
[t-SNE] Computed neighbors for 1672 samples in 0.032s...
[t-SNE] Computed conditional probabilities for sample 1000 / 1672
[t-SNE] Computed conditional probabilities for sample 1672 / 1672
[t-SNE] Mean sigma: 0.208189
(Round 1) Computing clustering
Beginning preprocessing + Louvain
Wrote graph to binary file in 0.107051134109 seconds
Running Louvain modularity optimization
[Parallel(n_jobs=10)]: Done  40 tasks      | elapsed:    0.7s
[Parallel(n_jobs=10)]: Done 200 out of 200 | elapsed:    3.0s finished
Louvain completed 200 runs in 5.02364182472 seconds
Wrote graph to binary file in 1.02519202232 seconds
Running Louvain modularity optimization
After 1 runs, maximum modularity is Q = 0.66927
Louvain completed 51 runs in 8.79230117798 seconds
Preproc + Louvain took 15.1380121708 s
Got 9 clusters after round 1
Counts:
{0: 397, 1: 392, 2: 255, 3: 229, 4: 146, 5: 99, 6: 80, 7: 59, 8: 15}
(Round 1) Aggregating seqlets in each cluster
Aggregating for cluster 0 with 397 seqlets
Trimmed 29 out of 397
Aggregating for cluster 1 with 392 seqlets
Trimmed 48 out of 392
Aggregating for cluster 2 with 255 seqlets
Trimmed 22 out of 255
Aggregating for cluster 3 with 229 seqlets
Trimmed 32 out of 229
Aggregating for cluster 4 with 146 seqlets
Trimmed 16 out of 146
Aggregating for cluster 5 with 99 seqlets
Trimmed 13 out of 99
Aggregating for cluster 6 with 80 seqlets
Trimmed 5 out of 80
Aggregating for cluster 7 with 59 seqlets
Trimmed 4 out of 59
Aggregating for cluster 8 with 15 seqlets
Trimmed 0 out of 15
(Round 2) num seqlets: 1503
(Round 2) Computing coarse affmat
Beginning embedding computation
Computing embeddings
Finished embedding computation in 1.7 s
Starting affinity matrix computations
Normalization computed in 0.41 s
Cosine similarity mat computed in 0.61 s
Normalization computed in 0.37 s
Cosine similarity mat computed in 0.56 s
Finished affinity matrix computations in 1.21 s
(Round 2) Compute nearest neighbors from coarse affmat
Computed nearest neighbors in 0.08 s
(Round 2) Computing affinity matrix on nearest neighbors
Launching nearest neighbors affmat calculation job
Job completed in: 32.67 s
Launching nearest neighbors affmat calculation job
Job completed in: 32.7 s
(Round 2) Computed affinity matrix on nearest neighbors in 67.93 s
Not applying filtering for rounds above first round
(Round 2) Computing density adapted affmat
[t-SNE] Computing 31 nearest neighbors...
[t-SNE] Indexed 1503 samples in 0.001s...
[t-SNE] Computed neighbors for 1503 samples in 0.026s...
[t-SNE] Computed conditional probabilities for sample 1000 / 1503
[t-SNE] Computed conditional probabilities for sample 1503 / 1503
[t-SNE] Mean sigma: 0.207401
(Round 2) Computing clustering
Beginning preprocessing + Louvain
Wrote graph to binary file in 0.117664813995 seconds
Running Louvain modularity optimization
[Parallel(n_jobs=10)]: Done  40 tasks      | elapsed:    0.7s
[Parallel(n_jobs=10)]: Done 200 out of 200 | elapsed:    3.1s finished
Louvain completed 200 runs in 4.76454997063 seconds
Wrote graph to binary file in 1.007147789 seconds
Running Louvain modularity optimization
After 1 runs, maximum modularity is Q = 0.633548
Louvain completed 51 runs in 8.8232460022 seconds
Preproc + Louvain took 14.871088028 s
Got 7 clusters after round 2
Counts:
{0: 491, 1: 370, 2: 324, 3: 152, 4: 74, 5: 46, 6: 46}
(Round 2) Aggregating seqlets in each cluster
Aggregating for cluster 0 with 491 seqlets
Trimmed 7 out of 491
Aggregating for cluster 1 with 370 seqlets
Trimmed 12 out of 370
Aggregating for cluster 2 with 324 seqlets
Trimmed 16 out of 324
Aggregating for cluster 3 with 152 seqlets
Trimmed 19 out of 152
Aggregating for cluster 4 with 74 seqlets
Trimmed 22 out of 74
Aggregating for cluster 5 with 46 seqlets
Trimmed 3 out of 46
Aggregating for cluster 6 with 46 seqlets
Trimmed 2 out of 46
Got 7 clusters
Splitting into subclusters...
Inspecting for spurious merging
Wrote graph to binary file in 0.27711391449 seconds
Running Louvain modularity optimization
After 1 runs, maximum modularity is Q = 0.00428623
Louvain completed 21 runs in 3.05167412758 seconds
Similarity is 0.9202656729049383; is_dissimilar is False
Inspecting for spurious merging
Wrote graph to binary file in 0.1448969841 seconds
Running Louvain modularity optimization
After 1 runs, maximum modularity is Q = 0.00480969
Louvain completed 21 runs in 2.58729195595 seconds
Similarity is 0.9123710850167432; is_dissimilar is False
Inspecting for spurious merging
Wrote graph to binary file in 0.115823984146 seconds
Running Louvain modularity optimization
After 1 runs, maximum modularity is Q = 0.00480992
Louvain completed 21 runs in 2.79238986969 seconds
Similarity is 0.9348507888510216; is_dissimilar is False
Inspecting for spurious merging
Wrote graph to binary file in 0.0275700092316 seconds
Running Louvain modularity optimization
After 1 runs, maximum modularity is Q = 0.00487186
After 5 runs, maximum modularity is Q = 0.00522338
Louvain completed 25 runs in 2.80695295334 seconds
Similarity is 0.9081678967286224; is_dissimilar is False
Inspecting for spurious merging
Wrote graph to binary file in 0.00719499588013 seconds
Running Louvain modularity optimization
After 1 runs, maximum modularity is Q = 0.00813712
Louvain completed 21 runs in 2.42013502121 seconds
Similarity is 0.7231145180083447; is_dissimilar is True
Inspecting for spurious merging
Wrote graph to binary file in 0.00401592254639 seconds
Running Louvain modularity optimization
After 1 runs, maximum modularity is Q = 0.00422719
After 5 runs, maximum modularity is Q = 0.0042272
Louvain completed 25 runs in 2.97414183617 seconds
Similarity is 0.8039892211939335; is_dissimilar is False
Got 2 subclusters
Inspecting for spurious merging
Wrote graph to binary file in 0.00618696212769 seconds
Running Louvain modularity optimization
After 1 runs, maximum modularity is Q = 0.00725245
After 2 runs, maximum modularity is Q = 0.00744217
After 4 runs, maximum modularity is Q = 0.00744218
Louvain completed 24 runs in 3.01876616478 seconds
Similarity is 0.8828559543971465; is_dissimilar is False
Inspecting for spurious merging
Wrote graph to binary file in 0.00605297088623 seconds
Running Louvain modularity optimization
After 1 runs, maximum modularity is Q = 0.00574676
After 3 runs, maximum modularity is Q = 0.00574677
Louvain completed 23 runs in 2.7992670536 seconds
Similarity is 0.9281832861300157; is_dissimilar is False
Merging on 8 clusters
On merging iteration 1
Computing pattern to seqlet distances
Computing pattern to pattern distances
Collapsing 2 & 3 with prob 0.00026071872433597483 and sim 0.9513346881350964
Collapsing 2 & 7 with prob 1.9874377395974016e-05 and sim 0.9459213455956051
Collapsing 3 & 7 with prob 1.1923963110893118e-05 and sim 0.9429498497842649
Collapsing 1 & 7 with prob 8.60339842977828e-06 and sim 0.9167561981327668
Collapsing 1 & 3 with prob 1.3466584237783889e-05 and sim 0.9145912705250242
Collapsing 1 & 6 with prob 4.478741849160014e-05 and sim 0.8808606767439278
Aborting collapse as 3 & 6 have prob 2.6594877202001742e-08 and sim 0.8381547894940021
Collapsing 1 & 2 with prob 0.000996530832718627 and sim 0.8766738408149248
Trimmed 0 out of 441
Trimmed 0 out of 485
Trimmed 1 out of 843
On merging iteration 2
Computing pattern to seqlet distances
Computing pattern to pattern distances
Collapsing 0 & 2 with prob 4.719872653515266e-05 and sim 0.8945828006752051
Trimmed 0 out of 885
On merging iteration 3
Computing pattern to seqlet distances
Computing pattern to pattern distances
Got 4 patterns after merging
Performing seqlet reassignment
Cross contin jaccard time taken: 0.62 s
Cross contin jaccard time taken: 0.68 s
Got 3 patterns after reassignment
Total time taken is 211.93s
2018-08-18 18:02:50 DEBUG **************** workflow done *********************
2018-08-18 18:02:51 DEBUG **************** result saved *********************
