2018-08-18 17:14:49 INFO  run_tfmodisco.py scores/hyp_scores_task_ subset_nobg.fa subset_nobg.tsv 4234 1
2018-08-18 17:14:49 DEBUG $HOME=/home/ktian
2018-08-18 17:14:49 DEBUG matplotlib data path /home/ktian/anaconda3/envs/modisco_dev/lib/python2.7/site-packages/matplotlib/mpl-data
2018-08-18 17:14:49 DEBUG loaded rc file /home/ktian/anaconda3/envs/modisco_dev/lib/python2.7/site-packages/matplotlib/mpl-data/matplotlibrc
2018-08-18 17:14:49 DEBUG matplotlib version 2.2.2
2018-08-18 17:14:49 DEBUG interactive is False
2018-08-18 17:14:49 DEBUG platform is linux2
2018-08-18 17:14:49 DEBUG loaded modules: ['numpy.testing.nose_tools.nosetester', 'heapq', 'numpy.core.info', 'distutils', 'functools', 'random', 'unittest.types', 'datetime', 'sysconfig', 'json.encoder', 'select', 'gc', 'numpy.lib.numpy', 'distutils.sysconfig', 'ctypes._endian', 'encodings.encodings', 'unittest.pprint', 'matplotlib.colors', 'numpy.core.numerictypes', 'numpy._distributor_init', 'numpy.random.mtrand', 'logging.weakref', 'numpy.matrixlib.defmatrix', 'numpy.random.info', 'tempfile', 'pprint', 'numpy.linalg', 'mkl_fft', 'imp', 'numpy.testing', 'collections', 'logging.thread', 'unittest.sys', 'numpy.core.umath', 'unittest.main', 'distutils.types', 'numpy.lib._version', 'zipimport', 'string', 'json.struct', 'numpy.linalg.info', 'numpy.polynomial._polybase', 'unittest.functools', 'numpy.lib.arraysetops', 'matplotlib.compat', 'encodings.utf_8', 'unittest.util', 'numpy.version', 'distutils.re', 'ctypes.os', 'numpy.core.machar', 'numpy.lib.type_check', 'httplib', 'unittest.StringIO', 'bisect', 'numpy.core._internal', 'signal', 'numpy.random.operator', 'numpy.lib._datasource', 'unittest.re', 'threading', 'token', 'numpy.fft.fftpack_lite', 'json.scanner', 'matplotlib.cbook', '_cython_0_27_3', 'textwrap', 'numpy.core.multiarray', 'cycler', 'numpy.lib', 'numpy.linalg._umath_linalg', 'decimal', 'json.json', 'dis', 'distutils.version', 'cStringIO', 'google', 'logging.threading', 'unittest.time', 'locale', 'numpy.add_newdocs', 'logging.os', 'unittest.difflib', 'numpy.core.getlimits', 'base64', 'atexit', 'pyparsing', 'matplotlib.compat.subprocess', 'encodings', 'matplotlib.cbook.warnings', 'matplotlib._color_data', 'matplotlib.cbook.deprecation', 'logging.traceback', 'matplotlib.cbook.textwrap', 'abc', 'numpy.matrixlib', 'numpy.ma.extras', 'numpy.testing.decorators', 'numpy._globals', 'rfc822', 'numpy.lib.npyio', 'backports', 'matplotlib.sys', 'numpy.random.threading', 're', 'numpy.lib.mixins', '_posixsubprocess32', 'numpy.polynomial.legendre', 'mkl_fft._pydfti', 'numpy.core.shape_base', 'math', 'numpy.fft.helper', 'fcntl', 'unittest.case', 'matplotlib.fontconfig_pattern', 'mpl_toolkits', 'dateutil', 'ast', 'UserDict', 'unittest.suite', 'inspect', 'distutils.os', 'matplotlib', 'fnmatch', '_hashlib', 'ctypes', '_ctypes', 'ctypes.struct', 'codecs', 'backports.functools_lru_cache', 'logging.sys', '_json', 'numpy.os', 'unittest.loader', 'struct', '_functools', '_locale', 'logging', 'socket', 'thread', 'StringIO', 'numpy.core.memmap', 'pickle', 'traceback', 'cython_runtime', 'numpy.lib.info', 'weakref', 'itertools', 'numpy.ctypes', 'opcode', 'numpy.linalg.lapack_lite', 'numpy.ma', 'distutils.sys', 'os', 'marshal', 'mimetools', '__future__', 'six.moves', '_collections', 'urllib', '_sre', 'unittest', 'numpy.random', '__builtin__', 'numpy._mklinit', 'numpy.lib.twodim_base', 'numpy.polynomial', 'unittest.runner', 'operator', 'array', 'numpy.core.arrayprint', 'distutils.string', 'numpy.compat.py3k', 'ctypes._ctypes', '_heapq', 'ctypes.sys', 'six.moves.urllib', 'unittest.collections', 'posixpath', 'numpy.lib.financial', 'numpy.fft.fftpack', 'errno', 'mkl_fft._numpy_fft', '_socket', 'binascii', 'json', 'sre_constants', 'matplotlib.cbook.functools', 'logging.codecs', 'numpy.core._methods', 'os.path', 'numpy.core.function_base', 'tokenize', 'numpy.lib.stride_tricks', 'matplotlib.json', 'numpy', '_warnings', 'numpy.polynomial.chebyshev', 'numpy.testing.nose_tools.utils', 'json.re', 'cPickle', 'encodings.__builtin__', 'numpy.polynomial.hermite_e', '_codecs', 'subprocess32', 'unittest.fnmatch', 'numpy.polynomial.polynomial', 'numpy.__config__', 'encodings.ascii', 'pwd', 'mkl_fft.numpy', 'numpy.ma.core', 'numpy.testing.utils', 'logging.atexit', 'matplotlib.cbook._backports', 'numpy.lib.ufunclike', 'copy', '_sysconfigdata', '_struct', 'numpy.core.fromnumeric', 'hashlib', 'numpy.ctypeslib', 'matplotlib._version', '_ast', 'keyword', 'numpy.lib.scimath', 'numpy.fft', 'zlib', 'numpy.lib.nanfunctions', 'numpy.random.numpy', 'unittest.weakref', 'logging.time', 'numpy.core.multiarray_tests', '_bisect', 'numpy.polynomial.hermite', 'posix', 'encodings.aliases', 'numpy.lib.function_base', 'exceptions', 'sre_parse', 'json._json', 'logging.warnings', 'numpy.random.warnings', 'distutils.distutils', 'unittest.signal', 'copy_reg', 'sre_compile', 'json.sys', 'logging.cStringIO', '_random', 'site', 'numpy.lib.polynomial', 'numpy.compat', 'numpy._import_tools', 'logging.collections', 'backports_abc', 'contextlib', 'numbers', 'io', '__main__', 'numpy.fft.info', 'numpy.core.records', 'shutil', 'numpy.sys', 'numpy.polynomial.polyutils', 'urlparse', 'dateutil._version', 'unittest.result', 'strop', 'grp', 'linecache', 'numpy.core.numeric', 'six', 'encodings.codecs', 'six.moves.urllib.request', '_abcoll', 'matplotlib.testing', 'numpy.core', 'matplotlib.rcsetup', 'genericpath', 'stat', '_ssl', 'numpy.lib._iotools', 'numpy.lib.index_tricks', 'warnings', 'numpy.lib.utils', 'numpy.core.defchararray', 'glob', 'numpy.lib.shape_base', 'urllib2', 'unittest.signals', 'sys', 'unittest.traceback', 'numpy.polynomial.laguerre', 'numpy.compat._inspect', 'numpy.core.einsumfunc', 'ctypes.ctypes', 'numpy.lib.format', 'numpy.lib.arrayterator', 'numpy.testing.nosetester', 'types', 'bz2', 'future_builtins', 'ssl', 'numpy.testing.nose_tools', 'numpy.lib.arraypad', '_weakref', 'numpy.testing.nose_tools.decorators', 'difflib', 'distutils.errors', '_io', '_weakrefset', 'json.decoder', 'unittest.warnings', 'time', 'gzip', 'numpy.linalg.linalg', 'unittest.os']
Using cuDNN version 7001 on context None
Mapped name None to device cuda0: GeForce GTX TITAN X (0000:08:00.0)
2018-08-18 17:14:52 DEBUG Theano version:1.0.2
2018-08-18 17:14:52 DEBUG 2.7.15 |Anaconda, Inc.| (default, May  1 2018, 23:32:55) 
[GCC 7.2.0]
2018-08-18 17:14:52 DEBUG method file prefix is scores/hyp_scores_task_, input seq file is subset_nobg.fa, input tsv is subset_nobg.tsv, start_task is 0 end_task is 1
2018-08-18 17:14:53 DEBUG lenth of sequences = 21857
2018-08-18 17:14:53 DEBUG merged overlaps based on in_tsv subset_nobg.tsv, 21857 seqs merged into 6955 seqs, max len 873
2018-08-18 17:14:54 DEBUG shape of hyp_score (440, 4)
2018-08-18 17:14:54 DEBUG shape of score (440, 4)
On task task0
Computing windowed sums
Computing threshold
2018-08-18 17:15:00 DEBUG CACHEDIR=/home/ktian/.cache/matplotlib
2018-08-18 17:15:00 DEBUG Using fontManager instance from /home/ktian/.cache/matplotlib/fontList.json
2018-08-18 17:15:00 DEBUG backend agg version v2.2
2018-08-18 17:15:00 DEBUG findfont: Matching :family=sans-serif:style=normal:variant=normal:weight=normal:stretch=normal:size=10.0 to DejaVu Sans (u'/home/ktian/anaconda3/envs/tfenv/lib/python2.7/site-packages/matplotlib/mpl-data/fonts/ttf/DejaVuSans.ttf') with score of 0.050000
peak(mu)= -0.1591966940913019
Mu: -1.591967e-01 +/- 7.822663e-06
Lablace_b: 0.40246561415684906 and 0.7510791817671708
Thresholds: -3.8068600911647086 and 5.711887546504538
#fdrs pass: 0 and 15576
CDFs: 0.9998841590049827 and 0.9995971170818226
Est. FDRs: 1.0 and 0.049986259205292434
saving plot to figures/laplace_0.png
Got 1850 coords
After resolving overlaps, got 1850 seqlets
Across all tasks, the weakest laplace threshold used was: 0.9995971170818226
1850 identified in total
1 activity patterns with support >= 100 out of 3 possible patterns
Metacluster sizes:  [1849]
Idx to activities:  {0: '1'}
On metacluster 0
Metacluster size 1849
Relevant tasks:  ('task0',)
Relevant signs:  (1,)
seed=4234
seed=%d 4234
(Round 1) num seqlets: 1849
(Round 1) Computing coarse affmat
Beginning embedding computation
Computing embeddings
Finished embedding computation in 1.96 s
Starting affinity matrix computations
Normalization computed in 0.49 s
Cosine similarity mat computed in 0.82 s
Normalization computed in 0.48 s
Cosine similarity mat computed in 0.77 s
Finished affinity matrix computations in 1.62 s
(Round 1) Compute nearest neighbors from coarse affmat
Computed nearest neighbors in 0.13 s
(Round 1) Computing affinity matrix on nearest neighbors
Launching nearest neighbors affmat calculation job
Job completed in: 23.94 s
Launching nearest neighbors affmat calculation job
Job completed in: 24.34 s
(Round 1) Computed affinity matrix on nearest neighbors in 50.84 s
Filtered down to 1672 of 1849
(Round 1) Retained 1672 rows out of 1849 after filtering
(Round 1) Computing density adapted affmat
[t-SNE] Computing 31 nearest neighbors...
[t-SNE] Indexed 1672 samples in 0.001s...
[t-SNE] Computed neighbors for 1672 samples in 0.033s...
[t-SNE] Computed conditional probabilities for sample 1000 / 1672
[t-SNE] Computed conditional probabilities for sample 1672 / 1672
[t-SNE] Mean sigma: 0.208189
(Round 1) Computing clustering
Beginning preprocessing + Louvain
Wrote graph to binary file in 0.110311985016 seconds
Running Louvain modularity optimization
[Parallel(n_jobs=10)]: Done  40 tasks      | elapsed:    0.6s
[Parallel(n_jobs=10)]: Done 200 out of 200 | elapsed:    2.8s finished
Louvain completed 200 runs in 4.47716712952 seconds
Wrote graph to binary file in 0.908962011337 seconds
Running Louvain modularity optimization
After 1 runs, maximum modularity is Q = 0.607248
After 3 runs, maximum modularity is Q = 0.624278
After 5 runs, maximum modularity is Q = 0.627098
After 6 runs, maximum modularity is Q = 0.649319
After 7 runs, maximum modularity is Q = 0.668233
After 12 runs, maximum modularity is Q = 0.672028
After 54 runs, maximum modularity is Q = 0.67551
After 68 runs, maximum modularity is Q = 0.676396
Louvain completed 118 runs in 20.1917340755 seconds
Preproc + Louvain took 25.8921790123 s
Got 9 clusters after round 1
Counts:
{0: 399, 1: 368, 2: 352, 3: 229, 4: 146, 5: 80, 6: 59, 7: 24, 8: 15}
(Round 1) Aggregating seqlets in each cluster
Aggregating for cluster 0 with 399 seqlets
Trimmed 29 out of 399
Aggregating for cluster 1 with 368 seqlets
Trimmed 38 out of 368
Aggregating for cluster 2 with 352 seqlets
Trimmed 26 out of 352
Aggregating for cluster 3 with 229 seqlets
Trimmed 32 out of 229
Aggregating for cluster 4 with 146 seqlets
Trimmed 16 out of 146
Aggregating for cluster 5 with 80 seqlets
Trimmed 5 out of 80
Aggregating for cluster 6 with 59 seqlets
Trimmed 4 out of 59
Aggregating for cluster 7 with 24 seqlets
Trimmed 0 out of 24
Aggregating for cluster 8 with 15 seqlets
Trimmed 0 out of 15
(Round 2) num seqlets: 1522
(Round 2) Computing coarse affmat
Beginning embedding computation
Computing embeddings
Finished embedding computation in 1.7 s
Starting affinity matrix computations
Normalization computed in 0.45 s
Cosine similarity mat computed in 0.67 s
Normalization computed in 0.44 s
Cosine similarity mat computed in 0.64 s
Finished affinity matrix computations in 1.35 s
(Round 2) Compute nearest neighbors from coarse affmat
Computed nearest neighbors in 0.09 s
(Round 2) Computing affinity matrix on nearest neighbors
Launching nearest neighbors affmat calculation job
Job completed in: 35.39 s
Launching nearest neighbors affmat calculation job
Job completed in: 34.39 s
(Round 2) Computed affinity matrix on nearest neighbors in 72.7 s
Not applying filtering for rounds above first round
(Round 2) Computing density adapted affmat
[t-SNE] Computing 31 nearest neighbors...
[t-SNE] Indexed 1522 samples in 0.001s...
[t-SNE] Computed neighbors for 1522 samples in 0.029s...
[t-SNE] Computed conditional probabilities for sample 1000 / 1522
[t-SNE] Computed conditional probabilities for sample 1522 / 1522
[t-SNE] Mean sigma: 0.207247
(Round 2) Computing clustering
Beginning preprocessing + Louvain
Wrote graph to binary file in 0.100244998932 seconds
Running Louvain modularity optimization
[Parallel(n_jobs=10)]: Done  30 tasks      | elapsed:    0.6s
[Parallel(n_jobs=10)]: Done 180 tasks      | elapsed:    2.8s
[Parallel(n_jobs=10)]: Done 200 out of 200 | elapsed:    3.0s finished
Louvain completed 200 runs in 4.79248189926 seconds
Wrote graph to binary file in 0.900565862656 seconds
Running Louvain modularity optimization
After 1 runs, maximum modularity is Q = 0.607981
After 11 runs, maximum modularity is Q = 0.617077
Louvain completed 61 runs in 11.0729839802 seconds
Preproc + Louvain took 17.0297539234 s
Got 7 clusters after round 2
Counts:
{0: 488, 1: 448, 2: 264, 3: 106, 4: 89, 5: 80, 6: 47}
(Round 2) Aggregating seqlets in each cluster
Aggregating for cluster 0 with 488 seqlets
Trimmed 7 out of 488
Aggregating for cluster 1 with 448 seqlets
Trimmed 34 out of 448
Aggregating for cluster 2 with 264 seqlets
Trimmed 25 out of 264
Aggregating for cluster 3 with 106 seqlets
Trimmed 4 out of 106
Aggregating for cluster 4 with 89 seqlets
Trimmed 31 out of 89
Aggregating for cluster 5 with 80 seqlets
Trimmed 4 out of 80
Aggregating for cluster 6 with 47 seqlets
Trimmed 4 out of 47
Got 7 clusters
Splitting into subclusters...
Inspecting for spurious merging
Wrote graph to binary file in 0.242215871811 seconds
Running Louvain modularity optimization
After 1 runs, maximum modularity is Q = 0.00385526
After 2 runs, maximum modularity is Q = 0.00410604
After 3 runs, maximum modularity is Q = 0.00410785
After 6 runs, maximum modularity is Q = 0.00410842
After 9 runs, maximum modularity is Q = 0.00410925
After 17 runs, maximum modularity is Q = 0.00410975
After 23 runs, maximum modularity is Q = 0.00411119
After 24 runs, maximum modularity is Q = 0.00411217
Louvain completed 44 runs in 6.11820912361 seconds
Similarity is 0.9314753898400203; is_dissimilar is False
Inspecting for spurious merging
Wrote graph to binary file in 0.197432994843 seconds
Running Louvain modularity optimization
After 1 runs, maximum modularity is Q = 0.00522808
After 7 runs, maximum modularity is Q = 0.00522809
Louvain completed 27 runs in 3.33688306808 seconds
Similarity is 0.9022741928804148; is_dissimilar is False
Inspecting for spurious merging
Wrote graph to binary file in 0.0656449794769 seconds
Running Louvain modularity optimization
After 1 runs, maximum modularity is Q = 0.00320649
After 2 runs, maximum modularity is Q = 0.00344593
Louvain completed 22 runs in 2.678399086 seconds
Similarity is 0.9501930390927549; is_dissimilar is False
Inspecting for spurious merging
Wrote graph to binary file in 0.0216469764709 seconds
Running Louvain modularity optimization
After 1 runs, maximum modularity is Q = 0.00687737
Louvain completed 21 runs in 2.23979020119 seconds
Similarity is 0.9439440368548772; is_dissimilar is False
Inspecting for spurious merging
Wrote graph to binary file in 0.00995898246765 seconds
Running Louvain modularity optimization
After 1 runs, maximum modularity is Q = -0.0139845
After 2 runs, maximum modularity is Q = 0.00608932
After 3 runs, maximum modularity is Q = 0.00611556
After 4 runs, maximum modularity is Q = 0.00670726
After 5 runs, maximum modularity is Q = 0.00678101
After 6 runs, maximum modularity is Q = 0.00678102
Louvain completed 26 runs in 3.15290498734 seconds
Similarity is 0.7739450642760942; is_dissimilar is True
Inspecting for spurious merging
Wrote graph to binary file in 0.006422996521 seconds
Running Louvain modularity optimization
After 1 runs, maximum modularity is Q = 0.00394339
Louvain completed 21 runs in 2.32127404213 seconds
Similarity is 0.8269703068101522; is_dissimilar is False
Got 2 subclusters
Inspecting for spurious merging
Wrote graph to binary file in 0.013375043869 seconds
Running Louvain modularity optimization
After 1 runs, maximum modularity is Q = 0.00865772
After 17 runs, maximum modularity is Q = 0.00865773
Louvain completed 37 runs in 4.11301994324 seconds
Similarity is 0.8814807201640925; is_dissimilar is False
Inspecting for spurious merging
Wrote graph to binary file in 0.00684785842896 seconds
Running Louvain modularity optimization
After 1 runs, maximum modularity is Q = 0.00744217
After 13 runs, maximum modularity is Q = 0.00744218
Louvain completed 33 runs in 3.67207598686 seconds
Similarity is 0.8828559543971465; is_dissimilar is False
Merging on 8 clusters
On merging iteration 1
Computing pattern to seqlet distances
Computing pattern to pattern distances
Collapsing 2 & 3 with prob 0.00023815711586457164 and sim 0.9608686039598887
Collapsing 2 & 6 with prob 1.1412031288050359e-05 and sim 0.9314313722670751
Collapsing 3 & 6 with prob 1.5934163967096214e-06 and sim 0.9291631607409999
Collapsing 1 & 6 with prob 1.521403506214536e-06 and sim 0.919368437653065
Collapsing 1 & 3 with prob 0.0009290579134607249 and sim 0.9116091675062785
Collapsing 1 & 2 with prob 0.00024527558424161216 and sim 0.8892796523552386
Collapsing 1 & 7 with prob 4.547127768913351e-05 and sim 0.8848608159605614
Aborting collapse as 6 & 7 have prob 1.7585436166120028e-09 and sim 0.8222991484221067
Collapsing 3 & 7 with prob 1.9087091594740627e-05 and sim 0.8792084945107226
Aborting collapse as 6 & 7 have prob 1.7585436166120028e-09 and sim 0.8222991484221067
Trimmed 0 out of 341
Trimmed 0 out of 417
Trimmed 1 out of 831
On merging iteration 2
Computing pattern to seqlet distances
Computing pattern to pattern distances
Collapsing 0 & 2 with prob 4.881156560642583e-05 and sim 0.8957263438480461
Trimmed 0 out of 873
On merging iteration 3
Computing pattern to seqlet distances
Computing pattern to pattern distances
Got 4 patterns after merging
Performing seqlet reassignment
Cross contin jaccard time taken: 0.64 s
Cross contin jaccard time taken: 0.61 s
Got 3 patterns after reassignment
Total time taken is 232.92s
2018-08-18 17:18:57 DEBUG **************** workflow done *********************
2018-08-18 17:18:57 DEBUG **************** result saved *********************
