2018-08-18 17:55:17 INFO  run_tfmodisco.py scores/hyp_scores_task_ subset_nobg.fa subset_nobg.tsv 9234 1
2018-08-18 17:55:17 DEBUG $HOME=/home/ktian
2018-08-18 17:55:17 DEBUG matplotlib data path /home/ktian/anaconda3/envs/modisco_dev/lib/python2.7/site-packages/matplotlib/mpl-data
2018-08-18 17:55:17 DEBUG loaded rc file /home/ktian/anaconda3/envs/modisco_dev/lib/python2.7/site-packages/matplotlib/mpl-data/matplotlibrc
2018-08-18 17:55:17 DEBUG matplotlib version 2.2.2
2018-08-18 17:55:17 DEBUG interactive is False
2018-08-18 17:55:17 DEBUG platform is linux2
2018-08-18 17:55:17 DEBUG loaded modules: ['numpy.testing.nose_tools.nosetester', 'heapq', 'numpy.core.info', 'distutils', 'functools', 'random', 'unittest.types', 'datetime', 'sysconfig', 'json.encoder', 'select', 'gc', 'numpy.lib.numpy', 'distutils.sysconfig', 'ctypes._endian', 'encodings.encodings', 'unittest.pprint', 'matplotlib.colors', 'numpy.core.numerictypes', 'numpy._distributor_init', 'numpy.random.mtrand', 'logging.weakref', 'numpy.matrixlib.defmatrix', 'numpy.random.info', 'tempfile', 'pprint', 'numpy.linalg', 'mkl_fft', 'imp', 'numpy.testing', 'collections', 'logging.thread', 'unittest.sys', 'numpy.core.umath', 'unittest.main', 'distutils.types', 'numpy.lib._version', 'zipimport', 'string', 'json.struct', 'numpy.linalg.info', 'numpy.polynomial._polybase', 'unittest.functools', 'numpy.lib.arraysetops', 'matplotlib.compat', 'encodings.utf_8', 'unittest.util', 'numpy.version', 'distutils.re', 'ctypes.os', 'numpy.core.machar', 'numpy.lib.type_check', 'httplib', 'unittest.StringIO', 'bisect', 'numpy.core._internal', 'signal', 'numpy.random.operator', 'numpy.lib._datasource', 'unittest.re', 'threading', 'token', 'numpy.fft.fftpack_lite', 'json.scanner', 'matplotlib.cbook', '_cython_0_27_3', 'textwrap', 'numpy.core.multiarray', 'cycler', 'numpy.lib', 'numpy.linalg._umath_linalg', 'decimal', 'json.json', 'dis', 'distutils.version', 'cStringIO', 'google', 'logging.threading', 'unittest.time', 'locale', 'numpy.add_newdocs', 'logging.os', 'unittest.difflib', 'numpy.core.getlimits', 'base64', 'atexit', 'pyparsing', 'matplotlib.compat.subprocess', 'encodings', 'matplotlib.cbook.warnings', 'matplotlib._color_data', 'matplotlib.cbook.deprecation', 'logging.traceback', 'matplotlib.cbook.textwrap', 'abc', 'numpy.matrixlib', 'numpy.ma.extras', 'numpy.testing.decorators', 'numpy._globals', 'rfc822', 'numpy.lib.npyio', 'backports', 'matplotlib.sys', 'numpy.random.threading', 're', 'numpy.lib.mixins', '_posixsubprocess32', 'numpy.polynomial.legendre', 'mkl_fft._pydfti', 'numpy.core.shape_base', 'math', 'numpy.fft.helper', 'fcntl', 'unittest.case', 'matplotlib.fontconfig_pattern', 'mpl_toolkits', 'dateutil', 'ast', 'UserDict', 'unittest.suite', 'inspect', 'distutils.os', 'matplotlib', 'fnmatch', '_hashlib', 'ctypes', '_ctypes', 'ctypes.struct', 'codecs', 'backports.functools_lru_cache', 'logging.sys', '_json', 'numpy.os', 'unittest.loader', 'struct', '_functools', '_locale', 'logging', 'socket', 'thread', 'StringIO', 'numpy.core.memmap', 'pickle', 'traceback', 'cython_runtime', 'numpy.lib.info', 'weakref', 'itertools', 'numpy.ctypes', 'opcode', 'numpy.linalg.lapack_lite', 'numpy.ma', 'distutils.sys', 'os', 'marshal', 'mimetools', '__future__', 'six.moves', '_collections', 'urllib', '_sre', 'unittest', 'numpy.random', '__builtin__', 'numpy._mklinit', 'numpy.lib.twodim_base', 'numpy.polynomial', 'unittest.runner', 'operator', 'array', 'numpy.core.arrayprint', 'distutils.string', 'numpy.compat.py3k', 'ctypes._ctypes', '_heapq', 'ctypes.sys', 'six.moves.urllib', 'unittest.collections', 'posixpath', 'numpy.lib.financial', 'numpy.fft.fftpack', 'errno', 'mkl_fft._numpy_fft', '_socket', 'binascii', 'json', 'sre_constants', 'matplotlib.cbook.functools', 'logging.codecs', 'numpy.core._methods', 'os.path', 'numpy.core.function_base', 'tokenize', 'numpy.lib.stride_tricks', 'matplotlib.json', 'numpy', '_warnings', 'numpy.polynomial.chebyshev', 'numpy.testing.nose_tools.utils', 'json.re', 'cPickle', 'encodings.__builtin__', 'numpy.polynomial.hermite_e', '_codecs', 'subprocess32', 'unittest.fnmatch', 'numpy.polynomial.polynomial', 'numpy.__config__', 'encodings.ascii', 'pwd', 'mkl_fft.numpy', 'numpy.ma.core', 'numpy.testing.utils', 'logging.atexit', 'matplotlib.cbook._backports', 'numpy.lib.ufunclike', 'copy', '_sysconfigdata', '_struct', 'numpy.core.fromnumeric', 'hashlib', 'numpy.ctypeslib', 'matplotlib._version', '_ast', 'keyword', 'numpy.lib.scimath', 'numpy.fft', 'zlib', 'numpy.lib.nanfunctions', 'numpy.random.numpy', 'unittest.weakref', 'logging.time', 'numpy.core.multiarray_tests', '_bisect', 'numpy.polynomial.hermite', 'posix', 'encodings.aliases', 'numpy.lib.function_base', 'exceptions', 'sre_parse', 'json._json', 'logging.warnings', 'numpy.random.warnings', 'distutils.distutils', 'unittest.signal', 'copy_reg', 'sre_compile', 'json.sys', 'logging.cStringIO', '_random', 'site', 'numpy.lib.polynomial', 'numpy.compat', 'numpy._import_tools', 'logging.collections', 'backports_abc', 'contextlib', 'numbers', 'io', '__main__', 'numpy.fft.info', 'numpy.core.records', 'shutil', 'numpy.sys', 'numpy.polynomial.polyutils', 'urlparse', 'dateutil._version', 'unittest.result', 'strop', 'grp', 'linecache', 'numpy.core.numeric', 'six', 'encodings.codecs', 'six.moves.urllib.request', '_abcoll', 'matplotlib.testing', 'numpy.core', 'matplotlib.rcsetup', 'genericpath', 'stat', '_ssl', 'numpy.lib._iotools', 'numpy.lib.index_tricks', 'warnings', 'numpy.lib.utils', 'numpy.core.defchararray', 'glob', 'numpy.lib.shape_base', 'urllib2', 'unittest.signals', 'sys', 'unittest.traceback', 'numpy.polynomial.laguerre', 'numpy.compat._inspect', 'numpy.core.einsumfunc', 'ctypes.ctypes', 'numpy.lib.format', 'numpy.lib.arrayterator', 'numpy.testing.nosetester', 'types', 'bz2', 'future_builtins', 'ssl', 'numpy.testing.nose_tools', 'numpy.lib.arraypad', '_weakref', 'numpy.testing.nose_tools.decorators', 'difflib', 'distutils.errors', '_io', '_weakrefset', 'json.decoder', 'unittest.warnings', 'time', 'gzip', 'numpy.linalg.linalg', 'unittest.os']
Using cuDNN version 7001 on context None
Mapped name None to device cuda0: GeForce GTX TITAN X (0000:08:00.0)
2018-08-18 17:55:20 DEBUG Theano version:1.0.2
2018-08-18 17:55:20 DEBUG 2.7.15 |Anaconda, Inc.| (default, May  1 2018, 23:32:55) 
[GCC 7.2.0]
2018-08-18 17:55:20 DEBUG method file prefix is scores/hyp_scores_task_, input seq file is subset_nobg.fa, input tsv is subset_nobg.tsv, start_task is 0 end_task is 1
2018-08-18 17:55:20 DEBUG lenth of sequences = 21857
2018-08-18 17:55:20 DEBUG merged overlaps based on in_tsv subset_nobg.tsv, 21857 seqs merged into 6955 seqs, max len 873
2018-08-18 17:55:21 DEBUG shape of hyp_score (440, 4)
2018-08-18 17:55:21 DEBUG shape of score (440, 4)
On task task0
Computing windowed sums
Computing threshold
2018-08-18 17:55:27 DEBUG CACHEDIR=/home/ktian/.cache/matplotlib
2018-08-18 17:55:27 DEBUG Using fontManager instance from /home/ktian/.cache/matplotlib/fontList.json
2018-08-18 17:55:27 DEBUG backend agg version v2.2
2018-08-18 17:55:27 DEBUG findfont: Matching :family=sans-serif:style=normal:variant=normal:weight=normal:stretch=normal:size=10.0 to DejaVu Sans (u'/home/ktian/anaconda3/envs/tfenv/lib/python2.7/site-packages/matplotlib/mpl-data/fonts/ttf/DejaVuSans.ttf') with score of 0.050000
peak(mu)= -0.1591966940913019
Mu: -1.591967e-01 +/- 7.822663e-06
Lablace_b: 0.40246561415684906 and 0.7510791817671708
Thresholds: -3.8068600911647086 and 5.711887546504538
#fdrs pass: 0 and 15576
CDFs: 0.9998841590049827 and 0.9995971170818226
Est. FDRs: 1.0 and 0.049986259205292434
saving plot to figures/laplace_0.png
Got 1850 coords
After resolving overlaps, got 1850 seqlets
Across all tasks, the weakest laplace threshold used was: 0.9995971170818226
1850 identified in total
1 activity patterns with support >= 100 out of 3 possible patterns
Metacluster sizes:  [1849]
Idx to activities:  {0: '1'}
On metacluster 0
Metacluster size 1849
Relevant tasks:  ('task0',)
Relevant signs:  (1,)
seed=9234
seed=%d 9234
(Round 1) num seqlets: 1849
(Round 1) Computing coarse affmat
Beginning embedding computation
Computing embeddings
Finished embedding computation in 1.88 s
Starting affinity matrix computations
Normalization computed in 0.46 s
Cosine similarity mat computed in 0.81 s
Normalization computed in 0.43 s
Cosine similarity mat computed in 0.72 s
Finished affinity matrix computations in 1.56 s
(Round 1) Compute nearest neighbors from coarse affmat
Computed nearest neighbors in 0.12 s
(Round 1) Computing affinity matrix on nearest neighbors
Launching nearest neighbors affmat calculation job
Job completed in: 25.35 s
Launching nearest neighbors affmat calculation job
Job completed in: 24.78 s
(Round 1) Computed affinity matrix on nearest neighbors in 52.81 s
Filtered down to 1672 of 1849
(Round 1) Retained 1672 rows out of 1849 after filtering
(Round 1) Computing density adapted affmat
[t-SNE] Computing 31 nearest neighbors...
[t-SNE] Indexed 1672 samples in 0.002s...
[t-SNE] Computed neighbors for 1672 samples in 0.038s...
[t-SNE] Computed conditional probabilities for sample 1000 / 1672
[t-SNE] Computed conditional probabilities for sample 1672 / 1672
[t-SNE] Mean sigma: 0.208189
(Round 1) Computing clustering
Beginning preprocessing + Louvain
Wrote graph to binary file in 0.0827198028564 seconds
Running Louvain modularity optimization
[Parallel(n_jobs=10)]: Done  40 tasks      | elapsed:    0.7s
[Parallel(n_jobs=10)]: Done 200 out of 200 | elapsed:    3.0s finished
Louvain completed 200 runs in 4.89300704002 seconds
Wrote graph to binary file in 1.00766611099 seconds
Running Louvain modularity optimization
After 1 runs, maximum modularity is Q = 0.613617
After 2 runs, maximum modularity is Q = 0.650967
After 9 runs, maximum modularity is Q = 0.651612
After 14 runs, maximum modularity is Q = 0.670881
Louvain completed 64 runs in 10.740680933 seconds
Preproc + Louvain took 16.9190928936 s
Got 9 clusters after round 1
Counts:
{0: 400, 1: 370, 2: 352, 3: 229, 4: 146, 5: 77, 6: 59, 7: 24, 8: 15}
(Round 1) Aggregating seqlets in each cluster
Aggregating for cluster 0 with 400 seqlets
Trimmed 29 out of 400
Aggregating for cluster 1 with 370 seqlets
Trimmed 39 out of 370
Aggregating for cluster 2 with 352 seqlets
Trimmed 26 out of 352
Aggregating for cluster 3 with 229 seqlets
Trimmed 32 out of 229
Aggregating for cluster 4 with 146 seqlets
Trimmed 16 out of 146
Aggregating for cluster 5 with 77 seqlets
Trimmed 5 out of 77
Aggregating for cluster 6 with 59 seqlets
Trimmed 4 out of 59
Aggregating for cluster 7 with 24 seqlets
Trimmed 0 out of 24
Aggregating for cluster 8 with 15 seqlets
Trimmed 0 out of 15
(Round 2) num seqlets: 1521
(Round 2) Computing coarse affmat
Beginning embedding computation
Computing embeddings
Finished embedding computation in 1.55 s
Starting affinity matrix computations
Normalization computed in 0.33 s
Cosine similarity mat computed in 0.55 s
Normalization computed in 0.34 s
Cosine similarity mat computed in 0.54 s
Finished affinity matrix computations in 1.13 s
(Round 2) Compute nearest neighbors from coarse affmat
Computed nearest neighbors in 0.08 s
(Round 2) Computing affinity matrix on nearest neighbors
Launching nearest neighbors affmat calculation job
Job completed in: 31.55 s
Launching nearest neighbors affmat calculation job
Job completed in: 31.86 s
(Round 2) Computed affinity matrix on nearest neighbors in 65.92 s
Not applying filtering for rounds above first round
(Round 2) Computing density adapted affmat
[t-SNE] Computing 31 nearest neighbors...
[t-SNE] Indexed 1521 samples in 0.001s...
[t-SNE] Computed neighbors for 1521 samples in 0.033s...
[t-SNE] Computed conditional probabilities for sample 1000 / 1521
[t-SNE] Computed conditional probabilities for sample 1521 / 1521
[t-SNE] Mean sigma: 0.207273
(Round 2) Computing clustering
Beginning preprocessing + Louvain
Wrote graph to binary file in 0.0771729946136 seconds
Running Louvain modularity optimization
[Parallel(n_jobs=10)]: Done  40 tasks      | elapsed:    0.7s
[Parallel(n_jobs=10)]: Done 200 out of 200 | elapsed:    3.3s finished
Louvain completed 200 runs in 4.90958285332 seconds
Wrote graph to binary file in 0.877913951874 seconds
Running Louvain modularity optimization
After 1 runs, maximum modularity is Q = 0.603342
After 7 runs, maximum modularity is Q = 0.610096
After 11 runs, maximum modularity is Q = 0.619422
Louvain completed 61 runs in 10.9770259857 seconds
Preproc + Louvain took 17.0032482147 s
Got 7 clusters after round 2
Counts:
{0: 486, 1: 454, 2: 264, 3: 104, 4: 93, 5: 74, 6: 46}
(Round 2) Aggregating seqlets in each cluster
Aggregating for cluster 0 with 486 seqlets
Trimmed 5 out of 486
Aggregating for cluster 1 with 454 seqlets
Trimmed 33 out of 454
Aggregating for cluster 2 with 264 seqlets
Trimmed 24 out of 264
Aggregating for cluster 3 with 104 seqlets
Trimmed 3 out of 104
Aggregating for cluster 4 with 93 seqlets
Trimmed 34 out of 93
Aggregating for cluster 5 with 74 seqlets
Trimmed 4 out of 74
Aggregating for cluster 6 with 46 seqlets
Trimmed 3 out of 46
Got 7 clusters
Splitting into subclusters...
Inspecting for spurious merging
Wrote graph to binary file in 0.223508834839 seconds
Running Louvain modularity optimization
After 1 runs, maximum modularity is Q = 0.00404568
After 4 runs, maximum modularity is Q = 0.00404607
After 11 runs, maximum modularity is Q = 0.00404768
Louvain completed 31 runs in 4.49672293663 seconds
Similarity is 0.9342483087186509; is_dissimilar is False
Inspecting for spurious merging
Wrote graph to binary file in 0.207175970078 seconds
Running Louvain modularity optimization
After 1 runs, maximum modularity is Q = 0.00525991
Louvain completed 21 runs in 2.75679016113 seconds
Similarity is 0.9014852287155627; is_dissimilar is False
Inspecting for spurious merging
Wrote graph to binary file in 0.0640640258789 seconds
Running Louvain modularity optimization
After 1 runs, maximum modularity is Q = 0.00343338
After 3 runs, maximum modularity is Q = 0.00344084
After 19 runs, maximum modularity is Q = 0.00344138
After 21 runs, maximum modularity is Q = 0.00344139
Louvain completed 41 runs in 4.90764188766 seconds
Similarity is 0.949218265286743; is_dissimilar is False
Inspecting for spurious merging
Wrote graph to binary file in 0.0211999416351 seconds
Running Louvain modularity optimization
After 1 runs, maximum modularity is Q = 0.00689801
After 18 runs, maximum modularity is Q = 0.00689802
Louvain completed 38 runs in 4.16735315323 seconds
Similarity is 0.9436921659436287; is_dissimilar is False
Inspecting for spurious merging
Wrote graph to binary file in 0.00600981712341 seconds
Running Louvain modularity optimization
After 1 runs, maximum modularity is Q = 0.00627947
After 2 runs, maximum modularity is Q = 0.00635824
After 3 runs, maximum modularity is Q = 0.00636214
Louvain completed 23 runs in 2.37489485741 seconds
Similarity is 0.8081751343865519; is_dissimilar is False
Inspecting for spurious merging
Wrote graph to binary file in 0.00949311256409 seconds
Running Louvain modularity optimization
After 1 runs, maximum modularity is Q = 0.00898682
Louvain completed 21 runs in 2.30580496788 seconds
Similarity is 0.8754231535934653; is_dissimilar is False
Inspecting for spurious merging
Wrote graph to binary file in 0.00517511367798 seconds
Running Louvain modularity optimization
After 1 runs, maximum modularity is Q = 0.00725245
After 4 runs, maximum modularity is Q = 0.00744218
Louvain completed 24 runs in 2.79473400116 seconds
Similarity is 0.8828559543971465; is_dissimilar is False
Merging on 7 clusters
On merging iteration 1
Computing pattern to seqlet distances
Computing pattern to pattern distances
Collapsing 2 & 3 with prob 0.00024149288554048737 and sim 0.9610897819786643
Collapsing 2 & 5 with prob 7.78551307804483e-06 and sim 0.9335068781907049
Collapsing 1 & 3 with prob 0.0009637370304633792 and sim 0.9135405252311914
Collapsing 1 & 2 with prob 0.00026131025680634534 and sim 0.8908339306753164
Collapsing 1 & 6 with prob 4.52152052375808e-05 and sim 0.8844954324629464
Aborting collapse as 5 & 6 have prob 8.545895720255624e-10 and sim 0.8177428244983044
Collapsing 3 & 6 with prob 1.9138400982349587e-05 and sim 0.880458122829609
Aborting collapse as 5 & 6 have prob 8.545895720255624e-10 and sim 0.8177428244983044
Trimmed 0 out of 341
Trimmed 0 out of 411
Trimmed 0 out of 832
On merging iteration 2
Computing pattern to seqlet distances
Computing pattern to pattern distances
Collapsing 0 & 3 with prob 4.943296068731031e-05 and sim 0.8960384927631699
Trimmed 0 out of 875
On merging iteration 3
Computing pattern to seqlet distances
Computing pattern to pattern distances
Got 3 patterns after merging
Performing seqlet reassignment
Got 3 patterns after reassignment
Total time taken is 211.85s
2018-08-18 17:59:03 DEBUG **************** workflow done *********************
2018-08-18 17:59:03 DEBUG **************** result saved *********************
