2018-08-05 13:50:11 INFO  /home/ktian/kundajelab/tfnet/scripts/run_tfmodisco.py scores/hyp_scores_task_ subset_nobg.fa subset_nobg.tsv 1
2018-08-05 13:50:12 DEBUG $HOME=/home/ktian
2018-08-05 13:50:12 DEBUG matplotlib data path /home/ktian/anaconda3/envs/modisco_dev/lib/python2.7/site-packages/matplotlib/mpl-data
2018-08-05 13:50:12 DEBUG loaded rc file /home/ktian/anaconda3/envs/modisco_dev/lib/python2.7/site-packages/matplotlib/mpl-data/matplotlibrc
2018-08-05 13:50:12 DEBUG matplotlib version 2.2.2
2018-08-05 13:50:12 DEBUG interactive is False
2018-08-05 13:50:12 DEBUG platform is linux2
2018-08-05 13:50:12 DEBUG loaded modules: ['numpy.testing.nose_tools.nosetester', 'heapq', 'numpy.core.info', 'distutils', 'functools', 'random', 'unittest.types', 'datetime', 'sysconfig', 'json.encoder', 'select', 'gc', 'numpy.lib.numpy', 'distutils.sysconfig', 'ctypes._endian', 'encodings.encodings', 'unittest.pprint', 'matplotlib.colors', 'numpy.core.numerictypes', 'numpy._distributor_init', 'numpy.random.mtrand', 'logging.weakref', 'numpy.matrixlib.defmatrix', 'numpy.random.info', 'tempfile', 'pprint', 'numpy.linalg', 'mkl_fft', 'imp', 'numpy.testing', 'collections', 'logging.thread', 'unittest.sys', 'numpy.core.umath', 'unittest.main', 'distutils.types', 'numpy.lib._version', 'zipimport', 'string', 'json.struct', 'numpy.linalg.info', 'numpy.polynomial._polybase', 'unittest.functools', 'numpy.lib.arraysetops', 'matplotlib.compat', 'encodings.utf_8', 'unittest.util', 'numpy.version', 'distutils.re', 'ctypes.os', 'numpy.core.machar', 'numpy.lib.type_check', 'httplib', 'unittest.StringIO', 'bisect', 'numpy.core._internal', 'signal', 'numpy.random.operator', 'numpy.lib._datasource', 'unittest.re', 'threading', 'token', 'numpy.fft.fftpack_lite', 'json.scanner', 'matplotlib.cbook', '_cython_0_27_3', 'textwrap', 'numpy.core.multiarray', 'cycler', 'numpy.lib', 'numpy.linalg._umath_linalg', 'decimal', 'json.json', 'dis', 'distutils.version', 'cStringIO', 'google', 'logging.threading', 'unittest.time', 'locale', 'numpy.add_newdocs', 'logging.os', 'unittest.difflib', 'numpy.core.getlimits', 'base64', 'atexit', 'pyparsing', 'matplotlib.compat.subprocess', 'encodings', 'matplotlib.cbook.warnings', 'matplotlib._color_data', 'matplotlib.cbook.deprecation', 'logging.traceback', 'matplotlib.cbook.textwrap', 'abc', 'numpy.matrixlib', 'numpy.ma.extras', 'numpy.testing.decorators', 'numpy._globals', 'rfc822', 'numpy.lib.npyio', 'backports', 'matplotlib.sys', 'numpy.random.threading', 're', 'numpy.lib.mixins', '_posixsubprocess32', 'numpy.polynomial.legendre', 'mkl_fft._pydfti', 'numpy.core.shape_base', 'math', 'numpy.fft.helper', 'fcntl', 'unittest.case', 'matplotlib.fontconfig_pattern', 'mpl_toolkits', 'dateutil', 'ast', 'UserDict', 'unittest.suite', 'inspect', 'distutils.os', 'matplotlib', 'fnmatch', '_hashlib', 'ctypes', '_ctypes', 'ctypes.struct', 'codecs', 'backports.functools_lru_cache', 'logging.sys', '_json', 'numpy.os', 'unittest.loader', 'struct', '_functools', '_locale', 'logging', 'socket', 'thread', 'StringIO', 'numpy.core.memmap', 'pickle', 'traceback', 'cython_runtime', 'numpy.lib.info', 'weakref', 'itertools', 'numpy.ctypes', 'opcode', 'numpy.linalg.lapack_lite', 'numpy.ma', 'distutils.sys', 'os', 'marshal', 'mimetools', '__future__', 'six.moves', '_collections', 'urllib', '_sre', 'unittest', 'numpy.random', '__builtin__', 'numpy._mklinit', 'numpy.lib.twodim_base', 'numpy.polynomial', 'unittest.runner', 'operator', 'array', 'numpy.core.arrayprint', 'distutils.string', 'numpy.compat.py3k', 'ctypes._ctypes', '_heapq', 'ctypes.sys', 'six.moves.urllib', 'unittest.collections', 'posixpath', 'numpy.lib.financial', 'numpy.fft.fftpack', 'errno', 'mkl_fft._numpy_fft', '_socket', 'binascii', 'json', 'sre_constants', 'matplotlib.cbook.functools', 'logging.codecs', 'numpy.core._methods', 'os.path', 'numpy.core.function_base', 'tokenize', 'numpy.lib.stride_tricks', 'matplotlib.json', 'numpy', '_warnings', 'numpy.polynomial.chebyshev', 'numpy.testing.nose_tools.utils', 'json.re', 'cPickle', 'encodings.__builtin__', 'numpy.polynomial.hermite_e', '_codecs', 'subprocess32', 'unittest.fnmatch', 'numpy.polynomial.polynomial', 'numpy.__config__', 'encodings.ascii', 'pwd', 'mkl_fft.numpy', 'numpy.ma.core', 'numpy.testing.utils', 'logging.atexit', 'matplotlib.cbook._backports', 'numpy.lib.ufunclike', 'copy', '_sysconfigdata', '_struct', 'numpy.core.fromnumeric', 'hashlib', 'numpy.ctypeslib', 'matplotlib._version', '_ast', 'keyword', 'numpy.lib.scimath', 'numpy.fft', 'zlib', 'numpy.lib.nanfunctions', 'numpy.random.numpy', 'unittest.weakref', 'logging.time', 'numpy.core.multiarray_tests', '_bisect', 'numpy.polynomial.hermite', 'posix', 'encodings.aliases', 'numpy.lib.function_base', 'exceptions', 'sre_parse', 'json._json', 'logging.warnings', 'numpy.random.warnings', 'distutils.distutils', 'unittest.signal', 'copy_reg', 'sre_compile', 'json.sys', 'logging.cStringIO', '_random', 'site', 'numpy.lib.polynomial', 'numpy.compat', 'numpy._import_tools', 'logging.collections', 'backports_abc', 'contextlib', 'numbers', 'io', '__main__', 'numpy.fft.info', 'numpy.core.records', 'shutil', 'numpy.sys', 'numpy.polynomial.polyutils', 'urlparse', 'dateutil._version', 'unittest.result', 'strop', 'grp', 'linecache', 'numpy.core.numeric', 'six', 'encodings.codecs', 'six.moves.urllib.request', '_abcoll', 'matplotlib.testing', 'numpy.core', 'matplotlib.rcsetup', 'genericpath', 'stat', '_ssl', 'numpy.lib._iotools', 'numpy.lib.index_tricks', 'warnings', 'numpy.lib.utils', 'numpy.core.defchararray', 'glob', 'numpy.lib.shape_base', 'urllib2', 'unittest.signals', 'sys', 'unittest.traceback', 'numpy.polynomial.laguerre', 'numpy.compat._inspect', 'numpy.core.einsumfunc', 'ctypes.ctypes', 'numpy.lib.format', 'numpy.lib.arrayterator', 'numpy.testing.nosetester', 'types', 'bz2', 'future_builtins', 'ssl', 'numpy.testing.nose_tools', 'numpy.lib.arraypad', '_weakref', 'numpy.testing.nose_tools.decorators', 'difflib', 'distutils.errors', '_io', '_weakrefset', 'json.decoder', 'unittest.warnings', 'time', 'gzip', 'numpy.linalg.linalg', 'unittest.os']
Using cuDNN version 7001 on context None
Mapped name None to device cuda0: GeForce GTX TITAN X (0000:05:00.0)
2018-08-05 13:50:26 DEBUG Theano version:1.0.2
2018-08-05 13:50:26 DEBUG 2.7.15 |Anaconda, Inc.| (default, May  1 2018, 23:32:55) 
[GCC 7.2.0]
2018-08-05 13:50:26 DEBUG method file prefix is scores/hyp_scores_task_, input seq file is subset_nobg.fa, input tsv is subset_nobg.tsv, start_task is 0 end_task is 1
2018-08-05 13:50:26 DEBUG lenth of sequences = 144218
2018-08-05 13:50:45 DEBUG merged overlaps based on in_tsv subset_nobg.tsv, 144218 seqs merged into 9721 seqs, max len 4140
2018-08-05 13:50:50 DEBUG shape of hyp_score (480, 4)
2018-08-05 13:50:51 DEBUG shape of score (480, 4)
On task task0
Computing windowed sums
Computing threshold
2018-08-05 13:51:06 DEBUG CACHEDIR=/home/ktian/.cache/matplotlib
2018-08-05 13:51:06 DEBUG Using fontManager instance from /home/ktian/.cache/matplotlib/fontList.json
2018-08-05 13:51:06 DEBUG backend agg version v2.2
2018-08-05 13:51:06 DEBUG findfont: Matching :family=sans-serif:style=normal:variant=normal:weight=normal:stretch=normal:size=10.0 to DejaVu Sans (u'/home/ktian/anaconda3/envs/tfenv/lib/python2.7/site-packages/matplotlib/mpl-data/fonts/ttf/DejaVuSans.ttf') with score of 0.050000
peak(mu)= 0.3741015129135587
Mu: 3.741015e-01 +/- 1.199095e-05
Lablace_b: 0.49270165431072427 and 0.5428856723861759
Thresholds: -3.146116992578026 and 6.126046979895114
#fdrs pass: 0 and 8817
CDFs: 0.9992109859081546 and 0.9999749624083721
Est. FDRs: 1.0 and 0.009993764495197904
saving plot to figures/laplace_0.png
Got 640 coords
After resolving overlaps, got 640 seqlets
Across all tasks, the weakest laplace threshold used was: 0.9992109859081546
640 identified in total
1 activity patterns with support >= 100 out of 3 possible patterns
Metacluster sizes:  [639]
Idx to activities:  {0: '1'}
On metacluster 0
Metacluster size 639
Relevant tasks:  ('task0',)
Relevant signs:  (1,)
(Round 1) num seqlets: 639
(Round 1) Computing coarse affmat
Beginning embedding computation
Computing embeddings
Finished embedding computation in 0.57 s
Starting affinity matrix computations
Normalization computed in 0.15 s
Cosine similarity mat computed in 0.22 s
Normalization computed in 0.15 s
Cosine similarity mat computed in 0.22 s
Finished affinity matrix computations in 0.46 s
(Round 1) Compute nearest neighbors from coarse affmat
Computed nearest neighbors in 0.03 s
(Round 1) Computing affinity matrix on nearest neighbors
Launching nearest neighbors affmat calculation job
Job completed in: 10.96 s
Launching nearest neighbors affmat calculation job
Job completed in: 10.87 s
(Round 1) Computed affinity matrix on nearest neighbors in 24.0 s
Filtered down to 632 of 639
(Round 1) Retained 632 rows out of 639 after filtering
(Round 1) Computing density adapted affmat
[t-SNE] Computing 31 nearest neighbors...
[t-SNE] Indexed 632 samples in 0.000s...
[t-SNE] Computed neighbors for 632 samples in 0.007s...
[t-SNE] Computed conditional probabilities for sample 632 / 632
[t-SNE] Mean sigma: 0.209867
(Round 1) Computing clustering
Beginning preprocessing + Louvain
Wrote graph to binary file in 7.03692507744 seconds
Running Louvain modularity optimization
[Parallel(n_jobs=20)]: Done  10 tasks      | elapsed:    0.5s
[Parallel(n_jobs=20)]: Done 160 tasks      | elapsed:   11.0s
[Parallel(n_jobs=20)]: Done 200 out of 200 | elapsed:   11.7s finished
Louvain completed 200 runs in 13.9577960968 seconds
Wrote graph to binary file in 0.155096054077 seconds
Running Louvain modularity optimization
After 1 runs, maximum modularity is Q = 0.739935
After 10 runs, maximum modularity is Q = 0.747414
Louvain completed 60 runs in 69.8521909714 seconds
Preproc + Louvain took 104.899474144 s
Got 10 clusters after round 1
Counts:
{0: 124, 1: 122, 2: 121, 3: 75, 4: 69, 5: 45, 6: 41, 7: 17, 8: 9, 9: 9}
(Round 1) Aggregating seqlets in each cluster
Aggregating for cluster 0 with 124 seqlets
Trimmed 10 out of 124
Aggregating for cluster 1 with 122 seqlets
Trimmed 1 out of 122
Skipped 1 seqlets
Aggregating for cluster 2 with 121 seqlets
Trimmed 47 out of 121
Aggregating for cluster 3 with 75 seqlets
Trimmed 5 out of 75
Skipped 1 seqlets
Aggregating for cluster 4 with 69 seqlets
Trimmed 1 out of 69
Aggregating for cluster 5 with 45 seqlets
Trimmed 0 out of 45
Aggregating for cluster 6 with 41 seqlets
Trimmed 4 out of 41
Aggregating for cluster 7 with 17 seqlets
Trimmed 2 out of 17
Aggregating for cluster 8 with 9 seqlets
Trimmed 0 out of 9
Aggregating for cluster 9 with 9 seqlets
Trimmed 0 out of 9
Got 10 clusters
Splitting into subclusters...
Inspecting for spurious merging
Wrote graph to binary file in 0.0140769481659 seconds
Running Louvain modularity optimization
After 1 runs, maximum modularity is Q = 0.00452502
Louvain completed 21 runs in 4.43084001541 seconds
Similarity is 0.9607082768135319; is_dissimilar is False
Inspecting for spurious merging
Wrote graph to binary file in 0.0247089862823 seconds
Running Louvain modularity optimization
After 1 runs, maximum modularity is Q = 0.0072147
Louvain completed 21 runs in 3.94187188148 seconds
Similarity is 0.9393675963696996; is_dissimilar is False
Inspecting for spurious merging
Wrote graph to binary file in 0.0147559642792 seconds
Running Louvain modularity optimization
After 1 runs, maximum modularity is Q = 0.00866297
Louvain completed 21 runs in 3.96928501129 seconds
Similarity is 0.8998626999134287; is_dissimilar is False
Inspecting for spurious merging
Wrote graph to binary file in 0.0109651088715 seconds
Running Louvain modularity optimization
After 1 runs, maximum modularity is Q = 0.00393898
Louvain completed 21 runs in 3.96718907356 seconds
Similarity is 0.957487255974274; is_dissimilar is False
Inspecting for spurious merging
Wrote graph to binary file in 0.00894999504089 seconds
Running Louvain modularity optimization
After 1 runs, maximum modularity is Q = 0.00522575
After 5 runs, maximum modularity is Q = 0.00522576
Louvain completed 25 runs in 5.07384395599 seconds
Similarity is 0.9443181714769193; is_dissimilar is False
Inspecting for spurious merging
Wrote graph to binary file in 0.00697183609009 seconds
Running Louvain modularity optimization
After 1 runs, maximum modularity is Q = 0.00218548
After 2 runs, maximum modularity is Q = 0.00218549
Louvain completed 22 runs in 4.08697199821 seconds
Similarity is 0.963776965672942; is_dissimilar is False
Inspecting for spurious merging
Wrote graph to binary file in 0.00373911857605 seconds
Running Louvain modularity optimization
After 1 runs, maximum modularity is Q = 0.000460561
After 2 runs, maximum modularity is Q = 0.00068219
After 3 runs, maximum modularity is Q = 0.000783473
Louvain completed 23 runs in 4.55983877182 seconds
Similarity is 0.954352617740572; is_dissimilar is False
Merging on 10 clusters
On merging iteration 1
Computing pattern to seqlet distances
Computing pattern to pattern distances
Collapsing 0 & 2 with prob 0.000981360557544287 and sim 0.9787359206864159
Collapsing 4 & 5 with prob 0.0002189436167644501 and sim 0.9630307594927088
Collapsing 1 & 6 with prob 1.651284756283557e-05 and sim 0.9622823814781349
Collapsing 0 & 4 with prob 7.586204166106418e-05 and sim 0.9565480655638667
Collapsing 3 & 4 with prob 5.491785291643726e-05 and sim 0.9477278671949328
Aborting collapse as 2 & 3 have prob 1.008224612110313e-06 and sim 0.8226524894495009
Collapsing 3 & 5 with prob 0.0001116346835110911 and sim 0.9472403187217936
Aborting collapse as 2 & 3 have prob 1.008224612110313e-06 and sim 0.8226524894495009
Collapsing 0 & 5 with prob 5.398685140532164e-05 and sim 0.9387263497466061
Collapsing 2 & 4 with prob 0.00011576120650969318 and sim 0.9303543340990498
Collapsing 2 & 5 with prob 1.2628133422476496e-05 and sim 0.9189076151663512
Trimmed 0 out of 188
Trimmed 0 out of 113
Trimmed 0 out of 157
Trimmed 0 out of 301
On merging iteration 2
Computing pattern to seqlet distances
Computing pattern to pattern distances
Collapsing 0 & 2 with prob 3.220407877162011e-05 and sim 0.8988767760455764
Trimmed 0 out of 370
On merging iteration 3
Computing pattern to seqlet distances
Computing pattern to pattern distances
Got 5 patterns after merging
Performing seqlet reassignment
Cross contin jaccard time taken: 1.69 s
Cross contin jaccard time taken: 1.66 s
Discarded 9 seqlets
Got 2 patterns after reassignment
Total time taken is 190.09s
2018-08-05 13:54:51 DEBUG **************** workflow done *********************
2018-08-05 13:54:51 DEBUG **************** result saved *********************
