2018-08-18 17:43:37 INFO  run_tfmodisco.py scores/hyp_scores_task_ subset_nobg.fa subset_nobg.tsv 6234 1
2018-08-18 17:43:38 DEBUG $HOME=/home/ktian
2018-08-18 17:43:38 DEBUG matplotlib data path /home/ktian/anaconda3/envs/modisco_dev/lib/python2.7/site-packages/matplotlib/mpl-data
2018-08-18 17:43:38 DEBUG loaded rc file /home/ktian/anaconda3/envs/modisco_dev/lib/python2.7/site-packages/matplotlib/mpl-data/matplotlibrc
2018-08-18 17:43:38 DEBUG matplotlib version 2.2.2
2018-08-18 17:43:38 DEBUG interactive is False
2018-08-18 17:43:38 DEBUG platform is linux2
2018-08-18 17:43:38 DEBUG loaded modules: ['numpy.testing.nose_tools.nosetester', 'heapq', 'numpy.core.info', 'distutils', 'functools', 'random', 'unittest.types', 'datetime', 'sysconfig', 'json.encoder', 'select', 'gc', 'numpy.lib.numpy', 'distutils.sysconfig', 'ctypes._endian', 'encodings.encodings', 'unittest.pprint', 'matplotlib.colors', 'numpy.core.numerictypes', 'numpy._distributor_init', 'numpy.random.mtrand', 'logging.weakref', 'numpy.matrixlib.defmatrix', 'numpy.random.info', 'tempfile', 'pprint', 'numpy.linalg', 'mkl_fft', 'imp', 'numpy.testing', 'collections', 'logging.thread', 'unittest.sys', 'numpy.core.umath', 'unittest.main', 'distutils.types', 'numpy.lib._version', 'zipimport', 'string', 'json.struct', 'numpy.linalg.info', 'numpy.polynomial._polybase', 'unittest.functools', 'numpy.lib.arraysetops', 'matplotlib.compat', 'encodings.utf_8', 'unittest.util', 'numpy.version', 'distutils.re', 'ctypes.os', 'numpy.core.machar', 'numpy.lib.type_check', 'httplib', 'unittest.StringIO', 'bisect', 'numpy.core._internal', 'signal', 'numpy.random.operator', 'numpy.lib._datasource', 'unittest.re', 'threading', 'token', 'numpy.fft.fftpack_lite', 'json.scanner', 'matplotlib.cbook', '_cython_0_27_3', 'textwrap', 'numpy.core.multiarray', 'cycler', 'numpy.lib', 'numpy.linalg._umath_linalg', 'decimal', 'json.json', 'dis', 'distutils.version', 'cStringIO', 'google', 'logging.threading', 'unittest.time', 'locale', 'numpy.add_newdocs', 'logging.os', 'unittest.difflib', 'numpy.core.getlimits', 'base64', 'atexit', 'pyparsing', 'matplotlib.compat.subprocess', 'encodings', 'matplotlib.cbook.warnings', 'matplotlib._color_data', 'matplotlib.cbook.deprecation', 'logging.traceback', 'matplotlib.cbook.textwrap', 'abc', 'numpy.matrixlib', 'numpy.ma.extras', 'numpy.testing.decorators', 'numpy._globals', 'rfc822', 'numpy.lib.npyio', 'backports', 'matplotlib.sys', 'numpy.random.threading', 're', 'numpy.lib.mixins', '_posixsubprocess32', 'numpy.polynomial.legendre', 'mkl_fft._pydfti', 'numpy.core.shape_base', 'math', 'numpy.fft.helper', 'fcntl', 'unittest.case', 'matplotlib.fontconfig_pattern', 'mpl_toolkits', 'dateutil', 'ast', 'UserDict', 'unittest.suite', 'inspect', 'distutils.os', 'matplotlib', 'fnmatch', '_hashlib', 'ctypes', '_ctypes', 'ctypes.struct', 'codecs', 'backports.functools_lru_cache', 'logging.sys', '_json', 'numpy.os', 'unittest.loader', 'struct', '_functools', '_locale', 'logging', 'socket', 'thread', 'StringIO', 'numpy.core.memmap', 'pickle', 'traceback', 'cython_runtime', 'numpy.lib.info', 'weakref', 'itertools', 'numpy.ctypes', 'opcode', 'numpy.linalg.lapack_lite', 'numpy.ma', 'distutils.sys', 'os', 'marshal', 'mimetools', '__future__', 'six.moves', '_collections', 'urllib', '_sre', 'unittest', 'numpy.random', '__builtin__', 'numpy._mklinit', 'numpy.lib.twodim_base', 'numpy.polynomial', 'unittest.runner', 'operator', 'array', 'numpy.core.arrayprint', 'distutils.string', 'numpy.compat.py3k', 'ctypes._ctypes', '_heapq', 'ctypes.sys', 'six.moves.urllib', 'unittest.collections', 'posixpath', 'numpy.lib.financial', 'numpy.fft.fftpack', 'errno', 'mkl_fft._numpy_fft', '_socket', 'binascii', 'json', 'sre_constants', 'matplotlib.cbook.functools', 'logging.codecs', 'numpy.core._methods', 'os.path', 'numpy.core.function_base', 'tokenize', 'numpy.lib.stride_tricks', 'matplotlib.json', 'numpy', '_warnings', 'numpy.polynomial.chebyshev', 'numpy.testing.nose_tools.utils', 'json.re', 'cPickle', 'encodings.__builtin__', 'numpy.polynomial.hermite_e', '_codecs', 'subprocess32', 'unittest.fnmatch', 'numpy.polynomial.polynomial', 'numpy.__config__', 'encodings.ascii', 'pwd', 'mkl_fft.numpy', 'numpy.ma.core', 'numpy.testing.utils', 'logging.atexit', 'matplotlib.cbook._backports', 'numpy.lib.ufunclike', 'copy', '_sysconfigdata', '_struct', 'numpy.core.fromnumeric', 'hashlib', 'numpy.ctypeslib', 'matplotlib._version', '_ast', 'keyword', 'numpy.lib.scimath', 'numpy.fft', 'zlib', 'numpy.lib.nanfunctions', 'numpy.random.numpy', 'unittest.weakref', 'logging.time', 'numpy.core.multiarray_tests', '_bisect', 'numpy.polynomial.hermite', 'posix', 'encodings.aliases', 'numpy.lib.function_base', 'exceptions', 'sre_parse', 'json._json', 'logging.warnings', 'numpy.random.warnings', 'distutils.distutils', 'unittest.signal', 'copy_reg', 'sre_compile', 'json.sys', 'logging.cStringIO', '_random', 'site', 'numpy.lib.polynomial', 'numpy.compat', 'numpy._import_tools', 'logging.collections', 'backports_abc', 'contextlib', 'numbers', 'io', '__main__', 'numpy.fft.info', 'numpy.core.records', 'shutil', 'numpy.sys', 'numpy.polynomial.polyutils', 'urlparse', 'dateutil._version', 'unittest.result', 'strop', 'grp', 'linecache', 'numpy.core.numeric', 'six', 'encodings.codecs', 'six.moves.urllib.request', '_abcoll', 'matplotlib.testing', 'numpy.core', 'matplotlib.rcsetup', 'genericpath', 'stat', '_ssl', 'numpy.lib._iotools', 'numpy.lib.index_tricks', 'warnings', 'numpy.lib.utils', 'numpy.core.defchararray', 'glob', 'numpy.lib.shape_base', 'urllib2', 'unittest.signals', 'sys', 'unittest.traceback', 'numpy.polynomial.laguerre', 'numpy.compat._inspect', 'numpy.core.einsumfunc', 'ctypes.ctypes', 'numpy.lib.format', 'numpy.lib.arrayterator', 'numpy.testing.nosetester', 'types', 'bz2', 'future_builtins', 'ssl', 'numpy.testing.nose_tools', 'numpy.lib.arraypad', '_weakref', 'numpy.testing.nose_tools.decorators', 'difflib', 'distutils.errors', '_io', '_weakrefset', 'json.decoder', 'unittest.warnings', 'time', 'gzip', 'numpy.linalg.linalg', 'unittest.os']
Using cuDNN version 7001 on context None
Mapped name None to device cuda0: GeForce GTX TITAN X (0000:08:00.0)
2018-08-18 17:43:40 DEBUG Theano version:1.0.2
2018-08-18 17:43:40 DEBUG 2.7.15 |Anaconda, Inc.| (default, May  1 2018, 23:32:55) 
[GCC 7.2.0]
2018-08-18 17:43:40 DEBUG method file prefix is scores/hyp_scores_task_, input seq file is subset_nobg.fa, input tsv is subset_nobg.tsv, start_task is 0 end_task is 1
2018-08-18 17:43:40 DEBUG lenth of sequences = 21857
2018-08-18 17:43:41 DEBUG merged overlaps based on in_tsv subset_nobg.tsv, 21857 seqs merged into 6955 seqs, max len 873
2018-08-18 17:43:42 DEBUG shape of hyp_score (440, 4)
2018-08-18 17:43:42 DEBUG shape of score (440, 4)
On task task0
Computing windowed sums
Computing threshold
2018-08-18 17:43:48 DEBUG CACHEDIR=/home/ktian/.cache/matplotlib
2018-08-18 17:43:48 DEBUG Using fontManager instance from /home/ktian/.cache/matplotlib/fontList.json
2018-08-18 17:43:48 DEBUG backend agg version v2.2
2018-08-18 17:43:49 DEBUG findfont: Matching :family=sans-serif:style=normal:variant=normal:weight=normal:stretch=normal:size=10.0 to DejaVu Sans (u'/home/ktian/anaconda3/envs/tfenv/lib/python2.7/site-packages/matplotlib/mpl-data/fonts/ttf/DejaVuSans.ttf') with score of 0.050000
peak(mu)= -0.1591966940913019
Mu: -1.591967e-01 +/- 7.822663e-06
Lablace_b: 0.40246561415684906 and 0.7510791817671708
Thresholds: -3.8068600911647086 and 5.711887546504538
#fdrs pass: 0 and 15576
CDFs: 0.9998841590049827 and 0.9995971170818226
Est. FDRs: 1.0 and 0.049986259205292434
saving plot to figures/laplace_0.png
Got 1850 coords
After resolving overlaps, got 1850 seqlets
Across all tasks, the weakest laplace threshold used was: 0.9995971170818226
1850 identified in total
1 activity patterns with support >= 100 out of 3 possible patterns
Metacluster sizes:  [1849]
Idx to activities:  {0: '1'}
On metacluster 0
Metacluster size 1849
Relevant tasks:  ('task0',)
Relevant signs:  (1,)
seed=6234
seed=%d 6234
(Round 1) num seqlets: 1849
(Round 1) Computing coarse affmat
Beginning embedding computation
Computing embeddings
Finished embedding computation in 1.79 s
Starting affinity matrix computations
Normalization computed in 0.4 s
Cosine similarity mat computed in 0.72 s
Normalization computed in 0.44 s
Cosine similarity mat computed in 0.74 s
Finished affinity matrix computations in 1.51 s
(Round 1) Compute nearest neighbors from coarse affmat
Computed nearest neighbors in 0.13 s
(Round 1) Computing affinity matrix on nearest neighbors
Launching nearest neighbors affmat calculation job
Job completed in: 24.94 s
Launching nearest neighbors affmat calculation job
Job completed in: 24.06 s
(Round 1) Computed affinity matrix on nearest neighbors in 51.44 s
Filtered down to 1672 of 1849
(Round 1) Retained 1672 rows out of 1849 after filtering
(Round 1) Computing density adapted affmat
[t-SNE] Computing 31 nearest neighbors...
[t-SNE] Indexed 1672 samples in 0.001s...
[t-SNE] Computed neighbors for 1672 samples in 0.030s...
[t-SNE] Computed conditional probabilities for sample 1000 / 1672
[t-SNE] Computed conditional probabilities for sample 1672 / 1672
[t-SNE] Mean sigma: 0.208189
(Round 1) Computing clustering
Beginning preprocessing + Louvain
Wrote graph to binary file in 0.111732959747 seconds
Running Louvain modularity optimization
[Parallel(n_jobs=10)]: Done  40 tasks      | elapsed:    0.7s
[Parallel(n_jobs=10)]: Done 200 out of 200 | elapsed:    2.9s finished
Louvain completed 200 runs in 4.71851086617 seconds
Wrote graph to binary file in 0.988646030426 seconds
Running Louvain modularity optimization
After 1 runs, maximum modularity is Q = 0.603444
After 2 runs, maximum modularity is Q = 0.620686
After 3 runs, maximum modularity is Q = 0.621614
After 10 runs, maximum modularity is Q = 0.660211
Louvain completed 60 runs in 9.92844796181 seconds
Preproc + Louvain took 15.9835958481 s
Got 9 clusters after round 1
Counts:
{0: 400, 1: 368, 2: 258, 3: 244, 4: 146, 5: 96, 6: 77, 7: 59, 8: 24}
(Round 1) Aggregating seqlets in each cluster
Aggregating for cluster 0 with 400 seqlets
Trimmed 29 out of 400
Aggregating for cluster 1 with 368 seqlets
Trimmed 38 out of 368
Aggregating for cluster 2 with 258 seqlets
Trimmed 25 out of 258
Aggregating for cluster 3 with 244 seqlets
Trimmed 32 out of 244
Aggregating for cluster 4 with 146 seqlets
Trimmed 16 out of 146
Aggregating for cluster 5 with 96 seqlets
Trimmed 10 out of 96
Aggregating for cluster 6 with 77 seqlets
Trimmed 5 out of 77
Aggregating for cluster 7 with 59 seqlets
Trimmed 4 out of 59
Aggregating for cluster 8 with 24 seqlets
Trimmed 0 out of 24
(Round 2) num seqlets: 1513
(Round 2) Computing coarse affmat
Beginning embedding computation
Computing embeddings
Finished embedding computation in 1.61 s
Starting affinity matrix computations
Normalization computed in 0.39 s
Cosine similarity mat computed in 0.6 s
Normalization computed in 0.38 s
Cosine similarity mat computed in 0.57 s
Finished affinity matrix computations in 1.2 s
(Round 2) Compute nearest neighbors from coarse affmat
Computed nearest neighbors in 0.08 s
(Round 2) Computing affinity matrix on nearest neighbors
Launching nearest neighbors affmat calculation job
Job completed in: 34.38 s
Launching nearest neighbors affmat calculation job
Job completed in: 33.94 s
(Round 2) Computed affinity matrix on nearest neighbors in 70.74 s
Not applying filtering for rounds above first round
(Round 2) Computing density adapted affmat
[t-SNE] Computing 31 nearest neighbors...
[t-SNE] Indexed 1513 samples in 0.001s...
[t-SNE] Computed neighbors for 1513 samples in 0.030s...
[t-SNE] Computed conditional probabilities for sample 1000 / 1513
[t-SNE] Computed conditional probabilities for sample 1513 / 1513
[t-SNE] Mean sigma: 0.207576
(Round 2) Computing clustering
Beginning preprocessing + Louvain
Wrote graph to binary file in 0.0832698345184 seconds
Running Louvain modularity optimization
[Parallel(n_jobs=10)]: Done  30 tasks      | elapsed:    0.7s
[Parallel(n_jobs=10)]: Done 180 tasks      | elapsed:    2.8s
[Parallel(n_jobs=10)]: Done 200 out of 200 | elapsed:    3.1s finished
Louvain completed 200 runs in 4.85140800476 seconds
Wrote graph to binary file in 0.84225487709 seconds
Running Louvain modularity optimization
After 1 runs, maximum modularity is Q = 0.62189
After 8 runs, maximum modularity is Q = 0.628981
After 12 runs, maximum modularity is Q = 0.628987
After 13 runs, maximum modularity is Q = 0.630429
After 26 runs, maximum modularity is Q = 0.630435
Louvain completed 76 runs in 12.2774400711 seconds
Preproc + Louvain took 18.216452837 s
Got 7 clusters after round 2
Counts:
{0: 486, 1: 388, 2: 331, 3: 147, 4: 77, 5: 46, 6: 38}
(Round 2) Aggregating seqlets in each cluster
Aggregating for cluster 0 with 486 seqlets
Trimmed 5 out of 486
Aggregating for cluster 1 with 388 seqlets
Trimmed 17 out of 388
Aggregating for cluster 2 with 331 seqlets
Trimmed 36 out of 331
Aggregating for cluster 3 with 147 seqlets
Trimmed 5 out of 147
Aggregating for cluster 4 with 77 seqlets
Trimmed 24 out of 77
Aggregating for cluster 5 with 46 seqlets
Trimmed 3 out of 46
Aggregating for cluster 6 with 38 seqlets
Trimmed 2 out of 38
Got 7 clusters
Splitting into subclusters...
Inspecting for spurious merging
Wrote graph to binary file in 0.260478973389 seconds
Running Louvain modularity optimization
After 1 runs, maximum modularity is Q = 0.00403482
After 2 runs, maximum modularity is Q = 0.00404579
After 4 runs, maximum modularity is Q = 0.00404768
Louvain completed 24 runs in 3.15916800499 seconds
Similarity is 0.9342483087186509; is_dissimilar is False
Inspecting for spurious merging
Wrote graph to binary file in 0.184297084808 seconds
Running Louvain modularity optimization
After 1 runs, maximum modularity is Q = 0.00476264
After 3 runs, maximum modularity is Q = 0.00476292
Louvain completed 23 runs in 2.63843202591 seconds
Similarity is 0.9132162578406363; is_dissimilar is False
Inspecting for spurious merging
Wrote graph to binary file in 0.0869219303131 seconds
Running Louvain modularity optimization
After 1 runs, maximum modularity is Q = 0.00474555
Louvain completed 21 runs in 2.37358188629 seconds
Similarity is 0.9347155725610591; is_dissimilar is False
Inspecting for spurious merging
Wrote graph to binary file in 0.0287101268768 seconds
Running Louvain modularity optimization
After 1 runs, maximum modularity is Q = 0.00552921
After 2 runs, maximum modularity is Q = 0.00553439
Louvain completed 22 runs in 1.98704791069 seconds
Similarity is 0.9120329817080229; is_dissimilar is False
Inspecting for spurious merging
Wrote graph to binary file in 0.00613784790039 seconds
Running Louvain modularity optimization
After 1 runs, maximum modularity is Q = 0.00770311
After 7 runs, maximum modularity is Q = 0.00770312
Louvain completed 27 runs in 2.52081608772 seconds
Similarity is 0.740160789249658; is_dissimilar is True
Inspecting for spurious merging
Wrote graph to binary file in 0.00390887260437 seconds
Running Louvain modularity optimization
After 1 runs, maximum modularity is Q = 0.00412005
After 2 runs, maximum modularity is Q = 0.00448253
After 7 runs, maximum modularity is Q = 0.00448254
Louvain completed 27 runs in 2.4879899025 seconds
Similarity is 0.7922555453479033; is_dissimilar is True
Got 3 subclusters
Inspecting for spurious merging
Wrote graph to binary file in 0.00435495376587 seconds
Running Louvain modularity optimization
After 1 runs, maximum modularity is Q = 0.00725245
After 2 runs, maximum modularity is Q = 0.00744218
Louvain completed 22 runs in 2.22218489647 seconds
Similarity is 0.8828559543971465; is_dissimilar is False
Inspecting for spurious merging
Wrote graph to binary file in 0.00481581687927 seconds
Running Louvain modularity optimization
After 1 runs, maximum modularity is Q = 0.00455406
Louvain completed 21 runs in 2.16228294373 seconds
Similarity is 0.933325158859535; is_dissimilar is False
Merging on 9 clusters
On merging iteration 1
Computing pattern to seqlet distances
Computing pattern to pattern distances
Collapsing 2 & 3 with prob 0.0002360577226293092 and sim 0.9532538332286358
Collapsing 2 & 8 with prob 6.043810079224728e-06 and sim 0.9325811827073183
Collapsing 3 & 8 with prob 4.105038831296649e-06 and sim 0.9273759601151977
Collapsing 1 & 3 with prob 1.2593502221008993e-05 and sim 0.9150398343570065
Collapsing 1 & 8 with prob 2.9368934023508933e-06 and sim 0.903067844151187
Collapsing 1 & 7 with prob 4.485062324281197e-05 and sim 0.8819183003702424
Aborting collapse as 3 & 7 have prob 3.4570938669027775e-08 and sim 0.8380171289634808
Collapsing 1 & 2 with prob 0.0009196969478530065 and sim 0.8785339189978821
Trimmed 0 out of 437
Trimmed 0 out of 473
Trimmed 1 out of 844
On merging iteration 2
Computing pattern to seqlet distances
Computing pattern to pattern distances
Collapsing 0 & 2 with prob 4.739441948201781e-05 and sim 0.8950832594136736
Trimmed 0 out of 886
On merging iteration 3
Computing pattern to seqlet distances
Computing pattern to pattern distances
Got 5 patterns after merging
Performing seqlet reassignment
Cross contin jaccard time taken: 0.6 s
Cross contin jaccard time taken: 0.62 s
Discarded 16 seqlets
Got 2 patterns after reassignment
Total time taken is 214.04s
2018-08-18 17:47:26 DEBUG **************** workflow done *********************
2018-08-18 17:47:26 DEBUG **************** result saved *********************
