2018-08-18 16:23:34 INFO  run_tfmodisco.py scores/hyp_scores_task_ subset_nobg.fa subset_nobg.tsv 3234 1
2018-08-18 16:23:34 DEBUG $HOME=/home/ktian
2018-08-18 16:23:34 DEBUG matplotlib data path /home/ktian/anaconda3/envs/modisco_dev/lib/python2.7/site-packages/matplotlib/mpl-data
2018-08-18 16:23:34 DEBUG loaded rc file /home/ktian/anaconda3/envs/modisco_dev/lib/python2.7/site-packages/matplotlib/mpl-data/matplotlibrc
2018-08-18 16:23:34 DEBUG matplotlib version 2.2.2
2018-08-18 16:23:34 DEBUG interactive is False
2018-08-18 16:23:34 DEBUG platform is linux2
2018-08-18 16:23:34 DEBUG loaded modules: ['numpy.testing.nose_tools.nosetester', 'heapq', 'numpy.core.info', 'distutils', 'functools', 'random', 'unittest.types', 'datetime', 'sysconfig', 'json.encoder', 'select', 'gc', 'numpy.lib.numpy', 'distutils.sysconfig', 'ctypes._endian', 'encodings.encodings', 'unittest.pprint', 'matplotlib.colors', 'numpy.core.numerictypes', 'numpy._distributor_init', 'numpy.random.mtrand', 'logging.weakref', 'numpy.matrixlib.defmatrix', 'numpy.random.info', 'tempfile', 'pprint', 'numpy.linalg', 'mkl_fft', 'imp', 'numpy.testing', 'collections', 'logging.thread', 'unittest.sys', 'numpy.core.umath', 'unittest.main', 'distutils.types', 'numpy.lib._version', 'zipimport', 'string', 'json.struct', 'numpy.linalg.info', 'numpy.polynomial._polybase', 'unittest.functools', 'numpy.lib.arraysetops', 'matplotlib.compat', 'encodings.utf_8', 'unittest.util', 'numpy.version', 'distutils.re', 'ctypes.os', 'numpy.core.machar', 'numpy.lib.type_check', 'httplib', 'unittest.StringIO', 'bisect', 'numpy.core._internal', 'signal', 'numpy.random.operator', 'numpy.lib._datasource', 'unittest.re', 'threading', 'token', 'numpy.fft.fftpack_lite', 'json.scanner', 'matplotlib.cbook', '_cython_0_27_3', 'textwrap', 'numpy.core.multiarray', 'cycler', 'numpy.lib', 'numpy.linalg._umath_linalg', 'decimal', 'json.json', 'dis', 'distutils.version', 'cStringIO', 'google', 'logging.threading', 'unittest.time', 'locale', 'numpy.add_newdocs', 'logging.os', 'unittest.difflib', 'numpy.core.getlimits', 'base64', 'atexit', 'pyparsing', 'matplotlib.compat.subprocess', 'encodings', 'matplotlib.cbook.warnings', 'matplotlib._color_data', 'matplotlib.cbook.deprecation', 'logging.traceback', 'matplotlib.cbook.textwrap', 'abc', 'numpy.matrixlib', 'numpy.ma.extras', 'numpy.testing.decorators', 'numpy._globals', 'rfc822', 'numpy.lib.npyio', 'backports', 'matplotlib.sys', 'numpy.random.threading', 're', 'numpy.lib.mixins', '_posixsubprocess32', 'numpy.polynomial.legendre', 'mkl_fft._pydfti', 'numpy.core.shape_base', 'math', 'numpy.fft.helper', 'fcntl', 'unittest.case', 'matplotlib.fontconfig_pattern', 'mpl_toolkits', 'dateutil', 'ast', 'UserDict', 'unittest.suite', 'inspect', 'distutils.os', 'matplotlib', 'fnmatch', '_hashlib', 'ctypes', '_ctypes', 'ctypes.struct', 'codecs', 'backports.functools_lru_cache', 'logging.sys', '_json', 'numpy.os', 'unittest.loader', 'struct', '_functools', '_locale', 'logging', 'socket', 'thread', 'StringIO', 'numpy.core.memmap', 'pickle', 'traceback', 'cython_runtime', 'numpy.lib.info', 'weakref', 'itertools', 'numpy.ctypes', 'opcode', 'numpy.linalg.lapack_lite', 'numpy.ma', 'distutils.sys', 'os', 'marshal', 'mimetools', '__future__', 'six.moves', '_collections', 'urllib', '_sre', 'unittest', 'numpy.random', '__builtin__', 'numpy._mklinit', 'numpy.lib.twodim_base', 'numpy.polynomial', 'unittest.runner', 'operator', 'array', 'numpy.core.arrayprint', 'distutils.string', 'numpy.compat.py3k', 'ctypes._ctypes', '_heapq', 'ctypes.sys', 'six.moves.urllib', 'unittest.collections', 'posixpath', 'numpy.lib.financial', 'numpy.fft.fftpack', 'errno', 'mkl_fft._numpy_fft', '_socket', 'binascii', 'json', 'sre_constants', 'matplotlib.cbook.functools', 'logging.codecs', 'numpy.core._methods', 'os.path', 'numpy.core.function_base', 'tokenize', 'numpy.lib.stride_tricks', 'matplotlib.json', 'numpy', '_warnings', 'numpy.polynomial.chebyshev', 'numpy.testing.nose_tools.utils', 'json.re', 'cPickle', 'encodings.__builtin__', 'numpy.polynomial.hermite_e', '_codecs', 'subprocess32', 'unittest.fnmatch', 'numpy.polynomial.polynomial', 'numpy.__config__', 'encodings.ascii', 'pwd', 'mkl_fft.numpy', 'numpy.ma.core', 'numpy.testing.utils', 'logging.atexit', 'matplotlib.cbook._backports', 'numpy.lib.ufunclike', 'copy', '_sysconfigdata', '_struct', 'numpy.core.fromnumeric', 'hashlib', 'numpy.ctypeslib', 'matplotlib._version', '_ast', 'keyword', 'numpy.lib.scimath', 'numpy.fft', 'zlib', 'numpy.lib.nanfunctions', 'numpy.random.numpy', 'unittest.weakref', 'logging.time', 'numpy.core.multiarray_tests', '_bisect', 'numpy.polynomial.hermite', 'posix', 'encodings.aliases', 'numpy.lib.function_base', 'exceptions', 'sre_parse', 'json._json', 'logging.warnings', 'numpy.random.warnings', 'distutils.distutils', 'unittest.signal', 'copy_reg', 'sre_compile', 'json.sys', 'logging.cStringIO', '_random', 'site', 'numpy.lib.polynomial', 'numpy.compat', 'numpy._import_tools', 'logging.collections', 'backports_abc', 'contextlib', 'numbers', 'io', '__main__', 'numpy.fft.info', 'numpy.core.records', 'shutil', 'numpy.sys', 'numpy.polynomial.polyutils', 'urlparse', 'dateutil._version', 'unittest.result', 'strop', 'grp', 'linecache', 'numpy.core.numeric', 'six', 'encodings.codecs', 'six.moves.urllib.request', '_abcoll', 'matplotlib.testing', 'numpy.core', 'matplotlib.rcsetup', 'genericpath', 'stat', '_ssl', 'numpy.lib._iotools', 'numpy.lib.index_tricks', 'warnings', 'numpy.lib.utils', 'numpy.core.defchararray', 'glob', 'numpy.lib.shape_base', 'urllib2', 'unittest.signals', 'sys', 'unittest.traceback', 'numpy.polynomial.laguerre', 'numpy.compat._inspect', 'numpy.core.einsumfunc', 'ctypes.ctypes', 'numpy.lib.format', 'numpy.lib.arrayterator', 'numpy.testing.nosetester', 'types', 'bz2', 'future_builtins', 'ssl', 'numpy.testing.nose_tools', 'numpy.lib.arraypad', '_weakref', 'numpy.testing.nose_tools.decorators', 'difflib', 'distutils.errors', '_io', '_weakrefset', 'json.decoder', 'unittest.warnings', 'time', 'gzip', 'numpy.linalg.linalg', 'unittest.os']
Using cuDNN version 7001 on context None
Mapped name None to device cuda0: GeForce GTX TITAN X (0000:08:00.0)
2018-08-18 16:23:37 DEBUG Theano version:1.0.2
2018-08-18 16:23:37 DEBUG 2.7.15 |Anaconda, Inc.| (default, May  1 2018, 23:32:55) 
[GCC 7.2.0]
2018-08-18 16:23:37 DEBUG method file prefix is scores/hyp_scores_task_, input seq file is subset_nobg.fa, input tsv is subset_nobg.tsv, start_task is 0 end_task is 1
2018-08-18 16:23:37 DEBUG lenth of sequences = 21857
2018-08-18 16:23:38 DEBUG merged overlaps based on in_tsv subset_nobg.tsv, 21857 seqs merged into 6955 seqs, max len 873
2018-08-18 16:23:39 DEBUG shape of hyp_score (440, 4)
2018-08-18 16:23:39 DEBUG shape of score (440, 4)
On task task0
Computing windowed sums
Computing threshold
2018-08-18 16:23:45 DEBUG CACHEDIR=/home/ktian/.cache/matplotlib
2018-08-18 16:23:45 DEBUG Using fontManager instance from /home/ktian/.cache/matplotlib/fontList.json
2018-08-18 16:23:45 DEBUG backend agg version v2.2
2018-08-18 16:23:45 DEBUG findfont: Matching :family=sans-serif:style=normal:variant=normal:weight=normal:stretch=normal:size=10.0 to DejaVu Sans (u'/home/ktian/anaconda3/envs/tfenv/lib/python2.7/site-packages/matplotlib/mpl-data/fonts/ttf/DejaVuSans.ttf') with score of 0.050000
peak(mu)= -0.1591966940913019
Mu: -1.591967e-01 +/- 7.822663e-06
Lablace_b: 0.40246561415684906 and 0.7510791817671708
Thresholds: -3.8068600911647086 and 5.711887546504538
#fdrs pass: 0 and 15576
CDFs: 0.9998841590049827 and 0.9995971170818226
Est. FDRs: 1.0 and 0.049986259205292434
saving plot to figures/laplace_0.png
Got 1850 coords
After resolving overlaps, got 1850 seqlets
Across all tasks, the weakest laplace threshold used was: 0.9995971170818226
1850 identified in total
1 activity patterns with support >= 100 out of 3 possible patterns
Metacluster sizes:  [1849]
Idx to activities:  {0: '1'}
On metacluster 0
Metacluster size 1849
Relevant tasks:  ('task0',)
Relevant signs:  (1,)
seed=3234
seed=%d 3234
(Round 1) num seqlets: 1849
(Round 1) Computing coarse affmat
Beginning embedding computation
Computing embeddings
Finished embedding computation in 1.6 s
Starting affinity matrix computations
Normalization computed in 0.38 s
Cosine similarity mat computed in 0.69 s
Normalization computed in 0.51 s
Cosine similarity mat computed in 0.84 s
Finished affinity matrix computations in 1.56 s
(Round 1) Compute nearest neighbors from coarse affmat
Computed nearest neighbors in 0.13 s
(Round 1) Computing affinity matrix on nearest neighbors
Launching nearest neighbors affmat calculation job
Job completed in: 25.28 s
Launching nearest neighbors affmat calculation job
Job completed in: 25.14 s
(Round 1) Computed affinity matrix on nearest neighbors in 53.13 s
Filtered down to 1672 of 1849
(Round 1) Retained 1672 rows out of 1849 after filtering
(Round 1) Computing density adapted affmat
[t-SNE] Computing 31 nearest neighbors...
[t-SNE] Indexed 1672 samples in 0.002s...
[t-SNE] Computed neighbors for 1672 samples in 0.061s...
[t-SNE] Computed conditional probabilities for sample 1000 / 1672
[t-SNE] Computed conditional probabilities for sample 1672 / 1672
[t-SNE] Mean sigma: 0.208189
(Round 1) Computing clustering
Beginning preprocessing + Louvain
Wrote graph to binary file in 0.0794489383698 seconds
Running Louvain modularity optimization
[Parallel(n_jobs=20)]: Done  10 tasks      | elapsed:    0.2s
[Parallel(n_jobs=20)]: Done 200 out of 200 | elapsed:    1.6s finished
Louvain completed 200 runs in 3.52566885948 seconds
Wrote graph to binary file in 0.954915046692 seconds
Running Louvain modularity optimization
After 1 runs, maximum modularity is Q = 0.652399
After 14 runs, maximum modularity is Q = 0.662796
After 26 runs, maximum modularity is Q = 0.665298
After 34 runs, maximum modularity is Q = 0.666262
After 39 runs, maximum modularity is Q = 0.672001
Louvain completed 89 runs in 15.0371530056 seconds
Preproc + Louvain took 19.8215298653 s
Got 9 clusters after round 1
Counts:
{0: 402, 1: 368, 2: 359, 3: 226, 4: 146, 5: 58, 6: 55, 7: 43, 8: 15}
(Round 1) Aggregating seqlets in each cluster
Aggregating for cluster 0 with 402 seqlets
Trimmed 31 out of 402
Aggregating for cluster 1 with 368 seqlets
Trimmed 36 out of 368
Aggregating for cluster 2 with 359 seqlets
Trimmed 27 out of 359
Aggregating for cluster 3 with 226 seqlets
Trimmed 29 out of 226
Aggregating for cluster 4 with 146 seqlets
Trimmed 16 out of 146
Aggregating for cluster 5 with 58 seqlets
Trimmed 2 out of 58
Aggregating for cluster 6 with 55 seqlets
Trimmed 3 out of 55
Aggregating for cluster 7 with 43 seqlets
Trimmed 2 out of 43
Aggregating for cluster 8 with 15 seqlets
Trimmed 0 out of 15
(Round 2) num seqlets: 1526
(Round 2) Computing coarse affmat
Beginning embedding computation
Computing embeddings
Finished embedding computation in 1.55 s
Starting affinity matrix computations
Normalization computed in 0.36 s
Cosine similarity mat computed in 0.57 s
Normalization computed in 0.35 s
Cosine similarity mat computed in 0.53 s
Finished affinity matrix computations in 1.13 s
(Round 2) Compute nearest neighbors from coarse affmat
Computed nearest neighbors in 0.08 s
(Round 2) Computing affinity matrix on nearest neighbors
Launching nearest neighbors affmat calculation job
Job completed in: 32.79 s
Launching nearest neighbors affmat calculation job
Job completed in: 35.16 s
(Round 2) Computed affinity matrix on nearest neighbors in 70.53 s
Not applying filtering for rounds above first round
(Round 2) Computing density adapted affmat
[t-SNE] Computing 31 nearest neighbors...
[t-SNE] Indexed 1526 samples in 0.001s...
[t-SNE] Computed neighbors for 1526 samples in 0.030s...
[t-SNE] Computed conditional probabilities for sample 1000 / 1526
[t-SNE] Computed conditional probabilities for sample 1526 / 1526
[t-SNE] Mean sigma: 0.205992
(Round 2) Computing clustering
Beginning preprocessing + Louvain
Wrote graph to binary file in 0.0756950378418 seconds
Running Louvain modularity optimization
[Parallel(n_jobs=20)]: Done  10 tasks      | elapsed:    0.2s
[Parallel(n_jobs=20)]: Done 200 out of 200 | elapsed:    1.7s finished
Louvain completed 200 runs in 3.47030711174 seconds
Wrote graph to binary file in 0.887130975723 seconds
Running Louvain modularity optimization
After 1 runs, maximum modularity is Q = 0.589417
After 3 runs, maximum modularity is Q = 0.597479
After 5 runs, maximum modularity is Q = 0.599191
After 11 runs, maximum modularity is Q = 0.620461
Louvain completed 61 runs in 10.8226261139 seconds
Preproc + Louvain took 15.418738842 s
Got 8 clusters after round 2
Counts:
{0: 543, 1: 410, 2: 326, 3: 74, 4: 66, 5: 43, 6: 39, 7: 25}
(Round 2) Aggregating seqlets in each cluster
Aggregating for cluster 0 with 543 seqlets
Trimmed 33 out of 543
Aggregating for cluster 1 with 410 seqlets
Trimmed 9 out of 410
Aggregating for cluster 2 with 326 seqlets
Trimmed 12 out of 326
Aggregating for cluster 3 with 74 seqlets
Trimmed 2 out of 74
Aggregating for cluster 4 with 66 seqlets
Trimmed 8 out of 66
Aggregating for cluster 5 with 43 seqlets
Trimmed 5 out of 43
Aggregating for cluster 6 with 39 seqlets
Trimmed 7 out of 39
Aggregating for cluster 7 with 25 seqlets
Trimmed 0 out of 25
Got 8 clusters
Splitting into subclusters...
Inspecting for spurious merging
Wrote graph to binary file in 0.369454860687 seconds
Running Louvain modularity optimization
After 1 runs, maximum modularity is Q = 0.00437409
After 2 runs, maximum modularity is Q = 0.00437759
After 4 runs, maximum modularity is Q = 0.00438145
Louvain completed 24 runs in 3.76331686974 seconds
Similarity is 0.9270420133070538; is_dissimilar is False
Inspecting for spurious merging
Wrote graph to binary file in 0.182701826096 seconds
Running Louvain modularity optimization
After 1 runs, maximum modularity is Q = 0.00530911
After 3 runs, maximum modularity is Q = 0.00531005
Louvain completed 23 runs in 2.62865710258 seconds
Similarity is 0.9025376746798993; is_dissimilar is False
Inspecting for spurious merging
Wrote graph to binary file in 0.112134933472 seconds
Running Louvain modularity optimization
After 1 runs, maximum modularity is Q = 0.00412682
After 2 runs, maximum modularity is Q = 0.00417439
After 4 runs, maximum modularity is Q = 0.00417732
Louvain completed 24 runs in 2.15190792084 seconds
Similarity is 0.9431891100240452; is_dissimilar is False
Inspecting for spurious merging
Wrote graph to binary file in 0.0104260444641 seconds
Running Louvain modularity optimization
After 1 runs, maximum modularity is Q = 0.0108176
Louvain completed 21 runs in 2.11030006409 seconds
Similarity is 0.8532817621354348; is_dissimilar is False
Inspecting for spurious merging
Wrote graph to binary file in 0.00976490974426 seconds
Running Louvain modularity optimization
After 1 runs, maximum modularity is Q = 0.010074
After 2 runs, maximum modularity is Q = 0.0101943
Louvain completed 22 runs in 2.13563299179 seconds
Similarity is 0.859283073008344; is_dissimilar is False
Inspecting for spurious merging
Wrote graph to binary file in 0.00450086593628 seconds
Running Louvain modularity optimization
After 1 runs, maximum modularity is Q = 0.00935207
Louvain completed 21 runs in 1.78847193718 seconds
Similarity is 0.8794887816638994; is_dissimilar is False
Inspecting for spurious merging
Wrote graph to binary file in 0.00250101089478 seconds
Running Louvain modularity optimization
After 1 runs, maximum modularity is Q = 0.00315995
Louvain completed 21 runs in 1.52927184105 seconds
Similarity is 0.9338261126920383; is_dissimilar is False
Merging on 8 clusters
On merging iteration 1
Computing pattern to seqlet distances
Computing pattern to pattern distances
Collapsing 2 & 6 with prob 1.2805556494651064e-05 and sim 0.9378305208732827
Collapsing 2 & 4 with prob 3.7606953988857223e-06 and sim 0.9344515209974411
Collapsing 1 & 3 with prob 9.630779948452867e-05 and sim 0.9295164344900914
Collapsing 1 & 6 with prob 5.049008772770909e-06 and sim 0.9082795160593399
Aborting collapse as 3 & 4 have prob 1.829463945150573e-09 and sim 0.8162133655103898
Collapsing 2 & 7 with prob 3.824321036013379e-05 and sim 0.8986864600145906
Collapsing 1 & 2 with prob 0.0015664634340840588 and sim 0.8939743688449929
Aborting collapse as 3 & 4 have prob 1.829463945150573e-09 and sim 0.8162133655103898
Trimmed 0 out of 346
Trimmed 0 out of 404
Trimmed 1 out of 473
Trimmed 0 out of 429
On merging iteration 2
Computing pattern to seqlet distances
Computing pattern to pattern distances
Collapsing 1 & 2 with prob 0.005055914910532893 and sim 0.9116245695309803
Trimmed 11 out of 901
On merging iteration 3
Computing pattern to seqlet distances
Computing pattern to pattern distances
Got 3 patterns after merging
Performing seqlet reassignment
Got 3 patterns after reassignment
Total time taken is 216.41s
2018-08-18 16:27:24 DEBUG **************** workflow done *********************
2018-08-18 16:27:24 DEBUG **************** result saved *********************
