2018-08-04 19:27:55 INFO  run_tfmodisco.py scores/hyp_scores_task_ subset_nobg.fa subset_nobg.tsv 1
2018-08-04 19:27:55 DEBUG $HOME=/home/ktian
2018-08-04 19:27:55 DEBUG matplotlib data path /home/ktian/anaconda3/envs/modisco_dev/lib/python2.7/site-packages/matplotlib/mpl-data
2018-08-04 19:27:55 DEBUG loaded rc file /home/ktian/anaconda3/envs/modisco_dev/lib/python2.7/site-packages/matplotlib/mpl-data/matplotlibrc
2018-08-04 19:27:55 DEBUG matplotlib version 2.2.2
2018-08-04 19:27:55 DEBUG interactive is False
2018-08-04 19:27:55 DEBUG platform is linux2
2018-08-04 19:27:55 DEBUG loaded modules: ['numpy.testing.nose_tools.nosetester', 'heapq', 'numpy.core.info', 'distutils', 'functools', 'random', 'unittest.types', 'datetime', 'sysconfig', 'json.encoder', 'select', 'gc', 'numpy.lib.numpy', 'distutils.sysconfig', 'ctypes._endian', 'encodings.encodings', 'unittest.pprint', 'matplotlib.colors', 'numpy.core.numerictypes', 'numpy._distributor_init', 'numpy.random.mtrand', 'logging.weakref', 'numpy.matrixlib.defmatrix', 'numpy.random.info', 'tempfile', 'pprint', 'numpy.linalg', 'mkl_fft', 'imp', 'numpy.testing', 'collections', 'logging.thread', 'unittest.sys', 'numpy.core.umath', 'unittest.main', 'distutils.types', 'numpy.lib._version', 'zipimport', 'string', 'json.struct', 'numpy.linalg.info', 'numpy.polynomial._polybase', 'unittest.functools', 'numpy.lib.arraysetops', 'matplotlib.compat', 'encodings.utf_8', 'unittest.util', 'numpy.version', 'distutils.re', 'ctypes.os', 'numpy.core.machar', 'numpy.lib.type_check', 'httplib', 'unittest.StringIO', 'bisect', 'numpy.core._internal', 'signal', 'numpy.random.operator', 'numpy.lib._datasource', 'unittest.re', 'threading', 'token', 'numpy.fft.fftpack_lite', 'json.scanner', 'matplotlib.cbook', '_cython_0_27_3', 'textwrap', 'numpy.core.multiarray', 'cycler', 'numpy.lib', 'numpy.linalg._umath_linalg', 'decimal', 'json.json', 'dis', 'distutils.version', 'cStringIO', 'google', 'logging.threading', 'unittest.time', 'locale', 'numpy.add_newdocs', 'logging.os', 'unittest.difflib', 'numpy.core.getlimits', 'base64', 'atexit', 'pyparsing', 'matplotlib.compat.subprocess', 'encodings', 'matplotlib.cbook.warnings', 'matplotlib._color_data', 'matplotlib.cbook.deprecation', 'logging.traceback', 'matplotlib.cbook.textwrap', 'abc', 'numpy.matrixlib', 'numpy.ma.extras', 'numpy.testing.decorators', 'numpy._globals', 'rfc822', 'numpy.lib.npyio', 'backports', 'matplotlib.sys', 'numpy.random.threading', 're', 'numpy.lib.mixins', '_posixsubprocess32', 'numpy.polynomial.legendre', 'mkl_fft._pydfti', 'numpy.core.shape_base', 'math', 'numpy.fft.helper', 'fcntl', 'unittest.case', 'matplotlib.fontconfig_pattern', 'mpl_toolkits', 'dateutil', 'ast', 'UserDict', 'unittest.suite', 'inspect', 'distutils.os', 'matplotlib', 'fnmatch', '_hashlib', 'ctypes', '_ctypes', 'ctypes.struct', 'codecs', 'backports.functools_lru_cache', 'logging.sys', '_json', 'numpy.os', 'unittest.loader', 'struct', '_functools', '_locale', 'logging', 'socket', 'thread', 'StringIO', 'numpy.core.memmap', 'pickle', 'traceback', 'cython_runtime', 'numpy.lib.info', 'weakref', 'itertools', 'numpy.ctypes', 'opcode', 'numpy.linalg.lapack_lite', 'numpy.ma', 'distutils.sys', 'os', 'marshal', 'mimetools', '__future__', 'six.moves', '_collections', 'urllib', '_sre', 'unittest', 'numpy.random', '__builtin__', 'numpy._mklinit', 'numpy.lib.twodim_base', 'numpy.polynomial', 'unittest.runner', 'operator', 'array', 'numpy.core.arrayprint', 'distutils.string', 'numpy.compat.py3k', 'ctypes._ctypes', '_heapq', 'ctypes.sys', 'six.moves.urllib', 'unittest.collections', 'posixpath', 'numpy.lib.financial', 'numpy.fft.fftpack', 'errno', 'mkl_fft._numpy_fft', '_socket', 'binascii', 'json', 'sre_constants', 'matplotlib.cbook.functools', 'logging.codecs', 'numpy.core._methods', 'os.path', 'numpy.core.function_base', 'tokenize', 'numpy.lib.stride_tricks', 'matplotlib.json', 'numpy', '_warnings', 'numpy.polynomial.chebyshev', 'numpy.testing.nose_tools.utils', 'json.re', 'cPickle', 'encodings.__builtin__', 'numpy.polynomial.hermite_e', '_codecs', 'subprocess32', 'unittest.fnmatch', 'numpy.polynomial.polynomial', 'numpy.__config__', 'encodings.ascii', 'pwd', 'mkl_fft.numpy', 'numpy.ma.core', 'numpy.testing.utils', 'logging.atexit', 'matplotlib.cbook._backports', 'numpy.lib.ufunclike', 'copy', '_sysconfigdata', '_struct', 'numpy.core.fromnumeric', 'hashlib', 'numpy.ctypeslib', 'matplotlib._version', '_ast', 'keyword', 'numpy.lib.scimath', 'numpy.fft', 'zlib', 'numpy.lib.nanfunctions', 'numpy.random.numpy', 'unittest.weakref', 'logging.time', 'numpy.core.multiarray_tests', '_bisect', 'numpy.polynomial.hermite', 'posix', 'encodings.aliases', 'numpy.lib.function_base', 'exceptions', 'sre_parse', 'json._json', 'logging.warnings', 'numpy.random.warnings', 'distutils.distutils', 'unittest.signal', 'copy_reg', 'sre_compile', 'json.sys', 'logging.cStringIO', '_random', 'site', 'numpy.lib.polynomial', 'numpy.compat', 'numpy._import_tools', 'logging.collections', 'backports_abc', 'contextlib', 'numbers', 'io', '__main__', 'numpy.fft.info', 'numpy.core.records', 'shutil', 'numpy.sys', 'numpy.polynomial.polyutils', 'urlparse', 'dateutil._version', 'unittest.result', 'strop', 'grp', 'linecache', 'numpy.core.numeric', 'six', 'encodings.codecs', 'six.moves.urllib.request', '_abcoll', 'matplotlib.testing', 'numpy.core', 'matplotlib.rcsetup', 'genericpath', 'stat', '_ssl', 'numpy.lib._iotools', 'numpy.lib.index_tricks', 'warnings', 'numpy.lib.utils', 'numpy.core.defchararray', 'glob', 'numpy.lib.shape_base', 'urllib2', 'unittest.signals', 'sys', 'unittest.traceback', 'numpy.polynomial.laguerre', 'numpy.compat._inspect', 'numpy.core.einsumfunc', 'ctypes.ctypes', 'numpy.lib.format', 'numpy.lib.arrayterator', 'numpy.testing.nosetester', 'types', 'bz2', 'future_builtins', 'ssl', 'numpy.testing.nose_tools', 'numpy.lib.arraypad', '_weakref', 'numpy.testing.nose_tools.decorators', 'difflib', 'distutils.errors', '_io', '_weakrefset', 'json.decoder', 'unittest.warnings', 'time', 'gzip', 'numpy.linalg.linalg', 'unittest.os']
Using cuDNN version 7001 on context None
Mapped name None to device cuda0: GeForce GTX TITAN X (0000:05:00.0)
2018-08-04 19:27:58 DEBUG Theano version:1.0.2
2018-08-04 19:27:58 DEBUG 2.7.15 |Anaconda, Inc.| (default, May  1 2018, 23:32:55) 
[GCC 7.2.0]
2018-08-04 19:27:58 DEBUG method file prefix is scores/hyp_scores_task_, input seq file is subset_nobg.fa, input tsv is subset_nobg.tsv, start_task is 0 end_task is 1
2018-08-04 19:27:58 DEBUG lenth of sequences = 2142
2018-08-04 19:27:58 DEBUG merged overlaps based on in_tsv subset_nobg.tsv, 2142 seqs merged into 694 seqs, max len 792
2018-08-04 19:27:58 DEBUG shape of hyp_score (440, 4)
2018-08-04 19:27:58 DEBUG shape of score (440, 4)
On task task0
Computing windowed sums
Computing threshold
2018-08-04 19:27:59 DEBUG CACHEDIR=/home/ktian/.cache/matplotlib
2018-08-04 19:27:59 DEBUG Using fontManager instance from /home/ktian/.cache/matplotlib/fontList.json
2018-08-04 19:27:59 DEBUG backend agg version v2.2
2018-08-04 19:27:59 DEBUG findfont: Matching :family=sans-serif:style=normal:variant=normal:weight=normal:stretch=normal:size=10.0 to DejaVu Sans (u'/home/ktian/anaconda3/envs/tfenv/lib/python2.7/site-packages/matplotlib/mpl-data/fonts/ttf/DejaVuSans.ttf') with score of 0.050000
peak(mu)= -0.15210886684590108
Mu: -1.521089e-01 +/- 7.750663e-06
Lablace_b: 0.3991537299166 and 0.7370727812855308
Thresholds: -3.5998205081559735 and 4.273576914767545
#fdrs pass: 0 and 4664
CDFs: 0.999822679789467 and 0.9975321503746996
Est. FDRs: 1.0 and 0.09997912833407854
saving plot to figures/laplace_0.png
Got 444 coords
After resolving overlaps, got 444 seqlets
Across all tasks, the weakest laplace threshold used was: 0.9975321503746996
444 identified in total
1 activity patterns with support >= 100 out of 3 possible patterns
Metacluster sizes:  [443]
Idx to activities:  {0: '1'}
On metacluster 0
Metacluster size 443
Relevant tasks:  ('task0',)
Relevant signs:  (1,)
(Round 1) num seqlets: 443
(Round 1) Computing coarse affmat
Beginning embedding computation
Computing embeddings
Finished embedding computation in 0.43 s
Starting affinity matrix computations
Normalization computed in 0.12 s
Cosine similarity mat computed in 0.16 s
Normalization computed in 0.15 s
Cosine similarity mat computed in 0.18 s
Finished affinity matrix computations in 0.37 s
(Round 1) Compute nearest neighbors from coarse affmat
Computed nearest neighbors in 0.02 s
(Round 1) Computing affinity matrix on nearest neighbors
Launching nearest neighbors affmat calculation job
Job completed in: 6.03 s
Launching nearest neighbors affmat calculation job
Job completed in: 5.58 s
(Round 1) Computed affinity matrix on nearest neighbors in 12.28 s
Filtered down to 413 of 443
(Round 1) Retained 413 rows out of 443 after filtering
(Round 1) Computing density adapted affmat
[t-SNE] Computing 31 nearest neighbors...
[t-SNE] Indexed 413 samples in 0.000s...
[t-SNE] Computed neighbors for 413 samples in 0.003s...
[t-SNE] Computed conditional probabilities for sample 413 / 413
[t-SNE] Mean sigma: 0.239817
(Round 1) Computing clustering
Beginning preprocessing + Louvain
Wrote graph to binary file in 0.0272138118744 seconds
Running Louvain modularity optimization
[Parallel(n_jobs=20)]: Done  10 tasks      | elapsed:    0.2s
[Parallel(n_jobs=20)]: Done 200 out of 200 | elapsed:    1.0s finished
Louvain completed 200 runs in 1.7905819416 seconds
Wrote graph to binary file in 0.0876679420471 seconds
Running Louvain modularity optimization
After 1 runs, maximum modularity is Q = 0.64047
After 38 runs, maximum modularity is Q = 0.641257
Louvain completed 88 runs in 3.59912610054 seconds
Preproc + Louvain took 5.53749895096 s
Got 5 clusters after round 1
Counts:
{0: 116, 1: 110, 2: 82, 3: 62, 4: 43}
(Round 1) Aggregating seqlets in each cluster
Aggregating for cluster 0 with 116 seqlets
Trimmed 3 out of 116
Aggregating for cluster 1 with 110 seqlets
Trimmed 5 out of 110
Aggregating for cluster 2 with 82 seqlets
Trimmed 4 out of 82
Aggregating for cluster 3 with 62 seqlets
Trimmed 9 out of 62
Aggregating for cluster 4 with 43 seqlets
Trimmed 4 out of 43
Got 5 clusters
Splitting into subclusters...
Inspecting for spurious merging
Wrote graph to binary file in 0.0100181102753 seconds
Running Louvain modularity optimization
After 1 runs, maximum modularity is Q = 0.00343662
After 2 runs, maximum modularity is Q = 0.00416345
Louvain completed 22 runs in 0.880387067795 seconds
Similarity is 0.8905001112895409; is_dissimilar is False
Inspecting for spurious merging
Wrote graph to binary file in 0.00820207595825 seconds
Running Louvain modularity optimization
After 1 runs, maximum modularity is Q = 0.00322589
After 2 runs, maximum modularity is Q = 0.00323798
After 7 runs, maximum modularity is Q = 0.00342101
Louvain completed 27 runs in 1.14467787743 seconds
Similarity is 0.8980057999753288; is_dissimilar is False
Inspecting for spurious merging
Wrote graph to binary file in 0.00717616081238 seconds
Running Louvain modularity optimization
After 1 runs, maximum modularity is Q = 0.00579274
Louvain completed 21 runs in 0.823076963425 seconds
Similarity is 0.8739872460627001; is_dissimilar is False
Inspecting for spurious merging
Wrote graph to binary file in 0.00529980659485 seconds
Running Louvain modularity optimization
After 1 runs, maximum modularity is Q = 0.00429915
After 2 runs, maximum modularity is Q = 0.00603323
After 4 runs, maximum modularity is Q = 0.00606161
After 6 runs, maximum modularity is Q = 0.00617939
After 10 runs, maximum modularity is Q = 0.00619136
Louvain completed 30 runs in 1.20178604126 seconds
Similarity is 0.587907015711931; is_dissimilar is True
Inspecting for spurious merging
Wrote graph to binary file in 0.00222110748291 seconds
Running Louvain modularity optimization
After 1 runs, maximum modularity is Q = 0.00318786
After 2 runs, maximum modularity is Q = 0.00383841
Louvain completed 22 runs in 0.712657928467 seconds
Similarity is 0.7563507141045287; is_dissimilar is True
Got 3 subclusters
Inspecting for spurious merging
Wrote graph to binary file in 0.00184106826782 seconds
Running Louvain modularity optimization
After 1 runs, maximum modularity is Q = 0.0047294
After 2 runs, maximum modularity is Q = 0.00525627
Louvain completed 22 runs in 0.631895065308 seconds
Similarity is 0.7901128059362945; is_dissimilar is True
Got 2 subclusters
Merging on 8 clusters
On merging iteration 1
Computing pattern to seqlet distances
Computing pattern to pattern distances
Got 8 patterns after merging
Performing seqlet reassignment
Cross contin jaccard time taken: 0.51 s
Cross contin jaccard time taken: 0.53 s
Discarded 16 seqlets
Got 3 patterns after reassignment
Total time taken is 30.39s
2018-08-04 19:28:32 DEBUG **************** workflow done *********************
2018-08-04 19:28:32 DEBUG **************** result saved *********************
